Build started 6/1/2011 1:06:56 PM.
     1>Project "C:\Work\zimbra\main\ZimbraMigrationTools\src\c\Exchange\MapiExchange\MapiExchange\MapiExchange.vcxproj" on node 2 (build target(s)).
     1>InitializeBuildStatus:
         Touching "Debug\MapiExchange.unsuccessfulbuild".
       Midl:
         All outputs are up-to-date.
       ClCompile:
         All outputs are up-to-date.
         All outputs are up-to-date.
         All outputs are up-to-date.
         All outputs are up-to-date.
       ResourceCompile:
         All outputs are up-to-date.
       ManifestResourceCompile:
         All outputs are up-to-date.
       Link:
         C:\Program Files (x86)\Microsoft Visual Studio 10.0\VC\bin\link.exe /ERRORREPORT:PROMPT /OUT:"C:\Work\zimbra\main\ZimbraMigrationTools\src\c\Exchange\MapiExchange\Debug\MapiExchange.dll" /INCREMENTAL /NOLOGO kernel32.lib user32.lib gdi32.lib winspool.lib comdlg32.lib advapi32.lib shell32.lib ole32.lib oleaut32.lib uuid.lib odbc32.lib odbccp32.lib /DEF:".\MapiExchange.def" /MANIFEST /ManifestFile:"Debug\MapiExchange.dll.intermediate.manifest" /MANIFESTUAC:"level='asInvoker' uiAccess='false'" /DEBUG /PDB:"C:\Work\zimbra\main\ZimbraMigrationTools\src\c\Exchange\MapiExchange\Debug\MapiExchange.pdb" /SUBSYSTEM:WINDOWS /TLBID:1 /DYNAMICBASE /NXCOMPAT /MACHINE:X86 /DLL Debug\MapiExchange.res
         Debug\MapiExchange.dll.embed.manifest.res
         Debug\dllmain.obj
         Debug\ExchangeMigObject.obj
         Debug\MapiExchange.obj
         Debug\MapiExchange_i.obj
         Debug\MapiMigration.obj
         Debug\stdafx.obj /FORCE:Multiple 
     1>LINK : warning LNK4075: ignoring '/INCREMENTAL' due to '/FORCE' specification
     1>MapiMigration.obj : warning LNK4006: "public: void __thiscall CMigration::DisplayMessageBox(class ATL::CComBSTR)" (?DisplayMessageBox@CMigration@@QAEXVCComBSTR@ATL@@@Z) already defined in ExchangeMigObject.obj; second definition ignored
     1>MapiMigration.obj : warning LNK4006: "public: virtual void __thiscall CMigration::SetConfigXMLFile(class ATL::CComBSTR)" (?SetConfigXMLFile@CMigration@@UAEXVCComBSTR@ATL@@@Z) already defined in ExchangeMigObject.obj; second definition ignored
     1>MapiMigration.obj : warning LNK4006: "public: virtual void __thiscall CMigration::SetUserMapFile(class ATL::CComBSTR)" (?SetUserMapFile@CMigration@@UAEXVCComBSTR@ATL@@@Z) already defined in ExchangeMigObject.obj; second definition ignored
            Creating library C:\Work\zimbra\main\ZimbraMigrationTools\src\c\Exchange\MapiExchange\Debug\MapiExchange.lib and object C:\Work\zimbra\main\ZimbraMigrationTools\src\c\Exchange\MapiExchange\Debug\MapiExchange.exp
     1>C:\Work\zimbra\main\ZimbraMigrationTools\src\c\Exchange\MapiExchange\Debug\MapiExchange.dll : warning LNK4088: image being generated due to /FORCE option; image may not run
       Manifest:
         C:\Program Files (x86)\Microsoft SDKs\Windows\v7.0A\bin\mt.exe /nologo /verbose /out:"Debug\MapiExchange.dll.embed.manifest" /manifest Debug\MapiExchange.dll.intermediate.manifest
         C:\Program Files (x86)\Microsoft SDKs\Windows\v7.0A\bin\rc.exe /nologo /fo"Debug\MapiExchange.dll.embed.manifest.res" Debug\MapiExchange_manifest.rc 
       LinkEmbedManifest:
         C:\Program Files (x86)\Microsoft Visual Studio 10.0\VC\bin\link.exe /ERRORREPORT:PROMPT /OUT:"C:\Work\zimbra\main\ZimbraMigrationTools\src\c\Exchange\MapiExchange\Debug\MapiExchange.dll" /INCREMENTAL /NOLOGO kernel32.lib user32.lib gdi32.lib winspool.lib comdlg32.lib advapi32.lib shell32.lib ole32.lib oleaut32.lib uuid.lib odbc32.lib odbccp32.lib /DEF:".\MapiExchange.def" /MANIFEST /ManifestFile:"Debug\MapiExchange.dll.intermediate.manifest" /MANIFESTUAC:"level='asInvoker' uiAccess='false'" /DEBUG /PDB:"C:\Work\zimbra\main\ZimbraMigrationTools\src\c\Exchange\MapiExchange\Debug\MapiExchange.pdb" /SUBSYSTEM:WINDOWS /TLBID:1 /DYNAMICBASE /NXCOMPAT /MACHINE:X86 /DLL Debug\MapiExchange.res
         Debug\MapiExchange.dll.embed.manifest.res
         Debug\dllmain.obj
         Debug\ExchangeMigObject.obj
         Debug\MapiExchange.obj
         Debug\MapiExchange_i.obj
         Debug\MapiMigration.obj
         Debug\stdafx.obj /FORCE:Multiple 
     1>LINK : warning LNK4075: ignoring '/INCREMENTAL' due to '/FORCE' specification
     1>MapiMigration.obj : warning LNK4006: "public: void __thiscall CMigration::DisplayMessageBox(class ATL::CComBSTR)" (?DisplayMessageBox@CMigration@@QAEXVCComBSTR@ATL@@@Z) already defined in ExchangeMigObject.obj; second definition ignored
     1>MapiMigration.obj : warning LNK4006: "public: virtual void __thiscall CMigration::SetConfigXMLFile(class ATL::CComBSTR)" (?SetConfigXMLFile@CMigration@@UAEXVCComBSTR@ATL@@@Z) already defined in ExchangeMigObject.obj; second definition ignored
     1>MapiMigration.obj : warning LNK4006: "public: virtual void __thiscall CMigration::SetUserMapFile(class ATL::CComBSTR)" (?SetUserMapFile@CMigration@@UAEXVCComBSTR@ATL@@@Z) already defined in ExchangeMigObject.obj; second definition ignored
            Creating library C:\Work\zimbra\main\ZimbraMigrationTools\src\c\Exchange\MapiExchange\Debug\MapiExchange.lib and object C:\Work\zimbra\main\ZimbraMigrationTools\src\c\Exchange\MapiExchange\Debug\MapiExchange.exp
     1>C:\Work\zimbra\main\ZimbraMigrationTools\src\c\Exchange\MapiExchange\Debug\MapiExchange.dll : warning LNK4088: image being generated due to /FORCE option; image may not run
         MapiExchange.vcxproj -> C:\Work\zimbra\main\ZimbraMigrationTools\src\c\Exchange\MapiExchange\Debug\MapiExchange.dll
       RegisterOutput:
         regsvr32 /s "C:\Work\zimbra\main\ZimbraMigrationTools\src\c\Exchange\MapiExchange\Debug\MapiExchange.dll"
       FinalizeBuildStatus:
         Deleting file "Debug\MapiExchange.unsuccessfulbuild".
         Touching "Debug\MapiExchange.lastbuildstate".
     1>Done Building Project "C:\Work\zimbra\main\ZimbraMigrationTools\src\c\Exchange\MapiExchange\MapiExchange\MapiExchange.vcxproj" (build target(s)).

Build succeeded.

Time Elapsed 00:00:02.56
