|SourceProjectName:Zimbra Mail Help.hpr
|DestinationProjectName:Zimbra_User_Help.htm
whhost.js
whmsg.js
whmozemu.js
whproxy.js
whstub.js
whutils.js
whver.js
whform.js
whphost.js
whstart.js
whtopic.js
whframes.js
whlang.js
whskin_info.htm
whskin_blank.htm
whskin_pickup.htm
whskin_homepage.htm
whskin_tw.htm
whnjs.htm
whthost.js
whtdhtml.htm
whihost.js
whibody.htm
whiform.htm
whfhost.js
whfbody.htm
whfform.htm
whghost.js
whgbody.htm
whgdhtml.htm
whgdef.htm
whproj.js
whproj.xml
whproj.htm
whxdata\whtoc.xml
whxdata\whidx.xml
whxdata\whglo.xml
whdata\whtoc.js
whdata\whtoc.htm
whdata\whtdata.js
whdata\whidx.js
whdata\whidx.htm
whdata\whidata.js
whdata\whglo.js
whdata\whglo.htm
whdata\whgdata.js
resource\resource.xml
whbrs.xml
whres.xml
whgdata\whnvp30.htm
whgdata\whnvp31.htm
whgdata\whnvp32.htm
whgdata\whnvp33.htm
whgdata\whnvt30.htm
whgdata\whnvt31.htm
whgdata\whnvt32.htm
whgdata\whnvt33.htm
whgdata\whnvf30.htm
whgdata\whnvf31.htm
whgdata\whnvf32.htm
whgdata\whnvf33.htm
whgdata\whnvl31.htm
whgdata\whnvl32.htm
whgdata\whnvl33.htm
whgdata\whexpbar.gif
cshdat_webhelp.htm
whcsh_home.htm
whcshdata.htm
cshdat_robohelp.htm
wht_tab0.gif
wht_tab1.gif
wht_tab2.gif
wht_tab3.gif
wht_tab4.gif
wht_tab5.gif
wht_tab6.gif
wht_tab7.gif
wht_tab8.gif
wht_glo_h.gif
wht_glo_n.gif
wht_fts_h.gif
wht_fts_n.gif
wht_idx_h.gif
wht_idx_n.gif
wht_toc_h.gif
wht_toc_n.gif
wht_ws.gif
wht_ws_g.gif
wht_logo1.gif
wht_logo2.gif
wht_abgw.jpg
wht_abgi.jpg
wht_abge.jpg
wht_abtw.jpg
wht_abte.jpg
wht_abti.jpg
wht_spac.gif
wht_next.gif
wht_next_g.gif
wht_prev.gif
wht_prev_g.gif
wht_sync.gif
wht_hide.gif
wht_go.gif
whstart.ico
whestart.ico
whrstart.ico
whidhtml.htm
whfdhtml.htm
whskin_banner.htm
whtbar.js
chr_back.gif
chr_con_on.gif
chr_con_out.gif
chr_ind_on.gif
chr_ind_out.gif
chr_sea_on.gif
chr_sea_out.gif
chr_glo_on.gif
chr_glo_out.gif
chr_search.gif
zimbra_icon_small.gif
zimbra_bug_50x30.GIF
zimbra_watermark_small.GIF
chr_webpage.gif
chr_book_clo.gif
chr_book_op.gif
chr_page.gif
whskin_pdhtml.htm
whskin_plist.htm
whskin_tbars.htm
whskin_mbars.htm
whskin_frmset010.htm
whst_topics.xml
whskin_frmset01.htm
Zimbra_User_Help_hha.hhk
Zimbra_User_Help.hhc
Zimbra_User_Help.hhk
Briefcase\Creating_Slide_Presentations_in_Briefcase.htm
Briefcase\Creating_Spreadsheets_in_Briefcase.htm
Briefcase\Send_Files_from_your_Briefcase.htm
Briefcase\Sharing_your_Briefcase.htm
Briefcase\Working_in_Briefcase.htm
Briefcase\Working_with_files_in_Briefcase.htm
Calendar\About_Appointments,_Meetings_and_Events.htm
Calendar\About_Calendar.htm
Calendar\About_the_Appointment_Page.htm
Calendar\Accepting_Access_to_Shared_Calendar.htm
Calendar\Adding_background_color_to_calendars.htm
Calendar\Admin_rights_for_shared_Calendars.htm
Calendar\Best_View_to_See_All_Your_Shared_Calendars.htm
Calendar\Calendar_List_View.htm
Calendar\Calendar_Views.htm
Calendar\Changing_a_meeting_.htm
Calendar\Create_Calendars.htm
Calendar\Creating_recurring_appointments.htm
Calendar\Declining_a_Calendar_Share_Request.htm
Calendar\Delegating_Calendar_Access.htm
Calendar\Deleting_an_appointment.htm
Calendar\Deleting_Calendars.htm
Calendar\Deleting_recurring_appointments.htm
Calendar\editing_meetings_on_your_calendar.htm
Calendar\Exporting_your_iCal_calendar.htm
Calendar\Identifying_who_can_invite_you_to_meetings.htm
Calendar\Importing_your_iCal_calendar.htm
Calendar\Manager_rights_for_shared_Calendars.htm
Calendar\Marking_an_appointment_as_private.htm
Calendar\Printing_a_calendar.htm
Calendar\Receiving_a_permission_denied_message.htm
Calendar\Responding_to_an_invitation.htm
Calendar\Scheduling_All_Day_events.htm
Calendar\Scheduling_meetings.htm
Calendar\Scheduling_Resources.htm
Calendar\Seeing_free_busy_times.htm
Calendar\Setting_permissions_to_see_your_free_busy_information.htm
Calendar\Turning_a_message_into_a_meeting_request.htm
Calendar\Using_QuickAdd_to_Create_an_Appointment.htm
Calendar\Using_the_Schedule_tab_when_creating_a_appointment.htm
Calendar\Viewing_Calendar_Week_Numbers.htm
Contacts\contacts.htm
Contacts\creating_a_new_contact.htm
Contacts\Creating_Group_Contact_Lists.htm
Contacts\deleting_a_contact.htm
Contacts\editing_a_contact.htm
Contacts\Exporting_Address_Books.htm
Contacts\gal_vs_contacts.htm
Contacts\importing_a_contact_from_the_company_directory.htm
Contacts\Importing_Contacts.htm
Contacts\Printing_Contacts.htm
Contacts\Sharing_your_Address_Book.htm
Contacts\using_the_corporate_address_book.htm
conversations\conversation_list_view.htm
conversations\conversations_can_span_folders.htm
conversations\printing_a_conversation.htm
Creating_Messages\attaching_files_to_a_mail_message.htm
Creating_Messages\Attachment_File_Types_Supported.htm
Creating_Messages\Composing_a_new_mail_message.htm
Creating_Messages\Creating_a_new_mail_message.htm
Creating_Messages\forwarding_a_mail_message.htm
Creating_Messages\parts_of_an_email_message.htm
Creating_Messages\Requesting_a_Return_Receipt.htm
Creating_Messages\saving_a_draft_message.htm
Creating_Messages\undeliverable_mail.htm
Creating_Messages\Using_address_lookup.htm
Creating_Messages\using_cc__and_bcc__addresses.htm
Creating_Messages\Using_HTML_Editor.htm
Creating_Messages\Using_Spell_Check.htm
Delegated_mailboxes\Accepting_access_to_the_shared_mailbox_folder.htm
Delegated_mailboxes\How_sharing_your_mailbox_works.htm
Delegated_mailboxes\Revoking_a_access_to_a_shared_folder.htm
Delegated_mailboxes\Sharing_your_mailbox.htm
Delegated_mailboxes\Working_within_a_shared_mail_folder.htm
Documents\Accepting_Access_to_a_Documents_Notebook.htm
Documents\Adding_a_table_to_a_Wiki_Notebook_Page.htm
Documents\Cancelling_access_to_your_Documents_wiki_folder.htm
Documents\Create_a_new_page.htm
Documents\Create_multiple_notebooks.htm
Documents\Linking_to_a_shared_wiki_folder.htm
Documents\Sharing_Notebooks.htm
Documents\Using_HTML_for_format_pages.htm
Documents\Using_the_rich_text_editor.htm
Documents\Working_in_Notebooks.htm
filters\filter_conditions_and_actions_supported.htm
filters\Filtering_Junk_Mail.htm
filters\filtering_your_messages.htm
filters\how_filtering_works.htm
filters\Managing_your_Junk_Folder.htm
filters\wildcards.htm
Getting_Started\about_liquid_mail.htm
Getting_Started\user_interface_features_and_shortcuts.htm
instant_messaging\Accessing_Instant_Messaging.htm
instant_messaging\Changing_status_and_availability.htm
instant_messaging\IM_Chat_Options_to_customize_your_chat_experience.htm
instant_messaging\Instant_Messaging_Basics.htm
instant_messaging\Log_into_other_IM_clients.htm
instant_messaging\Setting_IM_preferences.htm
instant_messaging\Starting_an_IM_chat.htm
managing_your_account\Backing_up_the_Content_of_Your_Account.htm
Miscellaneous_one_off_topics\Zimbra_Assistant.htm
Navigation_folders_and_tips\about_folders.htm
Navigation_folders_and_tips\applying_actions_to_multiple_selections.htm
Navigation_folders_and_tips\b_Subscribe_to_RSS_Atom_feeds.htm
Navigation_folders_and_tips\browser_use_with_liquid_mail.htm
Navigation_folders_and_tips\categorizing_your_mail_messages.htm
Navigation_folders_and_tips\Changing_my_default_client_type_for_log_in.htm
Navigation_folders_and_tips\creating_custom_folders.htm
Navigation_folders_and_tips\Customize_your_view.htm
Navigation_folders_and_tips\Customizing_your_initial_email_page.htm
Navigation_folders_and_tips\deleting_folders.htm
Navigation_folders_and_tips\Folders_area.htm
Navigation_folders_and_tips\inbox_folder.htm
Navigation_folders_and_tips\Keyboard_Shortcut_Keys.htm
Navigation_folders_and_tips\moving_mail_messages_between_folders.htm
Navigation_folders_and_tips\navigating_through_the_user_interface.htm
Navigation_folders_and_tips\renaming_folders.htm
Navigation_folders_and_tips\right-click_menus.htm
Navigation_folders_and_tips\trash_folder.htm
New_in_6.0.htm
reading_mail\archiving_old_messages.htm
reading_mail\displaying_html_in_email_messages.htm
reading_mail\how_to_tell_when_you_ve_got_new_mail.htm
reading_mail\marking_mail_as_unread.htm
reading_mail\opening_file_attachments.htm
reading_mail\printing_a_mail_message.htm
reading_mail\reading_mail.htm
reading_mail\Reading_Mail_from_the_Reading_Pane.htm
reading_mail\recovering_deleted_mail_messages.htm
reading_mail\replying_to_mail_messages.htm
Search\_search__vs.__search_for_.htm
Search\and_vs_or_searches.htm
Search\building_search_queries.htm
Search\contains_vs_matches.htm
Search\query_language_description.htm
Search\Quick_search.htm
Search\saving_search_queries.htm
Search\search_examples.htm
Search\Searching_for_Recipients_.htm
Search\using_the_search_feature.htm
Search\Using_Wildcard_in_Search.htm
Sharing\Managing_items_you_share.htm
Sharing\Sharing_a_folder.htm
Tags_and_flags\Assigning_tags_to_messages.htm
Tags_and_flags\deleting_tags.htm
Tags_and_flags\Flagging_an_email_message.htm
Tags_and_flags\Using_tags_to_classify_mail_messages.htm
Tasks\About_Tasks.htm
Tasks\Add_a_task.htm
Tasks\Change_a_task.htm
Tasks\Create_tasks_folders.htm
Tasks\Delete_a_task.htm
Tasks\Moving_tasks.htm
Tasks\Responding_when_a_task_folder_is_assigned_to_you.htm
Tasks\Share_your_Task_folder.htm
Tasks\Sorting_tasks_.htm
Userspecific\Adding_POP_accounts.htm
Userspecific\browser_session_handling.htm
Userspecific\Changing_your_default_timezone.htm
Userspecific\Changing_Your_User_Options.htm
Userspecific\chaning_your_password.htm
Userspecific\Creating_Personas.htm
Userspecific\Exporting_Items_from_your_account.htm
Userspecific\How_to_wipe_your_mobile_device.htm
Userspecific\if_you_forget_your_password.htm
Userspecific\if_your_session_expires.htm
Userspecific\Importing_and_Exporting_Items_.htm
Userspecific\logging_on_and_off.htm
Userspecific\Mail_Identities.htm
Userspecific\Managing_your_mobile_devices.htm
Userspecific\Managing_your_POP_Accounts.htm
Userspecific\New_mail_notifications.htm
Userspecific\Sending_your_free_busy_status_to_others.htm
Userspecific\Setting_a_Forwarding_Address.htm
Userspecific\Setting_up_desktop_alerts.htm
Userspecific\Setting_your_address_book_preferences.htm
Userspecific\Setting_your_Calendar_preferences.htm
Userspecific\Setting_your_general_preferences.htm
Userspecific\Setting_your_mail_preferences.htm
Userspecific\Setting_your_preferences_for_the_email_compose_window.htm
Userspecific\Setting_your_user_preferences.htm
Userspecific\using_a_signature.htm
Userspecific\vacation_message.htm
version.htm
Zimlets\About_Zimlets.htm
Zimlets\Managing_your_Zimlets.htm
RoboHHRE.lng
Zimbra_User_Help.glo
default.css
zimbra_bug_50x30_nc.GIF
fish-eye_view.png
contacts2.png
searchbutton75.png
tables.png
dndview.png
View_icon.png
rss.png
Tasks_content_pane.png
para_styles.png
draganddrop.png
cal_manatory_optionalpulldn.png
viewlist.png
calschedule75.png
newfolder.png
groupcontasticon.png
move.png
briefcase_uploadbutton.png
createnewnb.png
message_count.png
image19.jpg
cal_optionalicon.png
yahooimage.png
overviewpane.png
tootlips.png
runfilter.jpg
print.gif
notification.jpg
CCase.png
newwitharrow.gif
searchbar.gif
cancelseries.jpg
preferences_folders.jpg
link.png
sharednotebook.png
movable_sash.png
image.png
trash.png
69_view.png
onlineicon.png
tag.png
tradtional_view.png
click_to_share.png
basic_search.gif
attachment.gif
tag-list.gif
AB_plussign.png
privatelock.png
3paneview.jpg
composetab.jpg
free_busy.png
sharingnotebook.png
newpage.png
conversation_view80.png
shareproperties.png
table.png
newandarrow.gif
briefcase_new.png
searchsavebutton.gif
plusbutton.gif
forward.gif
AB_dropdownarrow.png
printfont.jpg
calenarlistview.jpg
spell.png
paperclip.png
CalendarWeek.png
mailnotificationtab.png
add_attachment_75.png
logoffbutton.png
tag-purple.gif
contacts_add_right-click.png
spreadsheet_icon.png
zimbra_logo_big.gif
addbuddy.png
briefcase_add_attachment.png
right-clickmenus80.png
calendarmultimgtview.gif
ehlpdhtm.js
Zimbra_User_Help.ppf
whxdata\package_0.xml
whxdata\package_1.xml
whxdata\package_2.xml
whxdata\package_3.xml
whxdata\package_4.xml
whxdata\package_5.xml
whxdata\package_6.xml
whxdata\package_7.xml
whxdata\package_8.xml
whxdata\package_9.xml
whxdata\package_10.xml
whxdata\package_11.xml
whxdata\package_12.xml
whxdata\package_13.xml
whxdata\package_14.xml
whxdata\package_15.xml
whxdata\package_16.xml
whxdata\package_17.xml
whxdata\package_18.xml
whxdata\package_19.xml
whxdata\package_20.xml
whxdata\package_21.xml
whxdata\package_22.xml
whxdata\package_23.xml
whxdata\package_24.xml
whxdata\package_25.xml
whxdata\package_26.xml
whxdata\package_27.xml
whxdata\package_28.xml
whxdata\package_29.xml
whxdata\package_30.xml
whxdata\packageindex.xml
whxdata\synonym.xml
whxdata\topictable_0.xml
whxdata\topictable_1.xml
whxdata\topictable_2.xml
whxdata\topictable_3.xml
whxdata\topictableindex.xml
whxdata\whfts.xml
whxdata\whtdata0.xml
whxdata\whtdata1.xml
whxdata\whtdata2.xml
whxdata\whtdata3.xml
whxdata\whtdata4.xml
whxdata\whtdata5.xml
whxdata\whtdata6.xml
whxdata\whtdata7.xml
whxdata\whtdata8.xml
whxdata\whidata0.xml
whxdata\whidata1.xml
whxdata\whidata2.xml
whxdata\whidata3.xml
whdata\whtdata0.htm
whdata\whtdata1.htm
whdata\whtdata2.htm
whdata\whtdata3.htm
whdata\whtdata4.htm
whdata\whtdata5.htm
whdata\whtdata6.htm
whdata\whtdata7.htm
whdata\whtdata8.htm
whdata\whidata0.htm
whdata\whidata1.htm
whdata\whidata2.htm
whdata\whidata3.htm
whgdata\whlstt0.htm
whgdata\whlstt1.htm
whgdata\whlstt2.htm
whgdata\whlstt3.htm
whgdata\whlstt4.htm
whgdata\whlstt5.htm
whgdata\whlstt6.htm
whgdata\whlstt7.htm
whgdata\whlstt8.htm
whgdata\whlstt9.htm
whgdata\whlstt10.htm
whgdata\whlstt11.htm
whgdata\whlstt12.htm
whgdata\whlstt13.htm
whgdata\whlstt14.htm
whgdata\whlstt15.htm
whgdata\whlstt16.htm
whgdata\whlstt17.htm
whgdata\whlstt18.htm
whgdata\whlstt19.htm
whgdata\whlstt20.htm
whgdata\whlstt21.htm
whgdata\whlstt22.htm
whgdata\whlstt23.htm
whgdata\whlstt24.htm
whgdata\whlstt25.htm
whgdata\whlstt26.htm
whgdata\whlstt27.htm
whgdata\whlstt28.htm
whgdata\whlsti0.htm
whgdata\whlsti1.htm
whgdata\whlstfl0.htm
whgdata\whlstfl1.htm
whgdata\whlstfl2.htm
whgdata\whlstfl3.htm
whgdata\whlstfl4.htm
whgdata\whlstfl5.htm
whgdata\whlstfl6.htm
whgdata\whlstfl7.htm
whgdata\whlstfl8.htm
whgdata\whlstfl9.htm
whgdata\whlstfl10.htm
whgdata\whlstfl11.htm
whgdata\whlstfl12.htm
whgdata\whlstfl13.htm
whgdata\whlstfl14.htm
whgdata\whlstfl15.htm
whgdata\whlstfl16.htm
whgdata\whlstfl17.htm
whgdata\whlstfl18.htm
whgdata\whlstfl19.htm
whgdata\whlstfl20.htm
whgdata\whlstfl21.htm
whgdata\whlstfl22.htm
whgdata\whlstfl23.htm
whgdata\whlstfl24.htm
whgdata\whlstfl25.htm
whgdata\whlstf0.htm
whgdata\whlstf1.htm
whgdata\whlstf2.htm
whgdata\whlstf3.htm
whgdata\whlstf4.htm
whgdata\whlstf5.htm
whgdata\whlstf6.htm
whgdata\whlstf7.htm
whgdata\whlstf8.htm
whgdata\whlstf9.htm
whgdata\whlstf10.htm
whgdata\whlstf11.htm
whgdata\whlstf12.htm
whgdata\whlstf13.htm
whgdata\whlstf14.htm
whgdata\whlstf15.htm
whgdata\whlstf16.htm
whgdata\whlstf17.htm
whgdata\whlstf18.htm
whgdata\whlstf19.htm
whgdata\whlstf20.htm
whgdata\whlstf21.htm
whgdata\whlstf22.htm
whgdata\whlstf23.htm
whgdata\whlstf24.htm
whgdata\whlstf25.htm
whgdata\whlstf26.htm
whgdata\whlstf27.htm
whgdata\whlstf28.htm
whgdata\whlstf29.htm
whgdata\whlstf30.htm
whgdata\whlstf31.htm
whgdata\whlstf32.htm
whgdata\whlstf33.htm
whgdata\whlstg0.htm
Zimbra_User_Help.htm
Zimbra_User_Help_csh.htm
Zimbra_User_Help_rhc.htm
