This file contains any messages produced by compilers while
running configure, to aid debugging if configure makes a mistake.

It was created by configure, which was
generated by GNU Autoconf 2.59.  Invocation command line was

  $ ./configure --prefix=/usr CFLAGS=-g -Wall --no-create --no-recursion

## --------- ##
## Platform. ##
## --------- ##

hostname = dapper
uname -m = i686
uname -r = 2.6.15-26-386
uname -s = Linux
uname -v = #1 PREEMPT Mon Jul 17 19:52:53 UTC 2006

/usr/bin/uname -p = unknown
/bin/uname -X     = unknown

/bin/arch              = i686
/usr/bin/arch -k       = unknown
/usr/convex/getsysinfo = unknown
hostinfo               = unknown
/bin/machine           = unknown
/usr/bin/oslevel       = unknown
/bin/universe          = unknown

PATH: /usr/local/sbin
PATH: /usr/local/bin
PATH: /usr/sbin
PATH: /usr/bin
PATH: /sbin
PATH: /bin
PATH: /usr/bin/X11
PATH: /usr/games


## ----------- ##
## Core tests. ##
## ----------- ##

configure:1669: checking for a BSD-compatible install
configure:1724: result: /usr/bin/install -c
configure:1735: checking whether build environment is sane
configure:1778: result: yes
configure:1793: checking whether make sets $(MAKE)
configure:1813: result: yes
configure:1845: checking for working aclocal-1.4
configure:1852: result: found
configure:1860: checking for working autoconf
configure:1867: result: found
configure:1875: checking for working automake-1.4
configure:1882: result: found
configure:1890: checking for working autoheader
configure:1897: result: found
configure:1905: checking for working makeinfo
configure:1916: result: missing
configure:1968: checking for gcc
configure:1984: found /usr/bin/gcc
configure:1994: result: gcc
configure:2238: checking for C compiler version
configure:2241: gcc --version </dev/null >&5
gcc (GCC) 4.0.3 (Ubuntu 4.0.3-1ubuntu5)
Copyright (C) 2006 Free Software Foundation, Inc.
This is free software; see the source for copying conditions.  There is NO
warranty; not even for MERCHANTABILITY or FITNESS FOR A PARTICULAR PURPOSE.

configure:2244: $? = 0
configure:2246: gcc -v </dev/null >&5
Using built-in specs.
Target: i486-linux-gnu
Configured with: ../src/configure -v --enable-languages=c,c++,java,f95,objc,ada,treelang --prefix=/usr --enable-shared --with-system-zlib --libexecdir=/usr/lib --without-included-gettext --enable-threads=posix --enable-nls --program-suffix=-4.0 --enable-__cxa_atexit --enable-clocale=gnu --enable-libstdcxx-debug --enable-java-awt=gtk-default --enable-gtk-cairo --with-java-home=/usr/lib/jvm/java-1.4.2-gcj-4.0-1.4.2.0/jre --enable-mpfr --disable-werror --with-tune=pentium4 --enable-checking=release i486-linux-gnu
Thread model: posix
gcc version 4.0.3 (Ubuntu 4.0.3-1ubuntu5)
configure:2249: $? = 0
configure:2251: gcc -V </dev/null >&5
gcc: '-V' option must have argument
configure:2254: $? = 1
configure:2277: checking for C compiler default output file name
configure:2280: gcc -g -Wall   conftest.c  >&5
configure:2283: $? = 0
configure:2329: result: a.out
configure:2334: checking whether the C compiler works
configure:2340: ./a.out
configure:2343: $? = 0
configure:2360: result: yes
configure:2367: checking whether we are cross compiling
configure:2369: result: no
configure:2372: checking for suffix of executables
configure:2374: gcc -o conftest -g -Wall   conftest.c  >&5
configure:2377: $? = 0
configure:2402: result: 
configure:2408: checking for suffix of object files
configure:2429: gcc -c -g -Wall  conftest.c >&5
configure:2432: $? = 0
configure:2454: result: o
configure:2458: checking whether we are using the GNU C compiler
configure:2482: gcc -c -g -Wall  conftest.c >&5
configure:2488: $? = 0
configure:2491: test -z 			 || test ! -s conftest.err
configure:2494: $? = 0
configure:2497: test -s conftest.o
configure:2500: $? = 0
configure:2513: result: yes
configure:2519: checking whether gcc accepts -g
configure:2540: gcc -c -g  conftest.c >&5
configure:2546: $? = 0
configure:2549: test -z 			 || test ! -s conftest.err
configure:2552: $? = 0
configure:2555: test -s conftest.o
configure:2558: $? = 0
configure:2569: result: yes
configure:2586: checking for gcc option to accept ANSI C
configure:2656: gcc  -c -g -Wall  conftest.c >&5
configure:2662: $? = 0
configure:2665: test -z 			 || test ! -s conftest.err
configure:2668: $? = 0
configure:2671: test -s conftest.o
configure:2674: $? = 0
configure:2692: result: none needed
configure:2710: gcc -c -g -Wall  conftest.c >&5
conftest.c:2: error: syntax error before 'me'
configure:2716: $? = 1
configure: failed program was:
| #ifndef __cplusplus
|   choke me
| #endif
configure:2848: checking for strerror in -lcposix
configure:2878: gcc -o conftest -g -Wall   conftest.c -lcposix   >&5
/usr/bin/ld: cannot find -lcposix
collect2: ld returned 1 exit status
configure:2884: $? = 1
configure: failed program was:
| /* confdefs.h.  */
| 
| #define PACKAGE_NAME ""
| #define PACKAGE_TARNAME ""
| #define PACKAGE_VERSION ""
| #define PACKAGE_STRING ""
| #define PACKAGE_BUGREPORT ""
| #define PACKAGE "evolution-zimbra"
| #define VERSION "0.1.0"
| /* end confdefs.h.  */
| 
| /* Override any gcc2 internal prototype to avoid an error.  */
| #ifdef __cplusplus
| extern "C"
| #endif
| /* We use char because int might match the return type of a gcc2
|    builtin and then its argument prototype would still apply.  */
| char strerror ();
| int
| main ()
| {
| strerror ();
|   ;
|   return 0;
| }
configure:2909: result: no
configure:2963: checking for gcc
configure:2989: result: gcc
configure:3233: checking for C compiler version
configure:3236: gcc --version </dev/null >&5
gcc (GCC) 4.0.3 (Ubuntu 4.0.3-1ubuntu5)
Copyright (C) 2006 Free Software Foundation, Inc.
This is free software; see the source for copying conditions.  There is NO
warranty; not even for MERCHANTABILITY or FITNESS FOR A PARTICULAR PURPOSE.

configure:3239: $? = 0
configure:3241: gcc -v </dev/null >&5
Using built-in specs.
Target: i486-linux-gnu
Configured with: ../src/configure -v --enable-languages=c,c++,java,f95,objc,ada,treelang --prefix=/usr --enable-shared --with-system-zlib --libexecdir=/usr/lib --without-included-gettext --enable-threads=posix --enable-nls --program-suffix=-4.0 --enable-__cxa_atexit --enable-clocale=gnu --enable-libstdcxx-debug --enable-java-awt=gtk-default --enable-gtk-cairo --with-java-home=/usr/lib/jvm/java-1.4.2-gcj-4.0-1.4.2.0/jre --enable-mpfr --disable-werror --with-tune=pentium4 --enable-checking=release i486-linux-gnu
Thread model: posix
gcc version 4.0.3 (Ubuntu 4.0.3-1ubuntu5)
configure:3244: $? = 0
configure:3246: gcc -V </dev/null >&5
gcc: '-V' option must have argument
configure:3249: $? = 1
configure:3252: checking whether we are using the GNU C compiler
configure:3307: result: yes
configure:3313: checking whether gcc accepts -g
configure:3363: result: yes
configure:3380: checking for gcc option to accept ANSI C
configure:3486: result: none needed
configure:3504: gcc -c -g -Wall  conftest.c >&5
conftest.c:2: error: syntax error before 'me'
configure:3510: $? = 1
configure: failed program was:
| #ifndef __cplusplus
|   choke me
| #endif
configure:3718: checking build system type
configure:3736: result: i686-pc-linux-gnu
configure:3744: checking host system type
configure:3758: result: i686-pc-linux-gnu
configure:3766: checking for a sed that does not truncate output
configure:3820: result: /bin/sed
configure:3823: checking for egrep
configure:3833: result: grep -E
configure:3849: checking for ld used by gcc
configure:3916: result: /usr/bin/ld
configure:3925: checking if the linker (/usr/bin/ld) is GNU ld
configure:3940: result: yes
configure:3945: checking for /usr/bin/ld option to reload object files
configure:3952: result: -r
configure:3970: checking for BSD-compatible nm
configure:4019: result: /usr/bin/nm -B
configure:4023: checking whether ln -s works
configure:4027: result: yes
configure:4034: checking how to recognise dependent libraries
configure:4210: result: pass_all
configure:4445: checking how to run the C preprocessor
configure:4480: gcc -E  conftest.c
configure:4486: $? = 0
configure:4518: gcc -E  conftest.c
conftest.c:11:28: error: ac_nonexistent.h: No such file or directory
configure:4524: $? = 1
configure: failed program was:
| /* confdefs.h.  */
| 
| #define PACKAGE_NAME ""
| #define PACKAGE_TARNAME ""
| #define PACKAGE_VERSION ""
| #define PACKAGE_STRING ""
| #define PACKAGE_BUGREPORT ""
| #define PACKAGE "evolution-zimbra"
| #define VERSION "0.1.0"
| /* end confdefs.h.  */
| #include <ac_nonexistent.h>
configure:4563: result: gcc -E
configure:4587: gcc -E  conftest.c
configure:4593: $? = 0
configure:4625: gcc -E  conftest.c
conftest.c:11:28: error: ac_nonexistent.h: No such file or directory
configure:4631: $? = 1
configure: failed program was:
| /* confdefs.h.  */
| 
| #define PACKAGE_NAME ""
| #define PACKAGE_TARNAME ""
| #define PACKAGE_VERSION ""
| #define PACKAGE_STRING ""
| #define PACKAGE_BUGREPORT ""
| #define PACKAGE "evolution-zimbra"
| #define VERSION "0.1.0"
| /* end confdefs.h.  */
| #include <ac_nonexistent.h>
configure:4675: checking for ANSI C header files
configure:4700: gcc -c -g -Wall  conftest.c >&5
configure:4706: $? = 0
configure:4709: test -z 			 || test ! -s conftest.err
configure:4712: $? = 0
configure:4715: test -s conftest.o
configure:4718: $? = 0
configure:4807: gcc -o conftest -g -Wall   conftest.c  >&5
conftest.c: In function 'main':
conftest.c:28: warning: implicit declaration of function 'exit'
conftest.c:28: warning: incompatible implicit declaration of built-in function 'exit'
configure:4810: $? = 0
configure:4812: ./conftest
configure:4815: $? = 0
configure:4830: result: yes
configure:4854: checking for sys/types.h
configure:4870: gcc -c -g -Wall  conftest.c >&5
configure:4876: $? = 0
configure:4879: test -z 			 || test ! -s conftest.err
configure:4882: $? = 0
configure:4885: test -s conftest.o
configure:4888: $? = 0
configure:4899: result: yes
configure:4854: checking for sys/stat.h
configure:4870: gcc -c -g -Wall  conftest.c >&5
configure:4876: $? = 0
configure:4879: test -z 			 || test ! -s conftest.err
configure:4882: $? = 0
configure:4885: test -s conftest.o
configure:4888: $? = 0
configure:4899: result: yes
configure:4854: checking for stdlib.h
configure:4870: gcc -c -g -Wall  conftest.c >&5
configure:4876: $? = 0
configure:4879: test -z 			 || test ! -s conftest.err
configure:4882: $? = 0
configure:4885: test -s conftest.o
configure:4888: $? = 0
configure:4899: result: yes
configure:4854: checking for string.h
configure:4870: gcc -c -g -Wall  conftest.c >&5
configure:4876: $? = 0
configure:4879: test -z 			 || test ! -s conftest.err
configure:4882: $? = 0
configure:4885: test -s conftest.o
configure:4888: $? = 0
configure:4899: result: yes
configure:4854: checking for memory.h
configure:4870: gcc -c -g -Wall  conftest.c >&5
configure:4876: $? = 0
configure:4879: test -z 			 || test ! -s conftest.err
configure:4882: $? = 0
configure:4885: test -s conftest.o
configure:4888: $? = 0
configure:4899: result: yes
configure:4854: checking for strings.h
configure:4870: gcc -c -g -Wall  conftest.c >&5
configure:4876: $? = 0
configure:4879: test -z 			 || test ! -s conftest.err
configure:4882: $? = 0
configure:4885: test -s conftest.o
configure:4888: $? = 0
configure:4899: result: yes
configure:4854: checking for inttypes.h
configure:4870: gcc -c -g -Wall  conftest.c >&5
configure:4876: $? = 0
configure:4879: test -z 			 || test ! -s conftest.err
configure:4882: $? = 0
configure:4885: test -s conftest.o
configure:4888: $? = 0
configure:4899: result: yes
configure:4854: checking for stdint.h
configure:4870: gcc -c -g -Wall  conftest.c >&5
configure:4876: $? = 0
configure:4879: test -z 			 || test ! -s conftest.err
configure:4882: $? = 0
configure:4885: test -s conftest.o
configure:4888: $? = 0
configure:4899: result: yes
configure:4854: checking for unistd.h
configure:4870: gcc -c -g -Wall  conftest.c >&5
configure:4876: $? = 0
configure:4879: test -z 			 || test ! -s conftest.err
configure:4882: $? = 0
configure:4885: test -s conftest.o
configure:4888: $? = 0
configure:4899: result: yes
configure:4925: checking dlfcn.h usability
configure:4937: gcc -c -g -Wall  conftest.c >&5
configure:4943: $? = 0
configure:4946: test -z 			 || test ! -s conftest.err
configure:4949: $? = 0
configure:4952: test -s conftest.o
configure:4955: $? = 0
configure:4965: result: yes
configure:4969: checking dlfcn.h presence
configure:4979: gcc -E  conftest.c
configure:4985: $? = 0
configure:5005: result: yes
configure:5040: checking for dlfcn.h
configure:5047: result: yes
configure:5112: checking for g++
configure:5128: found /usr/bin/g++
configure:5138: result: g++
configure:5154: checking for C++ compiler version
configure:5157: g++ --version </dev/null >&5
g++ (GCC) 4.0.3 (Ubuntu 4.0.3-1ubuntu5)
Copyright (C) 2006 Free Software Foundation, Inc.
This is free software; see the source for copying conditions.  There is NO
warranty; not even for MERCHANTABILITY or FITNESS FOR A PARTICULAR PURPOSE.

configure:5160: $? = 0
configure:5162: g++ -v </dev/null >&5
Using built-in specs.
Target: i486-linux-gnu
Configured with: ../src/configure -v --enable-languages=c,c++,java,f95,objc,ada,treelang --prefix=/usr --enable-shared --with-system-zlib --libexecdir=/usr/lib --without-included-gettext --enable-threads=posix --enable-nls --program-suffix=-4.0 --enable-__cxa_atexit --enable-clocale=gnu --enable-libstdcxx-debug --enable-java-awt=gtk-default --enable-gtk-cairo --with-java-home=/usr/lib/jvm/java-1.4.2-gcj-4.0-1.4.2.0/jre --enable-mpfr --disable-werror --with-tune=pentium4 --enable-checking=release i486-linux-gnu
Thread model: posix
gcc version 4.0.3 (Ubuntu 4.0.3-1ubuntu5)
configure:5165: $? = 0
configure:5167: g++ -V </dev/null >&5
g++: '-V' option must have argument
configure:5170: $? = 1
configure:5173: checking whether we are using the GNU C++ compiler
configure:5197: g++ -c   conftest.cc >&5
configure:5203: $? = 0
configure:5206: test -z 			 || test ! -s conftest.err
configure:5209: $? = 0
configure:5212: test -s conftest.o
configure:5215: $? = 0
configure:5228: result: yes
configure:5234: checking whether g++ accepts -g
configure:5255: g++ -c -g  conftest.cc >&5
configure:5261: $? = 0
configure:5264: test -z 			 || test ! -s conftest.err
configure:5267: $? = 0
configure:5270: test -s conftest.o
configure:5273: $? = 0
configure:5284: result: yes
configure:5326: g++ -c -g -O2  conftest.cc >&5
configure:5332: $? = 0
configure:5335: test -z 			 || test ! -s conftest.err
configure:5338: $? = 0
configure:5341: test -s conftest.o
configure:5344: $? = 0
configure:5370: g++ -c -g -O2  conftest.cc >&5
conftest.cc: In function 'int main()':
conftest.cc:26: error: 'exit' was not declared in this scope
configure:5376: $? = 1
configure: failed program was:
| /* confdefs.h.  */
| 
| #define PACKAGE_NAME ""
| #define PACKAGE_TARNAME ""
| #define PACKAGE_VERSION ""
| #define PACKAGE_STRING ""
| #define PACKAGE_BUGREPORT ""
| #define PACKAGE "evolution-zimbra"
| #define VERSION "0.1.0"
| #define STDC_HEADERS 1
| #define HAVE_SYS_TYPES_H 1
| #define HAVE_SYS_STAT_H 1
| #define HAVE_STDLIB_H 1
| #define HAVE_STRING_H 1
| #define HAVE_MEMORY_H 1
| #define HAVE_STRINGS_H 1
| #define HAVE_INTTYPES_H 1
| #define HAVE_STDINT_H 1
| #define HAVE_UNISTD_H 1
| #define HAVE_DLFCN_H 1
| /* end confdefs.h.  */
| 
| int
| main ()
| {
| exit (42);
|   ;
|   return 0;
| }
configure:5326: g++ -c -g -O2  conftest.cc >&5
configure:5332: $? = 0
configure:5335: test -z 			 || test ! -s conftest.err
configure:5338: $? = 0
configure:5341: test -s conftest.o
configure:5344: $? = 0
configure:5370: g++ -c -g -O2  conftest.cc >&5
configure:5376: $? = 0
configure:5379: test -z 			 || test ! -s conftest.err
configure:5382: $? = 0
configure:5385: test -s conftest.o
configure:5388: $? = 0
configure:5421: checking how to run the C++ preprocessor
configure:5452: g++ -E  conftest.cc
configure:5458: $? = 0
configure:5490: g++ -E  conftest.cc
conftest.cc:25:28: error: ac_nonexistent.h: No such file or directory
configure:5496: $? = 1
configure: failed program was:
| /* confdefs.h.  */
| 
| #define PACKAGE_NAME ""
| #define PACKAGE_TARNAME ""
| #define PACKAGE_VERSION ""
| #define PACKAGE_STRING ""
| #define PACKAGE_BUGREPORT ""
| #define PACKAGE "evolution-zimbra"
| #define VERSION "0.1.0"
| #define STDC_HEADERS 1
| #define HAVE_SYS_TYPES_H 1
| #define HAVE_SYS_STAT_H 1
| #define HAVE_STDLIB_H 1
| #define HAVE_STRING_H 1
| #define HAVE_MEMORY_H 1
| #define HAVE_STRINGS_H 1
| #define HAVE_INTTYPES_H 1
| #define HAVE_STDINT_H 1
| #define HAVE_UNISTD_H 1
| #define HAVE_DLFCN_H 1
| #ifdef __cplusplus
| extern "C" void std::exit (int) throw (); using std::exit;
| #endif
| /* end confdefs.h.  */
| #include <ac_nonexistent.h>
configure:5535: result: g++ -E
configure:5559: g++ -E  conftest.cc
configure:5565: $? = 0
configure:5597: g++ -E  conftest.cc
conftest.cc:25:28: error: ac_nonexistent.h: No such file or directory
configure:5603: $? = 1
configure: failed program was:
| /* confdefs.h.  */
| 
| #define PACKAGE_NAME ""
| #define PACKAGE_TARNAME ""
| #define PACKAGE_VERSION ""
| #define PACKAGE_STRING ""
| #define PACKAGE_BUGREPORT ""
| #define PACKAGE "evolution-zimbra"
| #define VERSION "0.1.0"
| #define STDC_HEADERS 1
| #define HAVE_SYS_TYPES_H 1
| #define HAVE_SYS_STAT_H 1
| #define HAVE_STDLIB_H 1
| #define HAVE_STRING_H 1
| #define HAVE_MEMORY_H 1
| #define HAVE_STRINGS_H 1
| #define HAVE_INTTYPES_H 1
| #define HAVE_STDINT_H 1
| #define HAVE_UNISTD_H 1
| #define HAVE_DLFCN_H 1
| #ifdef __cplusplus
| extern "C" void std::exit (int) throw (); using std::exit;
| #endif
| /* end confdefs.h.  */
| #include <ac_nonexistent.h>
configure:5700: checking for g77
configure:5729: result: no
configure:5700: checking for f77
configure:5729: result: no
configure:5700: checking for xlf
configure:5729: result: no
configure:5700: checking for frt
configure:5729: result: no
configure:5700: checking for pgf77
configure:5729: result: no
configure:5700: checking for fort77
configure:5729: result: no
configure:5700: checking for fl32
configure:5729: result: no
configure:5700: checking for af77
configure:5729: result: no
configure:5700: checking for f90
configure:5729: result: no
configure:5700: checking for xlf90
configure:5729: result: no
configure:5700: checking for pgf90
configure:5729: result: no
configure:5700: checking for epcf90
configure:5729: result: no
configure:5700: checking for f95
configure:5729: result: no
configure:5700: checking for fort
configure:5729: result: no
configure:5700: checking for xlf95
configure:5729: result: no
configure:5700: checking for ifc
configure:5729: result: no
configure:5700: checking for efc
configure:5729: result: no
configure:5700: checking for pgf95
configure:5729: result: no
configure:5700: checking for lf95
configure:5729: result: no
configure:5700: checking for gfortran
configure:5729: result: no
configure:5741: checking for Fortran 77 compiler version
configure:5744:  --version </dev/null >&5
./configure: line 5745: --version: command not found
configure:5747: $? = 127
configure:5749:  -v </dev/null >&5
./configure: line 5750: -v: command not found
configure:5752: $? = 127
configure:5754:  -V </dev/null >&5
./configure: line 5755: -V: command not found
configure:5757: $? = 127
configure:5765: checking whether we are using the GNU Fortran 77 compiler
configure:5779:  -c  conftest.F >&5
./configure: line 5780: -c: command not found
configure:5785: $? = 127
configure: failed program was:
|       program main
| #ifndef __GNUC__
|        choke me
| #endif
| 
|       end
configure:5810: result: no
configure:5816: checking whether  accepts -g
configure:5828:  -c -g conftest.f >&5
./configure: line 5829: -c: command not found
configure:5834: $? = 127
configure: failed program was:
|       program main
| 
|       end
configure:5858: result: no
configure:5888: checking the maximum length of command line arguments
configure:5997: result: 32768
configure:6008: checking command to parse /usr/bin/nm -B output from gcc object
configure:6113: gcc -c -g -Wall  conftest.c >&5
configure:6116: $? = 0
configure:6120: /usr/bin/nm -B conftest.o \| sed -n -e 's/^.*[ 	]\([ABCDGIRSTW][ABCDGIRSTW]*\)[ 	][ 	]*\([_A-Za-z][_A-Za-z0-9]*\)$/\1 \2 \2/p' \> conftest.nm
configure:6123: $? = 0
configure:6175: gcc -o conftest -g -Wall   conftest.c conftstm.o >&5
configure:6178: $? = 0
configure:6216: result: ok
configure:6220: checking for objdir
configure:6235: result: .libs
configure:6325: checking for ar
configure:6341: found /usr/bin/ar
configure:6352: result: ar
configure:6405: checking for ranlib
configure:6421: found /usr/bin/ranlib
configure:6432: result: ranlib
configure:6485: checking for strip
configure:6501: found /usr/bin/strip
configure:6512: result: strip
configure:6784: checking if gcc supports -fno-rtti -fno-exceptions
configure:6802: gcc -c -g -Wall  -fno-rtti -fno-exceptions conftest.c >&5
cc1: warning: command line option "-fno-rtti" is valid for C++/ObjC++ but not for C
configure:6806: $? = 0
configure:6819: result: no
configure:6834: checking for gcc option to produce PIC
configure:7044: result: -fPIC
configure:7052: checking if gcc PIC flag -fPIC works
configure:7070: gcc -c -g -Wall  -fPIC -DPIC conftest.c >&5
configure:7074: $? = 0
configure:7087: result: yes
configure:7115: checking if gcc static flag -static works
configure:7143: result: yes
configure:7153: checking if gcc supports -c -o file.o
configure:7174: gcc -c -g -Wall  -o out/conftest2.o conftest.c >&5
configure:7178: $? = 0
configure:7200: result: yes
configure:7226: checking whether the gcc linker (/usr/bin/ld) supports shared libraries
configure:8192: result: yes
configure:8213: checking whether -lc should be explicitly linked in
configure:8218: gcc -c -g -Wall  conftest.c >&5
configure:8221: $? = 0
configure:8236: gcc -shared conftest.o  -v -Wl,-soname -Wl,conftest -o conftest 2\>\&1 \| grep  -lc  \>/dev/null 2\>\&1
configure:8239: $? = 0
configure:8251: result: no
configure:8259: checking dynamic linker characteristics
configure:8859: result: GNU/Linux ld.so
configure:8868: checking how to hardcode library paths into programs
configure:8893: result: immediate
configure:8907: checking whether stripping libraries is possible
configure:8912: result: yes
configure:9739: checking if libtool supports shared libraries
configure:9741: result: yes
configure:9744: checking whether to build shared libraries
configure:9765: result: yes
configure:9768: checking whether to build static libraries
configure:9772: result: yes
configure:9864: creating libtool
configure:10452: checking for ld used by g++
configure:10519: result: /usr/bin/ld
configure:10528: checking if the linker (/usr/bin/ld) is GNU ld
configure:10543: result: yes
configure:10594: checking whether the g++ linker (/usr/bin/ld) supports shared libraries
configure:11530: result: yes
configure:11548: g++ -c -g -O2  conftest.cpp >&5
configure:11551: $? = 0
configure:11670: checking for g++ option to produce PIC
configure:11944: result: -fPIC
configure:11952: checking if g++ PIC flag -fPIC works
configure:11970: g++ -c -g -O2  -fPIC -DPIC conftest.cpp >&5
configure:11974: $? = 0
configure:11987: result: yes
configure:12015: checking if g++ static flag -static works
configure:12043: result: yes
configure:12053: checking if g++ supports -c -o file.o
configure:12074: g++ -c -g -O2  -o out/conftest2.o conftest.cpp >&5
configure:12078: $? = 0
configure:12100: result: yes
configure:12126: checking whether the g++ linker (/usr/bin/ld) supports shared libraries
configure:12157: result: yes
configure:12224: checking dynamic linker characteristics
configure:12824: result: GNU/Linux ld.so
configure:12833: checking how to hardcode library paths into programs
configure:12858: result: immediate
configure:19075: checking Evolution version
configure:19101: "Using Evolution API version 2.6.1"
configure:19151: checking for intltool >= 0.33
configure:19158: result: 0.35.0 found
configure:19214: checking for perl
configure:19232: found /usr/bin/perl
configure:19244: result: /usr/bin/perl
configure:19262: checking for XML::Parser
configure:19265: result: ok
configure:19276: checking for iconv
configure:19294: found /usr/bin/iconv
configure:19307: result: /usr/bin/iconv
configure:19316: checking for msgfmt
configure:19334: found /usr/bin/msgfmt
configure:19347: result: /usr/bin/msgfmt
configure:19356: checking for msgmerge
configure:19374: found /usr/bin/msgmerge
configure:19387: result: /usr/bin/msgmerge
configure:19396: checking for xgettext
configure:19414: found /usr/bin/xgettext
configure:19427: result: /usr/bin/xgettext
configure:19460: checking locale.h usability
configure:19472: gcc -c -g -Wall  conftest.c >&5
configure:19478: $? = 0
configure:19481: test -z 			 || test ! -s conftest.err
configure:19484: $? = 0
configure:19487: test -s conftest.o
configure:19490: $? = 0
configure:19500: result: yes
configure:19504: checking locale.h presence
configure:19514: gcc -E  conftest.c
configure:19520: $? = 0
configure:19540: result: yes
configure:19575: checking for locale.h
configure:19582: result: yes
configure:19596: checking for LC_MESSAGES
configure:19617: gcc -o conftest -g -Wall   conftest.c  >&5
configure:19623: $? = 0
configure:19626: test -z 			 || test ! -s conftest.err
configure:19629: $? = 0
configure:19632: test -s conftest
configure:19635: $? = 0
configure:19647: result: yes
configure:19676: checking libintl.h usability
configure:19688: gcc -c -g -Wall  conftest.c >&5
configure:19694: $? = 0
configure:19697: test -z 			 || test ! -s conftest.err
configure:19700: $? = 0
configure:19703: test -s conftest.o
configure:19706: $? = 0
configure:19716: result: yes
configure:19720: checking libintl.h presence
configure:19730: gcc -E  conftest.c
configure:19736: $? = 0
configure:19756: result: yes
configure:19791: checking for libintl.h
configure:19798: result: yes
configure:19809: checking for ngettext in libc
configure:19832: gcc -o conftest -g -Wall   conftest.c  >&5
configure:19838: $? = 0
configure:19841: test -z 			 || test ! -s conftest.err
configure:19844: $? = 0
configure:19847: test -s conftest
configure:19850: $? = 0
configure:19863: result: yes
configure:19867: checking for dgettext in libc
configure:19890: gcc -o conftest -g -Wall   conftest.c  >&5
configure:19896: $? = 0
configure:19899: test -z 			 || test ! -s conftest.err
configure:19902: $? = 0
configure:19905: test -s conftest
configure:19908: $? = 0
configure:19921: result: yes
configure:19930: checking for bind_textdomain_codeset
configure:19987: gcc -o conftest -g -Wall   conftest.c  >&5
configure:19993: $? = 0
configure:19996: test -z 			 || test ! -s conftest.err
configure:19999: $? = 0
configure:20002: test -s conftest
configure:20005: $? = 0
configure:20017: result: yes
configure:20521: checking for msgfmt
configure:20548: result: /usr/bin/msgfmt
configure:20561: checking for dcgettext
configure:20618: gcc -o conftest -g -Wall   conftest.c   >&5
conftest.c:55: warning: conflicting types for built-in function 'dcgettext'
configure:20624: $? = 0
configure:20627: test -z 			 || test ! -s conftest.err
configure:20630: $? = 0
configure:20633: test -s conftest
configure:20636: $? = 0
configure:20648: result: yes
configure:20660: checking for gmsgfmt
configure:20691: result: /usr/bin/msgfmt
configure:20700: checking for xgettext
configure:20727: result: /usr/bin/xgettext
configure:20751: gcc -o conftest -g -Wall   conftest.c   >&5
configure:20757: $? = 0
configure:20760: test -z 			 || test ! -s conftest.err
configure:20763: $? = 0
configure:20766: test -s conftest
configure:20769: $? = 0
configure:20941: checking for catalogs to be installed
configure:20966: result:  en
configure:21068: checking for pkg-config
configure:21086: found /usr/bin/pkg-config
configure:21098: result: /usr/bin/pkg-config
configure:21113: checking pkg-config is at least version 0.9.0
configure:21116: result: yes
configure:21127: checking for GLIB
configure:21135: $PKG_CONFIG --exists --print-errors "glib-2.0 gconf-2.0"
configure:21138: $? = 0
configure:21153: $PKG_CONFIG --exists --print-errors "glib-2.0 gconf-2.0"
configure:21156: $? = 0
configure:21232: result: yes
configure:21241: checking for GTK
configure:21249: $PKG_CONFIG --exists --print-errors "gtk+-2.0 libglade-2.0"
configure:21252: $? = 0
configure:21267: $PKG_CONFIG --exists --print-errors "gtk+-2.0 libglade-2.0"
configure:21270: $? = 0
configure:21346: result: yes
configure:21355: checking for EPLUGIN
configure:21363: $PKG_CONFIG --exists --print-errors "evolution-plugin-$EVOLUTION_API_VERSION"
configure:21366: $? = 0
configure:21381: $PKG_CONFIG --exists --print-errors "evolution-plugin-$EVOLUTION_API_VERSION"
configure:21384: $? = 0
configure:21460: result: yes
configure:21482: checking for CAMEL
configure:21490: $PKG_CONFIG --exists --print-errors "camel-$CAMEL_API_VERSION"
configure:21493: $? = 0
configure:21508: $PKG_CONFIG --exists --print-errors "camel-$CAMEL_API_VERSION"
configure:21511: $? = 0
configure:21587: result: yes
configure:21596: checking for CAMEL_PROVIDER
configure:21604: $PKG_CONFIG --exists --print-errors "camel-provider-$CAMEL_API_VERSION"
configure:21607: $? = 0
configure:21622: $PKG_CONFIG --exists --print-errors "camel-provider-$CAMEL_API_VERSION"
configure:21625: $? = 0
configure:21701: result: yes
configure:21720: checking for EDS
configure:21728: $PKG_CONFIG --exists --print-errors "evolution-data-server-$EDS_API_VERSION"
configure:21731: $? = 0
configure:21746: $PKG_CONFIG --exists --print-errors "evolution-data-server-$EDS_API_VERSION"
configure:21749: $? = 0
configure:21825: result: yes
configure:21834: checking for EDS_UI
configure:21842: $PKG_CONFIG --exists --print-errors "libedataserverui-$EDS_API_VERSION libglade-2.0 libgnomeui-2.0"
configure:21845: $? = 0
configure:21860: $PKG_CONFIG --exists --print-errors "libedataserverui-$EDS_API_VERSION libglade-2.0 libgnomeui-2.0"
configure:21863: $? = 0
configure:21939: result: yes
configure:21949: checking for DATABOOK
configure:21957: $PKG_CONFIG --exists --print-errors "libedata-book-$EDS_API_VERSION"
configure:21960: $? = 0
configure:21975: $PKG_CONFIG --exists --print-errors "libedata-book-$EDS_API_VERSION"
configure:21978: $? = 0
configure:22054: result: yes
configure:22063: checking for DATACAL
configure:22071: $PKG_CONFIG --exists --print-errors "libedata-cal-$EDS_API_VERSION"
configure:22074: $? = 0
configure:22089: $PKG_CONFIG --exists --print-errors "libedata-cal-$EDS_API_VERSION"
configure:22092: $? = 0
configure:22168: result: yes
configure:22180: checking for LIBXML
configure:22188: $PKG_CONFIG --exists --print-errors "libxml-2.0"
configure:22191: $? = 0
configure:22206: $PKG_CONFIG --exists --print-errors "libxml-2.0"
configure:22209: $? = 0
configure:22285: result: yes
configure:22298: checking for tm_gmtoff in struct tm
configure:22324: gcc -c -g -Wall  conftest.c >&5
configure:22330: $? = 0
configure:22333: test -z 			 || test ! -s conftest.err
configure:22336: $? = 0
configure:22339: test -s conftest.o
configure:22342: $? = 0
configure:22353: result: yes
configure:22501: checking for mkstemp
configure:22558: gcc -o conftest -g -Wall   conftest.c  >&5
configure:22564: $? = 0
configure:22567: test -z 			 || test ! -s conftest.err
configure:22570: $? = 0
configure:22573: test -s conftest
configure:22576: $? = 0
configure:22588: result: yes
configure:22501: checking for mkdtemp
configure:22558: gcc -o conftest -g -Wall   conftest.c  >&5
configure:22564: $? = 0
configure:22567: test -z 			 || test ! -s conftest.err
configure:22570: $? = 0
configure:22573: test -s conftest
configure:22576: $? = 0
configure:22588: result: yes
configure:22501: checking for isblank
configure:22558: gcc -o conftest -g -Wall   conftest.c  >&5
conftest.c:62: warning: conflicting types for built-in function 'isblank'
configure:22564: $? = 0
configure:22567: test -z 			 || test ! -s conftest.err
configure:22570: $? = 0
configure:22573: test -s conftest
configure:22576: $? = 0
configure:22588: result: yes
configure:22746: checking for register_printf_function
configure:22803: gcc -o conftest -g -Wall   conftest.c  >&5
configure:22809: $? = 0
configure:22812: test -z 			 || test ! -s conftest.err
configure:22815: $? = 0
configure:22818: test -s conftest
configure:22821: $? = 0
configure:22833: result: yes
configure:22989: creating ./config.status

## ---------------- ##
## Cache variables. ##
## ---------------- ##

ac_cv_build=i686-pc-linux-gnu
ac_cv_build_alias=i686-pc-linux-gnu
ac_cv_c_compiler_gnu=yes
ac_cv_cxx_compiler_gnu=yes
ac_cv_env_CAMEL_CFLAGS_set=
ac_cv_env_CAMEL_CFLAGS_value=
ac_cv_env_CAMEL_LIBS_set=
ac_cv_env_CAMEL_LIBS_value=
ac_cv_env_CAMEL_PROVIDER_CFLAGS_set=
ac_cv_env_CAMEL_PROVIDER_CFLAGS_value=
ac_cv_env_CAMEL_PROVIDER_LIBS_set=
ac_cv_env_CAMEL_PROVIDER_LIBS_value=
ac_cv_env_CC_set=
ac_cv_env_CC_value=
ac_cv_env_CFLAGS_set=set
ac_cv_env_CFLAGS_value='-g -Wall'
ac_cv_env_CPPFLAGS_set=
ac_cv_env_CPPFLAGS_value=
ac_cv_env_CPP_set=
ac_cv_env_CPP_value=
ac_cv_env_CXXCPP_set=
ac_cv_env_CXXCPP_value=
ac_cv_env_CXXFLAGS_set=
ac_cv_env_CXXFLAGS_value=
ac_cv_env_CXX_set=
ac_cv_env_CXX_value=
ac_cv_env_DATABOOK_CFLAGS_set=
ac_cv_env_DATABOOK_CFLAGS_value=
ac_cv_env_DATABOOK_LIBS_set=
ac_cv_env_DATABOOK_LIBS_value=
ac_cv_env_DATACAL_CFLAGS_set=
ac_cv_env_DATACAL_CFLAGS_value=
ac_cv_env_DATACAL_LIBS_set=
ac_cv_env_DATACAL_LIBS_value=
ac_cv_env_EDS_CFLAGS_set=
ac_cv_env_EDS_CFLAGS_value=
ac_cv_env_EDS_LIBS_set=
ac_cv_env_EDS_LIBS_value=
ac_cv_env_EDS_UI_CFLAGS_set=
ac_cv_env_EDS_UI_CFLAGS_value=
ac_cv_env_EDS_UI_LIBS_set=
ac_cv_env_EDS_UI_LIBS_value=
ac_cv_env_EPLUGIN_CFLAGS_set=
ac_cv_env_EPLUGIN_CFLAGS_value=
ac_cv_env_EPLUGIN_LIBS_set=
ac_cv_env_EPLUGIN_LIBS_value=
ac_cv_env_F77_set=
ac_cv_env_F77_value=
ac_cv_env_FFLAGS_set=
ac_cv_env_FFLAGS_value=
ac_cv_env_GLIB_CFLAGS_set=
ac_cv_env_GLIB_CFLAGS_value=
ac_cv_env_GLIB_LIBS_set=
ac_cv_env_GLIB_LIBS_value=
ac_cv_env_GTK_CFLAGS_set=
ac_cv_env_GTK_CFLAGS_value=
ac_cv_env_GTK_LIBS_set=
ac_cv_env_GTK_LIBS_value=
ac_cv_env_LDFLAGS_set=
ac_cv_env_LDFLAGS_value=
ac_cv_env_LIBXML_CFLAGS_set=
ac_cv_env_LIBXML_CFLAGS_value=
ac_cv_env_LIBXML_LIBS_set=
ac_cv_env_LIBXML_LIBS_value=
ac_cv_env_PKG_CONFIG_set=
ac_cv_env_PKG_CONFIG_value=
ac_cv_env_build_alias_set=
ac_cv_env_build_alias_value=
ac_cv_env_host_alias_set=
ac_cv_env_host_alias_value=
ac_cv_env_target_alias_set=
ac_cv_env_target_alias_value=
ac_cv_exeext=
ac_cv_f77_compiler_gnu=no
ac_cv_func_bind_textdomain_codeset=yes
ac_cv_func_dcgettext=yes
ac_cv_func_isblank=yes
ac_cv_func_mkdtemp=yes
ac_cv_func_mkstemp=yes
ac_cv_func_register_printf_function=yes
ac_cv_header_dlfcn_h=yes
ac_cv_header_inttypes_h=yes
ac_cv_header_libintl_h=yes
ac_cv_header_locale_h=yes
ac_cv_header_memory_h=yes
ac_cv_header_stdc=yes
ac_cv_header_stdint_h=yes
ac_cv_header_stdlib_h=yes
ac_cv_header_string_h=yes
ac_cv_header_strings_h=yes
ac_cv_header_sys_stat_h=yes
ac_cv_header_sys_types_h=yes
ac_cv_header_unistd_h=yes
ac_cv_host=i686-pc-linux-gnu
ac_cv_host_alias=i686-pc-linux-gnu
ac_cv_lib_cposix_strerror=no
ac_cv_objext=o
ac_cv_path_GMSGFMT=/usr/bin/msgfmt
ac_cv_path_INTLTOOL_ICONV=/usr/bin/iconv
ac_cv_path_INTLTOOL_MSGFMT=/usr/bin/msgfmt
ac_cv_path_INTLTOOL_MSGMERGE=/usr/bin/msgmerge
ac_cv_path_INTLTOOL_PERL=/usr/bin/perl
ac_cv_path_INTLTOOL_XGETTEXT=/usr/bin/xgettext
ac_cv_path_MSGFMT=/usr/bin/msgfmt
ac_cv_path_XGETTEXT=/usr/bin/xgettext
ac_cv_path_ac_pt_PKG_CONFIG=/usr/bin/pkg-config
ac_cv_path_install='/usr/bin/install -c'
ac_cv_prog_CPP='gcc -E'
ac_cv_prog_CXXCPP='g++ -E'
ac_cv_prog_ac_ct_AR=ar
ac_cv_prog_ac_ct_CC=gcc
ac_cv_prog_ac_ct_CXX=g++
ac_cv_prog_ac_ct_RANLIB=ranlib
ac_cv_prog_ac_ct_STRIP=strip
ac_cv_prog_cc_g=yes
ac_cv_prog_cc_stdc=
ac_cv_prog_cxx_g=yes
ac_cv_prog_egrep='grep -E'
ac_cv_prog_f77_g=no
ac_cv_prog_make_make_set=yes
ac_cv_struct_tm_gmtoff=yes
am_cv_val_LC_MESSAGES=yes
gt_cv_func_dgettext_libc=yes
gt_cv_func_dgettext_libintl=no
gt_cv_func_ngettext_libc=yes
gt_cv_have_gettext=yes
lt_cv_deplibs_check_method=pass_all
lt_cv_file_magic_cmd='$MAGIC_CMD'
lt_cv_file_magic_test_file=
lt_cv_ld_reload_flag=-r
lt_cv_objdir=.libs
lt_cv_path_LD=/usr/bin/ld
lt_cv_path_LDCXX=/usr/bin/ld
lt_cv_path_NM='/usr/bin/nm -B'
lt_cv_path_SED=/bin/sed
lt_cv_prog_compiler_c_o=yes
lt_cv_prog_compiler_c_o_CXX=yes
lt_cv_prog_compiler_rtti_exceptions=no
lt_cv_prog_gnu_ld=yes
lt_cv_prog_gnu_ldcxx=yes
lt_cv_sys_global_symbol_pipe='sed -n -e '\''s/^.*[ 	]\([ABCDGIRSTW][ABCDGIRSTW]*\)[ 	][ 	]*\([_A-Za-z][_A-Za-z0-9]*\)$/\1 \2 \2/p'\'''
lt_cv_sys_global_symbol_to_c_name_address='sed -n -e '\''s/^: \([^ ]*\) $/  {\"\1\", (lt_ptr) 0},/p'\'' -e '\''s/^[BCDEGRST] \([^ ]*\) \([^ ]*\)$/  {"\2", (lt_ptr) \&\2},/p'\'''
lt_cv_sys_global_symbol_to_cdecl='sed -n -e '\''s/^. .* \(.*\)$/extern int \1;/p'\'''
lt_cv_sys_max_cmd_len=32768
lt_lt_cv_prog_compiler_c_o='"yes"'
lt_lt_cv_prog_compiler_c_o_CXX='"yes"'
lt_lt_cv_sys_global_symbol_pipe='"sed -n -e '\''s/^.*[ 	]\\([ABCDGIRSTW][ABCDGIRSTW]*\\)[ 	][ 	]*\\([_A-Za-z][_A-Za-z0-9]*\\)\$/\\1 \\2 \\2/p'\''"'
lt_lt_cv_sys_global_symbol_to_c_name_address='"sed -n -e '\''s/^: \\([^ ]*\\) \$/  {\\\"\\1\\\", (lt_ptr) 0},/p'\'' -e '\''s/^[BCDEGRST] \\([^ ]*\\) \\([^ ]*\\)\$/  {\"\\2\", (lt_ptr) \\&\\2},/p'\''"'
lt_lt_cv_sys_global_symbol_to_cdecl='"sed -n -e '\''s/^. .* \\(.*\\)\$/extern int \\1;/p'\''"'
pkg_cv_CAMEL_CFLAGS='-I/usr/include/evolution-data-server-1.6  '
pkg_cv_CAMEL_LIBS='-lcamel-1.2 -ledataserver-1.2  '
pkg_cv_CAMEL_PROVIDER_CFLAGS='-I/usr/include/evolution-data-server-1.6  '
pkg_cv_CAMEL_PROVIDER_LIBS='-lcamel-1.2 -lcamel-provider-1.2 -ledataserver-1.2  '
pkg_cv_DATABOOK_CFLAGS='-DORBIT2=1 -pthread -I/usr/include/evolution-data-server-1.6 -I/usr/include/libbonobo-2.0 -I/usr/include/libgnome-2.0 -I/usr/include/glib-2.0 -I/usr/lib/glib-2.0/include -I/usr/include/orbit-2.0 -I/usr/include/bonobo-activation-2.0 -I/usr/include/gconf/2 -I/usr/include/gnome-vfs-2.0 -I/usr/lib/gnome-vfs-2.0/include -I/usr/include/libxml2  '
pkg_cv_DATABOOK_LIBS='-pthread -ledata-book-1.2 -lebook-1.2 -lgnome-2 -lpopt -ledataserver-1.2 -lgnomevfs-2 -lgobject-2.0 -lxml2 -lz -lgconf-2 -lbonobo-2 -lbonobo-activation -lORBit-2 -lm -lgmodule-2.0 -ldl -lgthread-2.0 -lglib-2.0  '
pkg_cv_DATACAL_CFLAGS='-DORBIT2=1 -pthread -I/usr/include/evolution-data-server-1.6 -I/usr/include/libgnome-2.0 -I/usr/include/libbonobo-2.0 -I/usr/include/gnome-vfs-2.0 -I/usr/lib/gnome-vfs-2.0/include -I/usr/include/glib-2.0 -I/usr/lib/glib-2.0/include -I/usr/include/orbit-2.0 -I/usr/include/gconf/2 -I/usr/include/bonobo-activation-2.0 -I/usr/include/libxml2  '
pkg_cv_DATACAL_LIBS='-pthread -ledata-cal-1.2 -lecal-1.2 -lgnome-2 -lpopt -ledataserver-1.2 -lgnomevfs-2 -lgobject-2.0 -lxml2 -lz -lgconf-2 -lbonobo-2 -lbonobo-activation -lORBit-2 -lm -lgmodule-2.0 -ldl -lgthread-2.0 -lglib-2.0  '
pkg_cv_EDS_CFLAGS='-DORBIT2=1 -pthread -I/usr/include/libgnome-2.0 -I/usr/include/libbonobo-2.0 -I/usr/include/glib-2.0 -I/usr/lib/glib-2.0/include -I/usr/include/orbit-2.0 -I/usr/include/gconf/2 -I/usr/include/gnome-vfs-2.0 -I/usr/lib/gnome-vfs-2.0/include -I/usr/include/bonobo-activation-2.0  '
pkg_cv_EDS_LIBS='-pthread -lgnome-2 -lpopt -lgnomevfs-2 -lbonobo-2 -lgconf-2 -lgobject-2.0 -lbonobo-activation -lORBit-2 -lm -lgmodule-2.0 -ldl -lgthread-2.0 -lglib-2.0  '
pkg_cv_EDS_UI_CFLAGS='-DORBIT2=1 -pthread -I/usr/include/evolution-data-server-1.6 -I/usr/include/gtk-2.0 -I/usr/include/libglade-2.0 -I/usr/include/libgnome-2.0 -I/usr/lib/gtk-2.0/include -I/usr/include/atk-1.0 -I/usr/include/cairo -I/usr/include/pango-1.0 -I/usr/include/glib-2.0 -I/usr/lib/glib-2.0/include -I/usr/include/libxml2 -I/usr/include/orbit-2.0 -I/usr/include/libbonobo-2.0 -I/usr/include/gconf/2 -I/usr/include/gnome-vfs-2.0 -I/usr/lib/gnome-vfs-2.0/include -I/usr/include/bonobo-activation-2.0 -I/usr/include/libgnomeui-2.0 -I/usr/include/libgnomecanvas-2.0 -I/usr/include/libart-2.0 -I/usr/include/libbonoboui-2.0 -I/usr/include/gnome-keyring-1 -I/usr/include/freetype2  '
pkg_cv_EDS_UI_LIBS='-pthread -ledataserverui-1.2 -lebook-1.2 -ledataserver-1.2 -lglade-2.0 -lgnomeui-2 -lSM -lICE -lbonoboui-2 -lgnome-keyring -lxml2 -lz -lgnomecanvas-2 -lgnome-2 -lpopt -lart_lgpl_2 -lpangoft2-1.0 -lgtk-x11-2.0 -lgdk-x11-2.0 -latk-1.0 -lgdk_pixbuf-2.0 -lpangocairo-1.0 -lfontconfig -lXext -lXrender -lXinerama -lXi -lXrandr -lXcursor -lXfixes -lpango-1.0 -lcairo -lX11 -lgnomevfs-2 -lbonobo-2 -lgconf-2 -lgobject-2.0 -lbonobo-activation -lORBit-2 -lm -lgmodule-2.0 -ldl -lgthread-2.0 -lglib-2.0  '
pkg_cv_EPLUGIN_CFLAGS='-DORBIT2=1 -pthread -I/usr/include/evolution-2.6 -I/usr/include/libgnome-2.0 -I/usr/include/libgnomeui-2.0 -I/usr/include/libbonoboui-2.0 -I/usr/include/evolution-data-server-1.6 -I/usr/include/glib-2.0 -I/usr/lib/glib-2.0/include -I/usr/include/orbit-2.0 -I/usr/include/libbonobo-2.0 -I/usr/include/gconf/2 -I/usr/include/gnome-vfs-2.0 -I/usr/lib/gnome-vfs-2.0/include -I/usr/include/bonobo-activation-2.0 -I/usr/include/libgnomecanvas-2.0 -I/usr/include/gtk-2.0 -I/usr/include/libart-2.0 -I/usr/include/gnome-keyring-1 -I/usr/include/pango-1.0 -I/usr/include/freetype2 -I/usr/lib/gtk-2.0/include -I/usr/include/atk-1.0 -I/usr/include/cairo -I/usr/include/libxml2  '
pkg_cv_EPLUGIN_LIBS='-pthread -L/usr/lib/evolution/2.6 -leutil -lgnomeui-2 -lSM -lICE -lcamel-1.2 -lcamel-provider-1.2 -ledataserver-1.2 -lbonoboui-2 -lgnome-keyring -lxml2 -lz -lgnomecanvas-2 -lgnome-2 -lpopt -lart_lgpl_2 -lpangoft2-1.0 -lgtk-x11-2.0 -lgdk-x11-2.0 -latk-1.0 -lgdk_pixbuf-2.0 -lpangocairo-1.0 -lfontconfig -lXext -lXrender -lXinerama -lXi -lXrandr -lXcursor -lXfixes -lpango-1.0 -lcairo -lX11 -lgnomevfs-2 -lbonobo-2 -lgconf-2 -lgobject-2.0 -lbonobo-activation -lORBit-2 -lm -lgmodule-2.0 -ldl -lgthread-2.0 -lglib-2.0  '
pkg_cv_GLIB_CFLAGS='-DORBIT2=1 -pthread -I/usr/include/glib-2.0 -I/usr/lib/glib-2.0/include -I/usr/include/gconf/2 -I/usr/include/orbit-2.0  '
pkg_cv_GLIB_LIBS='-pthread -lgconf-2 -lORBit-2 -lm -lgmodule-2.0 -ldl -lgthread-2.0 -lglib-2.0  '
pkg_cv_GTK_CFLAGS='-I/usr/include/gtk-2.0 -I/usr/lib/gtk-2.0/include -I/usr/include/atk-1.0 -I/usr/include/cairo -I/usr/include/pango-1.0 -I/usr/include/glib-2.0 -I/usr/lib/glib-2.0/include -I/usr/include/libglade-2.0 -I/usr/include/libxml2  '
pkg_cv_GTK_LIBS='-lglade-2.0 -lgtk-x11-2.0 -lxml2 -lz -lgdk-x11-2.0 -latk-1.0 -lgdk_pixbuf-2.0 -lm -lpangocairo-1.0 -lfontconfig -lXext -lXrender -lXinerama -lXi -lXrandr -lXcursor -lXfixes -lpango-1.0 -lcairo -lX11 -lgobject-2.0 -lgmodule-2.0 -ldl -lglib-2.0  '
pkg_cv_LIBXML_CFLAGS='-I/usr/include/libxml2  '
pkg_cv_LIBXML_LIBS='-lxml2 -lz -lm  '

## ----------------- ##
## Output variables. ##
## ----------------- ##

ACLOCAL='aclocal-1.4'
ALL_LINGUAS='en'
AR='ar'
AUTOCONF='autoconf'
AUTOHEADER='autoheader'
AUTOMAKE='automake-1.4'
BASE_VERSION='2.6'
CAMEL_CFLAGS='-I/usr/include/evolution-data-server-1.6  '
CAMEL_LIBS='-lcamel-1.2 -ledataserver-1.2  '
CAMEL_PROVIDER_CFLAGS='-I/usr/include/evolution-data-server-1.6  '
CAMEL_PROVIDER_LIBS='-lcamel-1.2 -lcamel-provider-1.2 -ledataserver-1.2  '
CATALOGS=' en.gmo'
CATOBJEXT='.gmo'
CC='gcc'
CFLAGS='-g -Wall'
CPP='gcc -E'
CPPFLAGS=''
CURL_CFLAGS=' -I/usr/include'
CURL_LIBS='-lcurl'
CXX='g++'
CXXCPP='g++ -E'
CXXFLAGS='-g -O2'
DATABOOK_CFLAGS='-DORBIT2=1 -pthread -I/usr/include/evolution-data-server-1.6 -I/usr/include/libbonobo-2.0 -I/usr/include/libgnome-2.0 -I/usr/include/glib-2.0 -I/usr/lib/glib-2.0/include -I/usr/include/orbit-2.0 -I/usr/include/bonobo-activation-2.0 -I/usr/include/gconf/2 -I/usr/include/gnome-vfs-2.0 -I/usr/lib/gnome-vfs-2.0/include -I/usr/include/libxml2  '
DATABOOK_LIBS='-pthread -ledata-book-1.2 -lebook-1.2 -lgnome-2 -lpopt -ledataserver-1.2 -lgnomevfs-2 -lgobject-2.0 -lxml2 -lz -lgconf-2 -lbonobo-2 -lbonobo-activation -lORBit-2 -lm -lgmodule-2.0 -ldl -lgthread-2.0 -lglib-2.0  '
DATACAL_CFLAGS='-DORBIT2=1 -pthread -I/usr/include/evolution-data-server-1.6 -I/usr/include/libgnome-2.0 -I/usr/include/libbonobo-2.0 -I/usr/include/gnome-vfs-2.0 -I/usr/lib/gnome-vfs-2.0/include -I/usr/include/glib-2.0 -I/usr/lib/glib-2.0/include -I/usr/include/orbit-2.0 -I/usr/include/gconf/2 -I/usr/include/bonobo-activation-2.0 -I/usr/include/libxml2  '
DATACAL_LIBS='-pthread -ledata-cal-1.2 -lecal-1.2 -lgnome-2 -lpopt -ledataserver-1.2 -lgnomevfs-2 -lgobject-2.0 -lxml2 -lz -lgconf-2 -lbonobo-2 -lbonobo-activation -lORBit-2 -lm -lgmodule-2.0 -ldl -lgthread-2.0 -lglib-2.0  '
DATADIRNAME='share'
DEFS='-DHAVE_CONFIG_H'
EAPI_MAJOR_VERSION='2'
EAPI_MINOR_VERSION='8'
ECHO='echo'
ECHO_C=''
ECHO_N='-n'
ECHO_T=''
EDS_CFLAGS='-DORBIT2=1 -pthread -I/usr/include/libgnome-2.0 -I/usr/include/libbonobo-2.0 -I/usr/include/glib-2.0 -I/usr/lib/glib-2.0/include -I/usr/include/orbit-2.0 -I/usr/include/gconf/2 -I/usr/include/gnome-vfs-2.0 -I/usr/lib/gnome-vfs-2.0/include -I/usr/include/bonobo-activation-2.0  '
EDS_LIBS='-pthread -lgnome-2 -lpopt -lgnomevfs-2 -lbonobo-2 -lgconf-2 -lgobject-2.0 -lbonobo-activation -lORBit-2 -lm -lgmodule-2.0 -ldl -lgthread-2.0 -lglib-2.0  '
EDS_REQUIRED_VERSION='1.3.7'
EDS_UI_CFLAGS='-DORBIT2=1 -pthread -I/usr/include/evolution-data-server-1.6 -I/usr/include/gtk-2.0 -I/usr/include/libglade-2.0 -I/usr/include/libgnome-2.0 -I/usr/lib/gtk-2.0/include -I/usr/include/atk-1.0 -I/usr/include/cairo -I/usr/include/pango-1.0 -I/usr/include/glib-2.0 -I/usr/lib/glib-2.0/include -I/usr/include/libxml2 -I/usr/include/orbit-2.0 -I/usr/include/libbonobo-2.0 -I/usr/include/gconf/2 -I/usr/include/gnome-vfs-2.0 -I/usr/lib/gnome-vfs-2.0/include -I/usr/include/bonobo-activation-2.0 -I/usr/include/libgnomeui-2.0 -I/usr/include/libgnomecanvas-2.0 -I/usr/include/libart-2.0 -I/usr/include/libbonoboui-2.0 -I/usr/include/gnome-keyring-1 -I/usr/include/freetype2  '
EDS_UI_LIBS='-pthread -ledataserverui-1.2 -lebook-1.2 -ledataserver-1.2 -lglade-2.0 -lgnomeui-2 -lSM -lICE -lbonoboui-2 -lgnome-keyring -lxml2 -lz -lgnomecanvas-2 -lgnome-2 -lpopt -lart_lgpl_2 -lpangoft2-1.0 -lgtk-x11-2.0 -lgdk-x11-2.0 -latk-1.0 -lgdk_pixbuf-2.0 -lpangocairo-1.0 -lfontconfig -lXext -lXrender -lXinerama -lXi -lXrandr -lXcursor -lXfixes -lpango-1.0 -lcairo -lX11 -lgnomevfs-2 -lbonobo-2 -lgconf-2 -lgobject-2.0 -lbonobo-activation -lORBit-2 -lm -lgmodule-2.0 -ldl -lgthread-2.0 -lglib-2.0  '
EGREP='grep -E'
EPLUGIN_CFLAGS='-DORBIT2=1 -pthread -I/usr/include/evolution-2.6 -I/usr/include/libgnome-2.0 -I/usr/include/libgnomeui-2.0 -I/usr/include/libbonoboui-2.0 -I/usr/include/evolution-data-server-1.6 -I/usr/include/glib-2.0 -I/usr/lib/glib-2.0/include -I/usr/include/orbit-2.0 -I/usr/include/libbonobo-2.0 -I/usr/include/gconf/2 -I/usr/include/gnome-vfs-2.0 -I/usr/lib/gnome-vfs-2.0/include -I/usr/include/bonobo-activation-2.0 -I/usr/include/libgnomecanvas-2.0 -I/usr/include/gtk-2.0 -I/usr/include/libart-2.0 -I/usr/include/gnome-keyring-1 -I/usr/include/pango-1.0 -I/usr/include/freetype2 -I/usr/lib/gtk-2.0/include -I/usr/include/atk-1.0 -I/usr/include/cairo -I/usr/include/libxml2  '
EPLUGIN_LIBS='-pthread -L/usr/lib/evolution/2.6 -leutil -lgnomeui-2 -lSM -lICE -lcamel-1.2 -lcamel-provider-1.2 -ledataserver-1.2 -lbonoboui-2 -lgnome-keyring -lxml2 -lz -lgnomecanvas-2 -lgnome-2 -lpopt -lart_lgpl_2 -lpangoft2-1.0 -lgtk-x11-2.0 -lgdk-x11-2.0 -latk-1.0 -lgdk_pixbuf-2.0 -lpangocairo-1.0 -lfontconfig -lXext -lXrender -lXinerama -lXi -lXrandr -lXcursor -lXfixes -lpango-1.0 -lcairo -lX11 -lgnomevfs-2 -lbonobo-2 -lgconf-2 -lgobject-2.0 -lbonobo-activation -lORBit-2 -lm -lgmodule-2.0 -ldl -lgthread-2.0 -lglib-2.0  '
EVOLUTION_API_VERSION='2.6'
EVOLUTION_VERSION='2.6.1'
EVO_REQUIRED_VERSION='2.3.7'
EVO_imagesdir='/usr/share/evolution/2.6/images'
EXEEXT=''
EZIMBRA_DATADIR='$(datadir)/evolution-zimbra/$(BASE_VERSION)'
F77=''
FFLAGS=''
GETTEXT_PACKAGE='evolution-zimbra-2.6'
GLIB_CFLAGS='-DORBIT2=1 -pthread -I/usr/include/glib-2.0 -I/usr/lib/glib-2.0/include -I/usr/include/gconf/2 -I/usr/include/orbit-2.0  '
GLIB_LIBS='-pthread -lgconf-2 -lORBit-2 -lm -lgmodule-2.0 -ldl -lgthread-2.0 -lglib-2.0  '
GLOG_LIB_CFLAGS='-DORBIT2=1 -pthread -I/usr/include/glib-2.0 -I/usr/lib/glib-2.0/include -I/usr/include/gconf/2 -I/usr/include/orbit-2.0       -DGLOG_DISABLE_DEPRECATED -I$(top_srcdir)'
GLOG_LIB_LDFLAGS=' -version-info  '
GLOG_LIB_LIBS='-pthread -lgconf-2 -lORBit-2 -lm -lgmodule-2.0 -ldl -lgthread-2.0 -lglib-2.0    '
GLOG_MAJORMINOR='0.6'
GLOG_OBJ_CFLAGS='-DORBIT2=1 -pthread -I/usr/include/glib-2.0 -I/usr/lib/glib-2.0/include -I/usr/include/gconf/2 -I/usr/include/orbit-2.0       -DGLOG_DISABLE_DEPRECATED -I$(top_srcdir)'
GLOG_OBJ_LIBS='$(top_builddir)/glog/libglog-0.6.la'
GLOG_PRINTF_EXTENSION_FORMAT_DEFINE='#define GLOG_PTR_FORMAT "P"'
GLOG_VERSION_MAJOR='0'
GLOG_VERSION_MICRO='0'
GLOG_VERSION_MINOR='5'
GMOFILES=' en.gmo'
GMSGFMT='/usr/bin/msgfmt'
GTK_CFLAGS='-I/usr/include/gtk-2.0 -I/usr/lib/gtk-2.0/include -I/usr/include/atk-1.0 -I/usr/include/cairo -I/usr/include/pango-1.0 -I/usr/include/glib-2.0 -I/usr/lib/glib-2.0/include -I/usr/include/libglade-2.0 -I/usr/include/libxml2  '
GTK_LIBS='-lglade-2.0 -lgtk-x11-2.0 -lxml2 -lz -lgdk-x11-2.0 -latk-1.0 -lgdk_pixbuf-2.0 -lm -lpangocairo-1.0 -lfontconfig -lXext -lXrender -lXinerama -lXi -lXrandr -lXcursor -lXfixes -lpango-1.0 -lcairo -lX11 -lgobject-2.0 -lgmodule-2.0 -ldl -lglib-2.0  '
INSTALL_DATA='${INSTALL} -m 644'
INSTALL_PROGRAM='${INSTALL}'
INSTALL_SCRIPT='${INSTALL}'
INSTOBJEXT='.mo'
INTLLIBS=''
INTLTOOL_CAVES_RULE='%.caves:     %.caves.in     $(INTLTOOL_MERGE) $(wildcard $(top_srcdir)/po/*.po) ; LC_ALL=C $(INTLTOOL_MERGE) -d -u -c $(top_builddir)/po/.intltool-merge-cache $(top_srcdir)/po $< $@'
INTLTOOL_DESKTOP_RULE='%.desktop:   %.desktop.in   $(INTLTOOL_MERGE) $(wildcard $(top_srcdir)/po/*.po) ; LC_ALL=C $(INTLTOOL_MERGE) -d -u -c $(top_builddir)/po/.intltool-merge-cache $(top_srcdir)/po $< $@'
INTLTOOL_DIRECTORY_RULE='%.directory: %.directory.in $(INTLTOOL_MERGE) $(wildcard $(top_srcdir)/po/*.po) ; LC_ALL=C $(INTLTOOL_MERGE) -d -u -c $(top_builddir)/po/.intltool-merge-cache $(top_srcdir)/po $< $@'
INTLTOOL_EXTRACT='$(top_builddir)/intltool-extract'
INTLTOOL_ICONV='/usr/bin/iconv'
INTLTOOL_KBD_RULE='%.kbd:       %.kbd.in       $(INTLTOOL_MERGE) $(wildcard $(top_srcdir)/po/*.po) ; LC_ALL=C $(INTLTOOL_MERGE) -x -u -m -c $(top_builddir)/po/.intltool-merge-cache $(top_srcdir)/po $< $@'
INTLTOOL_KEYS_RULE='%.keys:      %.keys.in      $(INTLTOOL_MERGE) $(wildcard $(top_srcdir)/po/*.po) ; LC_ALL=C $(INTLTOOL_MERGE) -k -u -c $(top_builddir)/po/.intltool-merge-cache $(top_srcdir)/po $< $@'
INTLTOOL_MERGE='$(top_builddir)/intltool-merge'
INTLTOOL_MSGFMT='/usr/bin/msgfmt'
INTLTOOL_MSGMERGE='/usr/bin/msgmerge'
INTLTOOL_OAF_RULE='%.oaf:       %.oaf.in       $(INTLTOOL_MERGE) $(wildcard $(top_srcdir)/po/*.po) ; LC_ALL=C $(INTLTOOL_MERGE) -o -p $(top_srcdir)/po $< $@'
INTLTOOL_PERL='/usr/bin/perl'
INTLTOOL_PONG_RULE='%.pong:      %.pong.in      $(INTLTOOL_MERGE) $(wildcard $(top_srcdir)/po/*.po) ; LC_ALL=C $(INTLTOOL_MERGE) -x -u -c $(top_builddir)/po/.intltool-merge-cache $(top_srcdir)/po $< $@'
INTLTOOL_PROP_RULE='%.prop:      %.prop.in      $(INTLTOOL_MERGE) $(wildcard $(top_srcdir)/po/*.po) ; LC_ALL=C $(INTLTOOL_MERGE) -d -u -c $(top_builddir)/po/.intltool-merge-cache $(top_srcdir)/po $< $@'
INTLTOOL_SCHEMAS_RULE='%.schemas:   %.schemas.in   $(INTLTOOL_MERGE) $(wildcard $(top_srcdir)/po/*.po) ; LC_ALL=C $(INTLTOOL_MERGE) -s -u -c $(top_builddir)/po/.intltool-merge-cache $(top_srcdir)/po $< $@'
INTLTOOL_SERVER_RULE='%.server:    %.server.in    $(INTLTOOL_MERGE) $(wildcard $(top_srcdir)/po/*.po) ; LC_ALL=C $(INTLTOOL_MERGE) -o -u -c $(top_builddir)/po/.intltool-merge-cache $(top_srcdir)/po $< $@'
INTLTOOL_SERVICE_RULE='%.service: %.service.in   $(INTLTOOL_MERGE) $(wildcard $(top_srcdir)/po/*.po) ; LC_ALL=C $(INTLTOOL_MERGE) -d -u -c $(top_builddir)/po/.intltool-merge-cache $(top_srcdir)/po $< $@'
INTLTOOL_SHEET_RULE='%.sheet:     %.sheet.in     $(INTLTOOL_MERGE) $(wildcard $(top_srcdir)/po/*.po) ; LC_ALL=C $(INTLTOOL_MERGE) -x -u -c $(top_builddir)/po/.intltool-merge-cache $(top_srcdir)/po $< $@'
INTLTOOL_SOUNDLIST_RULE='%.soundlist: %.soundlist.in $(INTLTOOL_MERGE) $(wildcard $(top_srcdir)/po/*.po) ; LC_ALL=C $(INTLTOOL_MERGE) -d -u -c $(top_builddir)/po/.intltool-merge-cache $(top_srcdir)/po $< $@'
INTLTOOL_THEME_RULE='%.theme:     %.theme.in     $(INTLTOOL_MERGE) $(wildcard $(top_srcdir)/po/*.po) ; LC_ALL=C $(INTLTOOL_MERGE) -d -u -c $(top_builddir)/po/.intltool-merge-cache $(top_srcdir)/po $< $@'
INTLTOOL_UI_RULE='%.ui:        %.ui.in        $(INTLTOOL_MERGE) $(wildcard $(top_srcdir)/po/*.po) ; LC_ALL=C $(INTLTOOL_MERGE) -x -u -c $(top_builddir)/po/.intltool-merge-cache $(top_srcdir)/po $< $@'
INTLTOOL_UPDATE='$(top_builddir)/intltool-update'
INTLTOOL_XAM_RULE='%.xam:       %.xml.in       $(INTLTOOL_MERGE) $(wildcard $(top_srcdir)/po/*.po) ; LC_ALL=C $(INTLTOOL_MERGE) -x -u -c $(top_builddir)/po/.intltool-merge-cache $(top_srcdir)/po $< $@'
INTLTOOL_XGETTEXT='/usr/bin/xgettext'
INTLTOOL_XML_NOMERGE_RULE='%.xml:       %.xml.in       $(INTLTOOL_MERGE) ; LC_ALL=C $(INTLTOOL_MERGE) -x -u /tmp $< $@'
INTLTOOL_XML_RULE='%.xml:       %.xml.in       $(INTLTOOL_MERGE) $(wildcard $(top_srcdir)/po/*.po) ; LC_ALL=C $(INTLTOOL_MERGE) -x -u -c $(top_builddir)/po/.intltool-merge-cache $(top_srcdir)/po $< $@'
LDFLAGS=''
LIBEZIMBRA_AGE='0'
LIBEZIMBRA_BOOK_AGE='0'
LIBEZIMBRA_BOOK_CURRENT='0'
LIBEZIMBRA_BOOK_REVISION='0'
LIBEZIMBRA_CAL_AGE='0'
LIBEZIMBRA_CAL_CURRENT='0'
LIBEZIMBRA_CAL_REVISION='0'
LIBEZIMBRA_CURRENT='0'
LIBEZIMBRA_REVISION='0'
LIBOBJS=''
LIBS=''
LIBTOOL='$(SHELL) $(top_builddir)/libtool'
LIBXML_CFLAGS='-I/usr/include/libxml2  '
LIBXML_LIBS='-lxml2 -lz -lm  '
LN_S='ln -s'
LTLIBOBJS=''
MAKEINFO='/home/scott/drydock/evolution-zimbra/missing makeinfo'
MKINSTALLDIRS='./mkinstalldirs'
MSGFMT='/usr/bin/msgfmt'
OBJEXT='o'
PACKAGE='evolution-zimbra'
PACKAGE_BUGREPORT=''
PACKAGE_NAME=''
PACKAGE_STRING=''
PACKAGE_TARNAME=''
PACKAGE_VERSION=''
PATH_SEPARATOR=':'
PKG_CONFIG='/usr/bin/pkg-config'
POFILES=' en.po'
POSUB='po'
PO_IN_DATADIR_FALSE=''
PO_IN_DATADIR_TRUE=''
RANLIB='ranlib'
SET_MAKE=''
SHELL='/bin/sh'
STRIP='strip'
USE_NLS='yes'
VERSION='0.1.0'
XGETTEXT='/usr/bin/xgettext'
ZIMBRA_CFLAGS=' -I$(top_srcdir) -I$(top_builddir)'
ZIMBRA_LIBS='$(top_builddir)/libezimbra/libezimbra.la'
ac_ct_AR='ar'
ac_ct_CC='gcc'
ac_ct_CXX='g++'
ac_ct_F77=''
ac_ct_RANLIB='ranlib'
ac_ct_STRIP='strip'
ac_pt_PKG_CONFIG='/usr/bin/pkg-config'
backenddir='/usr/lib/evolution-data-server-1.2/extensions'
bindir='${exec_prefix}/bin'
build='i686-pc-linux-gnu'
build_alias=''
build_cpu='i686'
build_os='linux-gnu'
build_vendor='pc'
camel_privincludedir=''
camel_privlibdir='/usr/lib/evolution-data-server-1.6'
camel_providerdir='/usr/lib/evolution-data-server-1.2/camel-providers'
datadir='${prefix}/share'
eerrordir='/usr/share/evolution/2.6/errors'
eplugindir='/usr/lib/evolution/2.6/plugins'
exec_prefix='${prefix}'
gladedir='$(datadir)/evolution-zimbra/$(BASE_VERSION)/glade'
host='i686-pc-linux-gnu'
host_alias=''
host_cpu='i686'
host_os='linux-gnu'
host_vendor='pc'
includedir='${prefix}/include'
infodir='${prefix}/info'
libdir='${exec_prefix}/lib'
libexecdir='${exec_prefix}/libexec'
localedir='$(prefix)/$(DATADIRNAME)/locale'
localstatedir='${prefix}/var'
mandir='${prefix}/man'
oldincludedir='/usr/include'
prefix='/usr'
program_transform_name='s,x,x,'
sbindir='${exec_prefix}/sbin'
sharedstatedir='${prefix}/com'
sysconfdir='${prefix}/etc'
target_alias=''

## ------------- ##
## Output files. ##
## ------------- ##

EPLUGIN_RULE='./eplugin.mk'

## ----------- ##
## confdefs.h. ##
## ----------- ##

#define BASE_VERSION "2.6"
#define BONOBO_DISABLE_DEPRECATED 1
#define BONOBO_UI_DISABLE_DEPRECATED 1
#define CAMEL_EXPLICIT_TRANSLATION_DOMAIN "evolution-zimbra-2.6"
#define ENABLE_NLS 1
#define EVOLUTION_BASE_VERSION "2.6"
#define GCONF_DISABLE_DEPRECATED 1
#define GDK_DISABLE_DEPRECATED 1
#define GETTEXT_PACKAGE "evolution-zimbra-2.6"
#define GLOG_DISABLE_LOGGING 1
#define GNOME_DISABLE_DEPRECATED 1
#define GTK_DISABLE_DEPRECATED 1
#define G_DISABLE_DEPRECATED 1
#define HAVE_BIND_TEXTDOMAIN_CODESET 1
#define HAVE_DCGETTEXT 1
#define HAVE_DLFCN_H 1
#define HAVE_GETTEXT 1
#define HAVE_INTTYPES_H 1
#define HAVE_ISBLANK 1
#define HAVE_LC_MESSAGES 1
#define HAVE_LOCALE_H 1
#define HAVE_MEMORY_H 1
#define HAVE_MKDTEMP 1
#define HAVE_MKSTEMP 1
#define HAVE_PRINTF_EXTENSION 1
#define HAVE_STDINT_H 1
#define HAVE_STDLIB_H 1
#define HAVE_STRINGS_H 1
#define HAVE_STRING_H 1
#define HAVE_SYS_STAT_H 1
#define HAVE_SYS_TYPES_H 1
#define HAVE_TM_GMTOFF 1
#define HAVE_UNISTD_H 1
#define LIBGLADE_DISABLE_DEPRECATED 1
#define PACKAGE "evolution-zimbra"
#define PACKAGE_BUGREPORT ""
#define PACKAGE_NAME ""
#define PACKAGE_STRING ""
#define PACKAGE_TARNAME ""
#define PACKAGE_VERSION ""
#define STDC_HEADERS 1
#define VERSION "0.1.0"
#endif
#ifdef __cplusplus
extern "C" void std::exit (int) throw (); using std::exit;

configure: exit 0

## ---------------------- ##
## Running config.status. ##
## ---------------------- ##

This file was extended by config.status, which was
generated by GNU Autoconf 2.59.  Invocation command line was

  CONFIG_FILES    = Makefile
  CONFIG_HEADERS  = 
  CONFIG_LINKS    = 
  CONFIG_COMMANDS = 
  $ ./config.status 

on dapper

config.status:858: creating Makefile
config.status:1256: executing default-1 commands
config.status:1256: executing intltool commands
config.status:1256: executing default-2 commands
config.status:1256: executing po/stamp-it commands

## ---------------------- ##
## Running config.status. ##
## ---------------------- ##

This file was extended by config.status, which was
generated by GNU Autoconf 2.59.  Invocation command line was

  CONFIG_FILES    = camel/Makefile
  CONFIG_HEADERS  = 
  CONFIG_LINKS    = 
  CONFIG_COMMANDS = 
  $ ./config.status 

on dapper

config.status:858: creating camel/Makefile
config.status:1256: executing default-1 commands
config.status:1256: executing intltool commands
config.status:1256: executing default-2 commands
config.status:1256: executing po/stamp-it commands

## ---------------------- ##
## Running config.status. ##
## ---------------------- ##

This file was extended by config.status, which was
generated by GNU Autoconf 2.59.  Invocation command line was

  CONFIG_FILES    = eplugin/Makefile
  CONFIG_HEADERS  = 
  CONFIG_LINKS    = 
  CONFIG_COMMANDS = 
  $ ./config.status 

on dapper

config.status:858: creating eplugin/Makefile
config.status:1256: executing default-1 commands
config.status:1256: executing intltool commands
config.status:1256: executing default-2 commands
config.status:1256: executing po/stamp-it commands

## ---------------------- ##
## Running config.status. ##
## ---------------------- ##

This file was extended by config.status, which was
generated by GNU Autoconf 2.59.  Invocation command line was

  CONFIG_FILES    = calendar/Makefile
  CONFIG_HEADERS  = 
  CONFIG_LINKS    = 
  CONFIG_COMMANDS = 
  $ ./config.status 

on dapper

config.status:858: creating calendar/Makefile
config.status:1256: executing default-1 commands
config.status:1256: executing intltool commands
config.status:1256: executing default-2 commands
config.status:1256: executing po/stamp-it commands

## ---------------------- ##
## Running config.status. ##
## ---------------------- ##

This file was extended by config.status, which was
generated by GNU Autoconf 2.59.  Invocation command line was

  CONFIG_FILES    = addressbook/Makefile
  CONFIG_HEADERS  = 
  CONFIG_LINKS    = 
  CONFIG_COMMANDS = 
  $ ./config.status 

on dapper

config.status:858: creating addressbook/Makefile
config.status:1256: executing default-1 commands
config.status:1256: executing intltool commands
config.status:1256: executing default-2 commands
config.status:1256: executing po/stamp-it commands

## ---------------------- ##
## Running config.status. ##
## ---------------------- ##

This file was extended by config.status, which was
generated by GNU Autoconf 2.59.  Invocation command line was

  CONFIG_FILES    = libezimbra/Makefile
  CONFIG_HEADERS  = 
  CONFIG_LINKS    = 
  CONFIG_COMMANDS = 
  $ ./config.status 

on dapper

config.status:858: creating libezimbra/Makefile
config.status:1256: executing default-1 commands
config.status:1256: executing intltool commands
config.status:1256: executing default-2 commands
config.status:1256: executing po/stamp-it commands

## ---------------------- ##
## Running config.status. ##
## ---------------------- ##

This file was extended by config.status, which was
generated by GNU Autoconf 2.59.  Invocation command line was

  CONFIG_FILES    = glog/glogversion.h
  CONFIG_HEADERS  = 
  CONFIG_LINKS    = 
  CONFIG_COMMANDS = 
  $ ./config.status 

on dapper

config.status:858: creating glog/glogversion.h
config.status:1256: executing default-1 commands
config.status:1256: executing intltool commands
config.status:1256: executing default-2 commands
config.status:1256: executing po/stamp-it commands

## ---------------------- ##
## Running config.status. ##
## ---------------------- ##

This file was extended by config.status, which was
generated by GNU Autoconf 2.59.  Invocation command line was

  CONFIG_FILES    = glog/Makefile
  CONFIG_HEADERS  = 
  CONFIG_LINKS    = 
  CONFIG_COMMANDS = 
  $ ./config.status 

on dapper

config.status:858: creating glog/Makefile
config.status:1256: executing default-1 commands
config.status:1256: executing intltool commands
config.status:1256: executing default-2 commands
config.status:1256: executing po/stamp-it commands

## ---------------------- ##
## Running config.status. ##
## ---------------------- ##

This file was extended by config.status, which was
generated by GNU Autoconf 2.59.  Invocation command line was

  CONFIG_FILES    = 
  CONFIG_HEADERS  = config.h
  CONFIG_LINKS    = 
  CONFIG_COMMANDS = 
  $ ./config.status 

on dapper

config.status:924: creating config.h
config.status:1098: config.h is unchanged
config.status:1256: executing default-1 commands
config.status:1256: executing intltool commands
config.status:1256: executing default-2 commands
config.status:1256: executing po/stamp-it commands

## ---------------------- ##
## Running config.status. ##
## ---------------------- ##

This file was extended by config.status, which was
generated by GNU Autoconf 2.59.  Invocation command line was

  CONFIG_FILES    = libezimbra/zimbra-version.h
  CONFIG_HEADERS  = 
  CONFIG_LINKS    = 
  CONFIG_COMMANDS = 
  $ ./config.status 

on dapper

config.status:858: creating libezimbra/zimbra-version.h
config.status:1256: executing default-1 commands
config.status:1256: executing intltool commands
config.status:1256: executing default-2 commands
config.status:1256: executing po/stamp-it commands
