|SourceProjectName:Zimbra Mail Help.hpr
|DestinationProjectName:Zimbra_Mail_Help.htm
whhost.js
whmsg.js
whmozemu.js
whproxy.js
whstub.js
whutils.js
whver.js
whform.js
whphost.js
whstart.js
whtopic.js
whframes.js
whlang.js
whskin_info.htm
whskin_blank.htm
whskin_pickup.htm
whskin_homepage.htm
whskin_tw.htm
whnjs.htm
whthost.js
whtdhtml.htm
whihost.js
whibody.htm
whiform.htm
whfhost.js
whfbody.htm
whfform.htm
whghost.js
whgbody.htm
whgdhtml.htm
whgdef.htm
whproj.js
whproj.xml
whproj.htm
whxdata\whtoc.xml
whxdata\whidx.xml
whxdata\whfts.xml
whxdata\whglo.xml
whdata\whtoc.js
whdata\whtoc.htm
whdata\whtdata.js
whdata\whidx.js
whdata\whidx.htm
whdata\whidata.js
whdata\whfts.js
whdata\whfts.htm
whdata\whglo.js
whdata\whglo.htm
whdata\whgdata.js
whdata\whftdata.js
whdata\whfwdata.js
whres.xml
WebHelp.jar
WebHelp.cab
whgdata\whnvp30.htm
whgdata\whnvp31.htm
whgdata\whnvp32.htm
whgdata\whnvp33.htm
whgdata\whnvt30.htm
whgdata\whnvt31.htm
whgdata\whnvt32.htm
whgdata\whnvt33.htm
whgdata\whnvf30.htm
whgdata\whnvf31.htm
whgdata\whnvf32.htm
whgdata\whnvf33.htm
whgdata\whnvl31.htm
whgdata\whnvl32.htm
whgdata\whnvl33.htm
whgdata\whexpbar.gif
cshdat_webhelp.htm
whcsh_home.htm
whcshdata.htm
cshdat_robohelp.htm
wht_tab0.gif
wht_tab1.gif
wht_tab2.gif
wht_tab3.gif
wht_tab4.gif
wht_tab5.gif
wht_tab6.gif
wht_tab7.gif
wht_tab8.gif
wht_glo_h.gif
wht_glo_n.gif
wht_fts_h.gif
wht_fts_n.gif
wht_idx_h.gif
wht_idx_n.gif
wht_toc_h.gif
wht_toc_n.gif
wht_ws.gif
wht_ws_g.gif
wht_logo1.gif
wht_logo2.gif
wht_abgw.jpg
wht_abgi.jpg
wht_abge.jpg
wht_abtw.jpg
wht_abte.jpg
wht_abti.jpg
wht_spac.gif
wht_next.gif
wht_next_g.gif
wht_prev.gif
wht_prev_g.gif
wht_sync.gif
wht_hide.gif
wht_go.gif
whstart.ico
whestart.ico
whrstart.ico
whidhtml.htm
whfdhtml.htm
whskin_banner.htm
whtbar.js
blueback.gif
content.gif
index.gif
search.gif
other_index.gif
go.gif
desktop_icon_small.png
yahoo_zimbra_desktop.PNG
leftarrow.gif
r01.gif
rightarrow.gif
r02.gif
directional.gif
close.gif
urls.gif
book_closed.gif
bookopen.gif
page.gif
whskin_pdhtml.htm
whskin_papplet.htm
whskin_plist.htm
whskin_tbars.htm
whskin_mbars.htm
whskin_frmset010.htm
whst_topics.xml
whskin_frmset01.htm
Zimbra_Mail_Help_hha.hhk
Zimbra_Mail_Help.hhc
Zimbra_Mail_Help.hhk
Calendar\About_Appointments,_Meetings_and_Events.htm
Calendar\About_the_Appointment_Page.htm
Calendar\Adding_background_color_to_calendars.htm
Calendar\Calendar_Views.htm
Calendar\Creating_recurring_appointments.htm
Calendar\Deleting_Calendars.htm
Calendar\Deleting_recurring_appointments.htm
Calendar\Exporting_your_iCal_calendar.htm
Calendar\Importing_your_iCal_calendar.htm
Calendar\Printing_a_calendar.htm
Calendar\Responding_to_an_invitation.htm
Calendar\Scheduling_meetings.htm
Calendar\Seeing_free_busy_times.htm
Calendar\Turning_a_message_into_a_meeting_request.htm
Calendar\Using_QuickAdd_to_Create_an_Appointment.htm
Calendar\z-Using_Calendars.htm
Contacts\creating_a_new_contact.htm
Contacts\Creating_Group_Contact_Lists.htm
Contacts\deleting_a_contact.htm
Contacts\editing_a_contact.htm
Contacts\Exporting_Address_Books.htm
Contacts\gal_vs_contacts.htm
Contacts\Importing_Contacts.htm
Contacts\Printing_Contacts.htm
Contacts\z-Viewing_contacts.htm
conversations\conversation_list_view.htm
conversations\conversations_can_span_folders.htm
conversations\printing_a_conversation.htm
Creating_Messages\attaching_files_to_a_mail_message.htm
Creating_Messages\Attachment_File_Types_Supported.htm
Creating_Messages\Creating_a_new_mail_message.htm
Creating_Messages\forwarding_a_mail_message.htm
Creating_Messages\parts_of_an_email_message.htm
Creating_Messages\saving_a_draft_message.htm
Creating_Messages\undeliverable_mail.htm
Creating_Messages\Using_address_lookup.htm
Creating_Messages\using_cc__and_bcc__addresses.htm
Creating_Messages\Using_HTML_Editor.htm
Delegated_mailboxes\Accepting_access_to_the_shared_mailbox_folder.htm
Delegated_mailboxes\Revoking_a_access_to_a_shared_folder.htm
Delegated_mailboxes\Working_within_a_shared_mail_folder.htm
Documents\Adding_a_table_to_a_Wiki_Notebook_Page.htm
Documents\Create_a_new_page.htm
Documents\Create_multiple_notebooks.htm
Documents\Using_the_rich_text_editor.htm
Documents\Working_in_Notebooks.htm
filters\filter_conditions_and_actions_supported.htm
filters\filtering_your_messages.htm
filters\how_filtering_works.htm
filters\wildcards.htm
Getting_Started\user_interface_features_and_shortcuts.htm
Getting_Started\Z-Keyboard_shortcut_keys.htm
Getting_Started\Zimbra_User_Help.htm
managing_your_account\Backing_up_the_Content_of_Your_Account.htm
Miscellaneous_one_off_topics\Working_in_Briefcase.htm
Navigation_folders_and_tips\applying_actions_to_multiple_selections.htm
Navigation_folders_and_tips\b_Subscribe_to_RSS_Atom_feeds.htm
Navigation_folders_and_tips\categorizing_your_mail_messages.htm
Navigation_folders_and_tips\creating_custom_folders.htm
Navigation_folders_and_tips\Customize_your_view.htm
Navigation_folders_and_tips\Customizing_your_initial_email_page.htm
Navigation_folders_and_tips\deleting_folders.htm
Navigation_folders_and_tips\Folders_area.htm
Navigation_folders_and_tips\inbox_folder.htm
Navigation_folders_and_tips\Keyboard_Shortcut_Keys.htm
Navigation_folders_and_tips\moving_mail_messages_between_folders.htm
Navigation_folders_and_tips\renaming_folders.htm
Navigation_folders_and_tips\right-click_menus.htm
Navigation_folders_and_tips\sorting_conversations.htm
Navigation_folders_and_tips\Traditional_View.htm
Navigation_folders_and_tips\trash_folder.htm
Navigation_folders_and_tips\z-Accessing_your_folders.htm
Navigation_folders_and_tips\z-Navigating_Zimbra_Desktop.htm
reading_mail\archiving_old_messages.htm
reading_mail\how_to_tell_when_you_ve_got_new_mail.htm
reading_mail\Importing_Folders.htm
reading_mail\marking_mail_as_unread.htm
reading_mail\opening_file_attachments.htm
reading_mail\printing_a_mail_message.htm
reading_mail\Reading_Mail_from_the_Reading_Pane.htm
reading_mail\recovering_deleted_mail_messages.htm
reading_mail\replying_to_mail_messages.htm
Search\_search__vs.__search_for_.htm
Search\and_vs_or_searches.htm
Search\building_search_queries.htm
Search\contains_vs_matches.htm
Search\query_language_description.htm
Search\Quick_search.htm
Search\saving_search_queries.htm
Search\search_examples.htm
Search\using_the_search_feature.htm
Search\Using_Wildcard_in_Search.htm
Tags_and_flags\Assigning_tags_to_messages.htm
Tags_and_flags\deleting_tags.htm
Tags_and_flags\Flagging_an_email_message.htm
Tags_and_flags\Using_tags_to_classify_mail_messages.htm
Tasks\About_Tasks.htm
Tasks\Add_a_task.htm
Tasks\Change_a_task.htm
Tasks\Create_tasks_folders.htm
Tasks\Delete_a_task.htm
Tasks\Moving_tasks.htm
Tasks\Sorting_tasks_.htm
Userspecific\Changing_your_default_timezone.htm
Userspecific\Mail_Identities.htm
Userspecific\New_mail_notifications.htm
Userspecific\Setting_a_Forwarding_Address.htm
Userspecific\Setting_up_desktop_alerts.htm
Userspecific\using_a_signature.htm
Userspecific\vacation_message.htm
Userspecific\z-Setting_your_Desktop_Preferences.htm
version.htm
Zdesktop\Archiving_your_email_messages.htm
Zdesktop\Overview_of_Yahoo_Zimbra_Desktop_Features.htm
Zdesktop\Synchronize_your_account_to_Zimbra_Desktop.htm
Zdesktop\Turning_Off_Automatic_Sync.htm
Zdesktop\z-Changing_account_order_on_Desktop.htm
Zdesktop\z-Deleting_an_account_from_Desktop.htm
Zdesktop\z-Setting_up_POP_IMAP_accounts.htm
Zdesktop\z-Setting_up_Yahoo!_Mail_Plus,_Gmail,_AOL_account_setup.htm
Zdesktop\Z-Setting_up_your_Zimbra_Web_Client_account.htm
Zdesktop\z-Working_Offline.htm
Zdesktop\zd_Sharing_Folders_steps_.htm
Zdesktop\zd_Sharing_Your_Zimbra_Folders.htm
Zdesktop\zd_working_in_a_shared_folder.htm
Zimlets\About_Zimlets.htm
RoboHHRE.lng
Zimbra_Mail_Help.glo
default.css
Tasks_content_pane.png
movable_sash.png
image.png
trash.png
briefcase_uploadbutton.png
basic_search.gif
attachment.gif
ZD_toaster.png
viewlink.png
mailnotificationtab.png
add_attachment_75.png
groupcontasticon.png
searchbar.gif
briefcase_new.png
draganddrop.png
account_name_displayed.png
tag.png
move.png
tables.png
para_styles.png
table.png
createnewnb.png
plusbutton.gif
image19.jpg
ZD_tool_tips.png
spell.png
rd_blue_right.jpg
free_busy.png
mailicon.png
tag-purple.gif
archivesync_off.png
link.png
paging.png
calendarmultimgtview.gif
ZD_Main_page.png
paperclip.png
tradtional_view.png
no_green.png
zd_downarrow_menu.png
localfolders.png
message_count.png
searchbutton75.png
searchsavebutton.gif
tag-list.gif
newpage.png
newandarrow.gif
rss.png
overviewpane.png
forward.gif
syncoff.png
right-clickmenus80.png
spreadsheet_icon.png
print.gif
CCase.png
newfolder.png
conversation_view80.png
newwitharrow.gif
ehlpdhtm.js
Zimbra_Mail_Help.ppf
ss_btn_related_topics.gif
default_ns.css
Calendar\rd_blue_right.jpg
Contacts\rd_blue_right.jpg
conversations\rd_blue_right.jpg
Creating_Messages\rd_blue_right.jpg
Delegated_mailboxes\rd_blue_right.jpg
Documents\rd_blue_right.jpg
filters\rd_blue_right.jpg
Getting_Started\rd_blue_right.jpg
managing_your_account\rd_blue_right.jpg
Miscellaneous_one_off_topics\rd_blue_right.jpg
Navigation_folders_and_tips\rd_blue_right.jpg
reading_mail\rd_blue_right.jpg
Search\rd_blue_right.jpg
Tags_and_flags\rd_blue_right.jpg
Tasks\rd_blue_right.jpg
Userspecific\rd_blue_right.jpg
Zdesktop\rd_blue_right.jpg
Zimlets\rd_blue_right.jpg
whxdata\whtdata0.xml
whxdata\whtdata1.xml
whxdata\whtdata2.xml
whxdata\whtdata3.xml
whxdata\whidata0.xml
whxdata\whftdata0.xml
whxdata\whftdata1.xml
whxdata\whfwdata0.xml
whxdata\whfwdata1.xml
whxdata\whfwdata2.xml
whxdata\whfwdata3.xml
whxdata\whfwdata4.xml
whxdata\whfwdata5.xml
whxdata\whfwdata6.xml
whxdata\whfwdata7.xml
whdata\whtdata0.htm
whdata\whtdata1.htm
whdata\whtdata2.htm
whdata\whtdata3.htm
whdata\whidata0.htm
whdata\whftdata0.htm
whdata\whftdata1.htm
whdata\whfwdata0.htm
whdata\whfwdata1.htm
whdata\whfwdata2.htm
whdata\whfwdata3.htm
whdata\whfwdata4.htm
whdata\whfwdata5.htm
whdata\whfwdata6.htm
whdata\whfwdata7.htm
whgdata\whlstt0.htm
whgdata\whlstt1.htm
whgdata\whlstt2.htm
whgdata\whlstt3.htm
whgdata\whlstt4.htm
whgdata\whlstt5.htm
whgdata\whlstt6.htm
whgdata\whlstt7.htm
whgdata\whlstt8.htm
whgdata\whlstt9.htm
whgdata\whlstt10.htm
whgdata\whlstt11.htm
whgdata\whlstt12.htm
whgdata\whlstt13.htm
whgdata\whlstt14.htm
whgdata\whlstt15.htm
whgdata\whlstt16.htm
whgdata\whlstt17.htm
whgdata\whlstt18.htm
whgdata\whlsti0.htm
whgdata\whlstfl0.htm
whgdata\whlstfl1.htm
whgdata\whlstfl2.htm
whgdata\whlstfl3.htm
whgdata\whlstfl4.htm
whgdata\whlstfl5.htm
whgdata\whlstfl6.htm
whgdata\whlstfl7.htm
whgdata\whlstfl8.htm
whgdata\whlstfl9.htm
whgdata\whlstfl10.htm
whgdata\whlstfl11.htm
whgdata\whlstfl12.htm
whgdata\whlstfl13.htm
whgdata\whlstfl14.htm
whgdata\whlstfl15.htm
whgdata\whlstfl16.htm
whgdata\whlstfl17.htm
whgdata\whlstfl18.htm
whgdata\whlstfl19.htm
whgdata\whlstfl20.htm
whgdata\whlstfl21.htm
whgdata\whlstfl22.htm
whgdata\whlstfl23.htm
whgdata\whlstfl24.htm
whgdata\whlstf0.htm
whgdata\whlstf1.htm
whgdata\whlstf2.htm
whgdata\whlstf3.htm
whgdata\whlstf4.htm
whgdata\whlstf5.htm
whgdata\whlstf6.htm
whgdata\whlstf7.htm
whgdata\whlstf8.htm
whgdata\whlstf9.htm
whgdata\whlstf10.htm
whgdata\whlstf11.htm
whgdata\whlstf12.htm
whgdata\whlstf13.htm
whgdata\whlstf14.htm
whgdata\whlstf15.htm
whgdata\whlstf16.htm
whgdata\whlstf17.htm
whgdata\whlstf18.htm
whgdata\whlstf19.htm
whgdata\whlstf20.htm
whgdata\whlstf21.htm
whgdata\whlstf22.htm
whgdata\whlstf23.htm
whgdata\whlstg0.htm
Zimbra_Mail_Help.htm
Zimbra_Mail_Help_csh.htm
Zimbra_Mail_Help_rhc.htm
