|SourceProjectName:Administration Console Help.hpr
|DestinationProjectName:administration_console_help.htm
whhost.js
whmsg.js
whmozemu.js
whproxy.js
whstub.js
whutils.js
whver.js
whform.js
whphost.js
whstart.js
whtopic.js
whframes.js
whlang.js
whskin_info.htm
whskin_blank.htm
whskin_pickup.htm
whskin_homepage.htm
whskin_tw.htm
whnjs.htm
whthost.js
whtdhtml.htm
whihost.js
whibody.htm
whiform.htm
whfhost.js
whfbody.htm
whfform.htm
whghost.js
whgbody.htm
whgdhtml.htm
whgdef.htm
whproj.js
whproj.xml
whproj.htm
whxdata\whtoc.xml
whxdata\whidx.xml
whxdata\whglo.xml
whdata\whtoc.js
whdata\whtoc.htm
whdata\whtdata.js
whdata\whidx.js
whdata\whidx.htm
whdata\whidata.js
whdata\whglo.js
whdata\whglo.htm
whdata\whgdata.js
resource\resource.xml
whbrs.xml
whres.xml
whgdata\whnvp30.htm
whgdata\whnvp31.htm
whgdata\whnvp32.htm
whgdata\whnvp33.htm
whgdata\whnvt30.htm
whgdata\whnvt31.htm
whgdata\whnvt32.htm
whgdata\whnvt33.htm
whgdata\whnvf30.htm
whgdata\whnvf31.htm
whgdata\whnvf32.htm
whgdata\whnvf33.htm
whgdata\whnvl31.htm
whgdata\whnvl32.htm
whgdata\whnvl33.htm
whgdata\whexpbar.gif
cshdat_webhelp.htm
whcsh_home.htm
whcshdata.htm
cshdat_robohelp.htm
wht_tab0.gif
wht_tab1.gif
wht_tab2.gif
wht_tab3.gif
wht_tab4.gif
wht_tab5.gif
wht_tab6.gif
wht_tab7.gif
wht_tab8.gif
wht_glo_h.gif
wht_glo_n.gif
wht_fts_h.gif
wht_fts_n.gif
wht_idx_h.gif
wht_idx_n.gif
wht_toc_h.gif
wht_toc_n.gif
wht_ws.gif
wht_ws_g.gif
wht_logo1.gif
wht_logo2.gif
wht_abgw.jpg
wht_abgi.jpg
wht_abge.jpg
wht_abtw.jpg
wht_abte.jpg
wht_abti.jpg
wht_spac.gif
wht_next.gif
wht_next_g.gif
wht_prev.gif
wht_prev_g.gif
wht_sync.gif
wht_hide.gif
wht_go.gif
whstart.ico
whestart.ico
whrstart.ico
whidhtml.htm
whfdhtml.htm
whskin_banner.htm
whtbar.js
chr_back.gif
chr_con_on.gif
chr_con_out.gif
chr_ind_on.gif
chr_ind_out.gif
chr_sea_on.gif
chr_sea_out.gif
chr_glo_on.gif
chr_glo_out.gif
chr_search.gif
zimbra_icon_small.gif
zimbra_bug_50x30.gif
zimbra_watermark_small.gif
chr_arrow_le_out.gif
chr_arrow_le_on.gif
chr_arrow_ri_out.gif
chr_arrow_ri_on.gif
chr_sync.gif
chr_hide.gif
chr_webpage.gif
chr_book_clo.gif
chr_book_op.gif
chr_page.gif
whskin_pdhtml.htm
whskin_plist.htm
whskin_tbars.htm
whskin_mbars.htm
whskin_frmset010.htm
whst_topics.xml
whskin_frmset01.htm
administration_console_help_hha.hhk
administration_console_help.hhc
administration_console_help.hhk
admin_console_misc\enhancing_the_zimbra_admin_console_user_interface.htm
admin_console_misc\removing_admin_extension_modules.htm
cos\assigning_accounts_to_different_servers.htm
cos\class_of_service.htm
cos\creating_classes_of_service.htm
cos\customizing_ui_themes.htm
cos\override_cos_settings.htm
documents\about_zimbra_documents.htm
documents\managing_domain_documents.htm
getting_started\about_the_administration_console.htm
getting_started\about_zcs.htm
getting_started\management_tasks_not_available_from_the_console.htm
getting_started\tasks_performed_from_aministration_console.htm
managing_accounts\account_advanced_features.htm
managing_accounts\adding_distribution_lists_to_an_account.htm
managing_accounts\bulk_provisioning.htm
managing_accounts\changing_account_status.htm
managing_accounts\changing_quota_settings.htm
managing_accounts\create_a_resource.htm
managing_accounts\create_an_account.htm
managing_accounts\creating_a_mail_aliases.htm
managing_accounts\delete_distribution_lists.htm
managing_accounts\distribution_lists.htm
managing_accounts\editing_accounts.htm
managing_accounts\enabling_the_calendar_feature.htm
managing_accounts\forwarding_mail.htm
managing_accounts\how_to_provision_multiple_accounts.htm
managing_accounts\mailbox_usage.htm
managing_accounts\managing_resource.htm
managing_accounts\managing_shared_items_with_distribution_lists.htm
managing_accounts\monitoring_a_resource_account_calendar.htm
managing_accounts\preferences.htm
managing_accounts\provisioning_accounts.htm
managing_accounts\purging_mail_messages.htm
managing_accounts\renaming_an_account.htm
managing_accounts\restricting_passwords.htm
managing_accounts\setting_the_devault_zwc_login_version.htm
managing_accounts\taking_a_resource_out_of_service.htm
managing_domains\autocomplete_on_gal.htm
managing_domains\changing_a_domain_name.htm
managing_global_settings\anti-spam_protection.htm
managing_global_settings\anti-virus_configuration_options.htm
managing_global_settings\blocking_attachments_to_email.htm
managing_global_settings\blocking_messages_with_specific_extensions.htm
managing_global_settings\configuring_imap.htm
managing_global_settings\configuring_pop.htm
managing_global_settings\configuring_the_mta_tab_for_global_settings.htm
managing_global_settings\general_information_for_global_settings.htm
managing_global_settings\global_attachment_settings.htm
managing_global_settings\global_settings.htm
managing_global_settings\imap_and_pop_proxy_server.htm
managing_global_settings\mta_smtp_restrictions.htm
managing_global_settings\relay_mta_for_external_delivery.htm
managing_servers\configuring_the_mta_tab_for_servers.htm
managing_servers\flushing_the_server_cache.htm
managing_servers\managing_servers.htm
managing_servers\monitoring_zimbra_collaboration_suite.htm
managing_servers\session_timeout.htm
managing_servers\stopping_mailbox_service_on_a_server.htm
managing_servers\viewing_mailbox_quotas.htm
managing_servers\volume_management.htm
migration_wizard\import_destination_domino.htm
migration_wizard\import_source_for_dominos.htm
migration_wizard\mw_account_provisioning.htm
migration_wizard\mw_destination_domain.htm
migration_wizard\mw_domino_ldap_server_information.htm
migration_wizard\mw_domino_source_and_destination_mailboxes.htm
migration_wizard\mw_import_destination.htm
migration_wizard\mw_import_in_progress.htm
migration_wizard\mw_import_options.htm
migration_wizard\mw_mapi_logon.htm
migration_wizard\mw_source_and_destination_mailboxes.htm
migration_wizard\mw_target_account_verification.htm
migration_wizard\mw_using_the_migration_wizard.htm
migration_wizard\zimbra_migration_wizard_for_lotus_domino.htm
monitoring\about_mta_queues.htm
monitoring\checking_usage_statistics.htm
monitoring\creating_advanced_server_statistics.htm
monitoring\daily_mail_reports.htm
monitoring\disk_space_avability_alert.htm
monitoring\getting_latest_software_updates.htm
monitoring\monitoring_zimbra_mta_mail_queues.htm
monitoring\view_server_status.htm
passwords\changing_a_password.htm
passwords\changing_locked_out_status.htm
passwords\password_options.htm
passwords\setting_account_lockout_rules.htm
passwords\setting_password_rules.htm
passwords\setting_passwords.htm
popup_and_hotspots_\lmtp.htm
search\advanced_search.htm
search\help_search.htm
ui_themes\defining_theme_for_the_zimbra_web_client_ui.htm
ui_themes\how_to_customize_theme_colors_and_logos.htm
ui_themes\how_to_customize_themes_and_logos.htm
ui_themes\making_ui_themes_available_by_account.htm
ui_themes\restricting_user_interface_theme_choice.htm
version_and_trademarks.htm
zimlets\about_zimlets.htm
zimlets\adding_zimlets_to_cos_and_accounts.htm
zimlets\removing_zimlets.htm
zimlets\removing_zimlets_from_the_zimbra_server.htm
zimlets\setting_up_zimlets_in_zcs.htm
robohhre.lng
whlang_nc.js
whmsg_nc.js
whproxy_nc.js
whtopic_nc.js
whutils_nc.js
whver_nc.js
administration_console_help.glo
default.css
migration_wizard\default.css
default_ns_nc.css
blue_right.gif
emailzimlet.png
selection.png
toolbardefault.png
x.png
ocean_arrow_med.gif
phonezimlet.png
check.png
selectionmsg.png
calendarzimlet2.png
full_zimbra_logo_150x38_nc.gif
logo_login_banner.png
blue_right.jpg
mwimportinprogress.gif
adminconsole5.png
migration_wizard\ocean_arrow_med.gif
ehlpdhtm.js
administration_console_help.ppf
ss_btn_related_topics.gif
whxdata\package_0.xml
whxdata\package_1.xml
whxdata\package_2.xml
whxdata\package_3.xml
whxdata\package_4.xml
whxdata\package_5.xml
whxdata\package_6.xml
whxdata\package_7.xml
whxdata\package_8.xml
whxdata\package_9.xml
whxdata\package_10.xml
whxdata\package_11.xml
whxdata\package_12.xml
whxdata\package_13.xml
whxdata\package_14.xml
whxdata\package_15.xml
whxdata\package_16.xml
whxdata\package_17.xml
whxdata\package_18.xml
whxdata\packageindex.xml
whxdata\synonym.xml
whxdata\topictable_0.xml
whxdata\topictable_1.xml
whxdata\topictableindex.xml
whxdata\whfts.xml
whxdata\whtdata0.xml
whxdata\whidata0.xml
whxdata\whidata1.xml
whxdata\whidata2.xml
whdata\whtdata0.htm
whdata\whidata0.htm
whdata\whidata1.htm
whdata\whidata2.htm
whgdata\whlstt0.htm
whgdata\whlstt1.htm
whgdata\whlstt2.htm
whgdata\whlstt3.htm
whgdata\whlstt4.htm
whgdata\whlstt5.htm
whgdata\whlstt6.htm
whgdata\whlstt7.htm
whgdata\whlstt8.htm
whgdata\whlstt9.htm
whgdata\whlstt10.htm
whgdata\whlstt11.htm
whgdata\whlstt12.htm
whgdata\whlstt13.htm
whgdata\whlstt14.htm
whgdata\whlstt15.htm
whgdata\whlstt16.htm
whgdata\whlstt17.htm
whgdata\whlsti0.htm
whgdata\whlsti1.htm
whgdata\whlstfl0.htm
whgdata\whlstfl1.htm
whgdata\whlstfl2.htm
whgdata\whlstfl3.htm
whgdata\whlstfl4.htm
whgdata\whlstfl5.htm
whgdata\whlstfl6.htm
whgdata\whlstfl7.htm
whgdata\whlstfl8.htm
whgdata\whlstfl9.htm
whgdata\whlstfl10.htm
whgdata\whlstfl11.htm
whgdata\whlstfl12.htm
whgdata\whlstfl13.htm
whgdata\whlstfl14.htm
whgdata\whlstfl15.htm
whgdata\whlstfl16.htm
whgdata\whlstfl17.htm
whgdata\whlstfl18.htm
whgdata\whlstfl19.htm
whgdata\whlstfl20.htm
whgdata\whlstfl21.htm
whgdata\whlstfl22.htm
whgdata\whlstfl23.htm
whgdata\whlstf0.htm
whgdata\whlstf1.htm
whgdata\whlstf2.htm
whgdata\whlstf3.htm
whgdata\whlstf4.htm
whgdata\whlstf5.htm
whgdata\whlstf6.htm
whgdata\whlstf7.htm
whgdata\whlstf8.htm
whgdata\whlstf9.htm
whgdata\whlstf10.htm
whgdata\whlstf11.htm
whgdata\whlstf12.htm
whgdata\whlstf13.htm
whgdata\whlstf14.htm
whgdata\whlstf15.htm
whgdata\whlstf16.htm
whgdata\whlstf17.htm
whgdata\whlstf18.htm
whgdata\whlstf19.htm
whgdata\whlstf20.htm
whgdata\whlstf21.htm
whgdata\whlstf22.htm
whgdata\whlstg0.htm
administration_console_help.htm
administration_console_help_csh.htm
administration_console_help_rhc.htm
