|SourceProjectName:Zimbra Mail Help.hpr
|DestinationProjectName:Zimbra_User_Help.htm
whhost.js
whmsg.js
whmozemu.js
whproxy.js
whstub.js
whutils.js
whver.js
whform.js
whphost.js
whstart.js
whtopic.js
whframes.js
whlang.js
whskin_info.htm
whskin_blank.htm
whskin_pickup.htm
whskin_homepage.htm
whskin_tw.htm
whnjs.htm
whthost.js
whtdhtml.htm
whihost.js
whibody.htm
whiform.htm
whfhost.js
whfbody.htm
whfform.htm
whghost.js
whgbody.htm
whgdhtml.htm
whgdef.htm
whproj.js
whproj.xml
whproj.htm
whxdata\whtoc.xml
whxdata\whidx.xml
whxdata\whglo.xml
whdata\whtoc.js
whdata\whtoc.htm
whdata\whtdata.js
whdata\whidx.js
whdata\whidx.htm
whdata\whidata.js
whdata\whglo.js
whdata\whglo.htm
whdata\whgdata.js
resource\resource.xml
whbrs.xml
whres.xml
whgdata\whnvp30.htm
whgdata\whnvp31.htm
whgdata\whnvp32.htm
whgdata\whnvp33.htm
whgdata\whnvt30.htm
whgdata\whnvt31.htm
whgdata\whnvt32.htm
whgdata\whnvt33.htm
whgdata\whnvf30.htm
whgdata\whnvf31.htm
whgdata\whnvf32.htm
whgdata\whnvf33.htm
whgdata\whnvl31.htm
whgdata\whnvl32.htm
whgdata\whnvl33.htm
whgdata\whexpbar.gif
cshdat_webhelp.htm
whcsh_home.htm
whcshdata.htm
cshdat_robohelp.htm
wht_tab0.gif
wht_tab1.gif
wht_tab2.gif
wht_tab3.gif
wht_tab4.gif
wht_tab5.gif
wht_tab6.gif
wht_tab7.gif
wht_tab8.gif
wht_glo_h.gif
wht_glo_n.gif
wht_fts_h.gif
wht_fts_n.gif
wht_idx_h.gif
wht_idx_n.gif
wht_toc_h.gif
wht_toc_n.gif
wht_ws.gif
wht_ws_g.gif
wht_logo1.gif
wht_logo2.gif
wht_abgw.jpg
wht_abgi.jpg
wht_abge.jpg
wht_abtw.jpg
wht_abte.jpg
wht_abti.jpg
wht_spac.gif
wht_next.gif
wht_next_g.gif
wht_prev.gif
wht_prev_g.gif
wht_sync.gif
wht_hide.gif
wht_go.gif
whstart.ico
whestart.ico
whrstart.ico
whidhtml.htm
whfdhtml.htm
whskin_banner.htm
whtbar.js
chr_back.gif
chr_con_on.gif
chr_con_out.gif
chr_ind_on.gif
chr_ind_out.gif
chr_sea_on.gif
chr_sea_out.gif
chr_glo_on.gif
chr_glo_out.gif
chr_search.gif
zimbra_icon_small.gif
zimbra_bug_50x30.GIF
zimbra_watermark_small.GIF
chr_webpage.gif
chr_book_clo.gif
chr_book_op.gif
chr_page.gif
whskin_pdhtml.htm
whskin_plist.htm
whskin_tbars.htm
whskin_mbars.htm
whskin_frmset010.htm
whst_topics.xml
whskin_frmset01.htm
Zimbra_User_Help_hha.hhk
Zimbra_User_Help.hhc
Zimbra_User_Help.hhk
Briefcase\Send_Files_from_your_Briefcase.htm
Briefcase\Sharing_your_Briefcase.htm
Briefcase\Working_in_Briefcase.htm
Briefcase\Working_with_files_in_Briefcase.htm
Calendar\About_Appointments,_Meetings_and_Events.htm
Calendar\About_Calendar.htm
Calendar\About_the_Appointment_Page.htm
Calendar\Accepting_Access_to_Shared_Calendar.htm
Calendar\Adding_background_color_to_calendars.htm
Calendar\Admin_rights_for_shared_Calendars.htm
Calendar\Best_View_to_See_All_Your_Shared_Calendars.htm
Calendar\Calendar_List_View.htm
Calendar\Calendar_Views.htm
Calendar\Changing_a_meeting_.htm
Calendar\Create_Calendars.htm
Calendar\Creating_recurring_appointments.htm
Calendar\Declining_a_Calendar_Share_Request.htm
Calendar\Delegating_Calendar_Access.htm
Calendar\Deleting_an_appointment.htm
Calendar\Deleting_Calendars.htm
Calendar\Deleting_recurring_appointments.htm
Calendar\editing_meetings_on_your_calendar.htm
Calendar\Exporting_your_iCal_calendar.htm
Calendar\Identifying_who_can_invite_you_to_meetings.htm
Calendar\Importing_your_iCal_calendar.htm
Calendar\Manager_rights_for_shared_Calendars.htm
Calendar\Marking_an_appointment_as_private.htm
Calendar\Printing_a_calendar.htm
Calendar\Receiving_a_permission_denied_message.htm
Calendar\Responding_to_an_invitation.htm
Calendar\Scheduling_All_Day_events.htm
Calendar\Scheduling_meetings.htm
Calendar\Scheduling_Resources.htm
Calendar\Seeing_free_busy_times.htm
Calendar\Setting_permissions_to_see_your_free_busy_information.htm
Calendar\Turning_a_message_into_a_meeting_request.htm
Calendar\Using_QuickAdd_to_Create_an_Appointment.htm
Calendar\Using_the_Schedule_tab_when_creating_a_appointment.htm
Calendar\Viewing_Calendar_Week_Numbers.htm
Contacts\contacts.htm
Contacts\creating_a_new_contact.htm
Contacts\Creating_Group_Contact_Lists.htm
Contacts\deleting_a_contact.htm
Contacts\editing_a_contact.htm
Contacts\Exporting_Address_Books.htm
Contacts\Forwarding_Contact_Information.htm
Contacts\gal_vs_contacts.htm
Contacts\importing_a_contact_from_the_company_directory.htm
Contacts\Importing_Contacts.htm
Contacts\Printing_Contacts.htm
Contacts\Sharing_your_Address_Book.htm
Contacts\using_the_corporate_address_book.htm
conversations\conversation_list_view.htm
conversations\conversations_can_span_folders.htm
conversations\printing_a_conversation.htm
Creating_Messages\attaching_files_to_a_mail_message.htm
Creating_Messages\Attachment_File_Types_Supported.htm
Creating_Messages\Composing_a_new_mail_message.htm
Creating_Messages\Creating_a_new_mail_message.htm
Creating_Messages\forwarding_a_mail_message.htm
Creating_Messages\parts_of_an_email_message.htm
Creating_Messages\Requesting_a_Return_Receipt.htm
Creating_Messages\saving_a_draft_message.htm
Creating_Messages\Schedule_Emails_for_Future_Delivery.htm
Creating_Messages\undeliverable_mail.htm
Creating_Messages\Using_address_lookup.htm
Creating_Messages\using_cc__and_bcc__addresses.htm
Creating_Messages\Using_HTML_Editor.htm
Creating_Messages\Using_Spell_Check.htm
Delegated_mailboxes\Accepting_access_to_the_shared_mailbox_folder.htm
Delegated_mailboxes\How_sharing_your_mailbox_works.htm
Delegated_mailboxes\Revoking_a_access_to_a_shared_folder.htm
Delegated_mailboxes\Sharing_your_mailbox.htm
Delegated_mailboxes\Working_within_a_shared_mail_folder.htm
Documents\Adding_a_table_to_a_Wiki_Notebook_Page.htm
Documents\Create_a_new_page.htm
Documents\Using_the_rich_text_editor.htm
filters\filter_conditions_and_actions_supported.htm
filters\Filtering_Junk_Mail.htm
filters\filtering_your_messages.htm
filters\how_filtering_works.htm
filters\Managing_your_Junk_Folder.htm
filters\wildcards.htm
Getting_Started\about_liquid_mail.htm
Getting_Started\user_interface_features_and_shortcuts.htm
instant_messaging\Accessing_Instant_Messaging.htm
instant_messaging\Changing_status_and_availability.htm
instant_messaging\IM_Chat_Options_to_customize_your_chat_experience.htm
instant_messaging\Instant_Messaging_Basics.htm
instant_messaging\Log_into_other_IM_clients.htm
instant_messaging\Setting_IM_preferences.htm
instant_messaging\Starting_an_IM_chat.htm
managing_your_account\Backing_up_the_Content_of_Your_Account.htm
Miscellaneous_one_off_topics\Zimbra_Assistant.htm
Navigation_folders_and_tips\about_folders.htm
Navigation_folders_and_tips\applying_actions_to_multiple_selections.htm
Navigation_folders_and_tips\b_Subscribe_to_RSS_Atom_feeds.htm
Navigation_folders_and_tips\browser_use_with_liquid_mail.htm
Navigation_folders_and_tips\categorizing_your_mail_messages.htm
Navigation_folders_and_tips\Changing_my_default_client_type_for_log_in.htm
Navigation_folders_and_tips\creating_custom_folders.htm
Navigation_folders_and_tips\Customize_your_view.htm
Navigation_folders_and_tips\Customizing_your_initial_email_page.htm
Navigation_folders_and_tips\deleting_folders.htm
Navigation_folders_and_tips\Folders_area.htm
Navigation_folders_and_tips\inbox_folder.htm
Navigation_folders_and_tips\Keyboard_Shortcut_Keys.htm
Navigation_folders_and_tips\moving_mail_messages_between_folders.htm
Navigation_folders_and_tips\navigating_through_the_user_interface.htm
Navigation_folders_and_tips\renaming_folders.htm
Navigation_folders_and_tips\right-click_menus.htm
Navigation_folders_and_tips\trash_folder.htm
New_in_6.0.htm
reading_mail\archiving_old_messages.htm
reading_mail\displaying_html_in_email_messages.htm
reading_mail\how_to_tell_when_you_ve_got_new_mail.htm
reading_mail\marking_mail_as_unread.htm
reading_mail\opening_file_attachments.htm
reading_mail\printing_a_mail_message.htm
reading_mail\reading_mail.htm
reading_mail\Reading_Mail_from_the_Reading_Pane.htm
reading_mail\recovering_deleted_mail_messages.htm
reading_mail\replying_to_mail_messages.htm
Search\_search__vs.__search_for_.htm
Search\and_vs_or_searches.htm
Search\building_search_queries.htm
Search\contains_vs_matches.htm
Search\query_language_description.htm
Search\Quick_search.htm
Search\saving_search_queries.htm
Search\search_examples.htm
Search\Searching_for_Recipients_.htm
Search\using_the_search_feature.htm
Search\Using_Wildcard_in_Search.htm
Sharing\Managing_items_you_share.htm
Sharing\Sharing_a_folder.htm
Sharing\Sharing_with_a_Distribution_List.htm
Tags_and_flags\Assigning_tags_to_messages.htm
Tags_and_flags\deleting_tags.htm
Tags_and_flags\Flagging_an_email_message.htm
Tags_and_flags\Using_tags_to_classify_mail_messages.htm
Tasks\About_Tasks.htm
Tasks\Add_a_task.htm
Tasks\Change_a_task.htm
Tasks\Create_tasks_folders.htm
Tasks\Delete_a_task.htm
Tasks\Moving_tasks.htm
Tasks\Responding_when_a_task_folder_is_assigned_to_you.htm
Tasks\Setting_a_Reminder_in_Tasks.htm
Tasks\Share_your_Task_folder.htm
Tasks\Sorting_tasks_.htm
Userspecific\Adding_POP_accounts.htm
Userspecific\browser_session_handling.htm
Userspecific\Changing_your_default_timezone.htm
Userspecific\Changing_Your_User_Options.htm
Userspecific\chaning_your_password.htm
Userspecific\Creating_Personas.htm
Userspecific\Exporting_Items_from_your_account.htm
Userspecific\How_to_wipe_your_mobile_device.htm
Userspecific\if_you_forget_your_password.htm
Userspecific\if_your_session_expires.htm
Userspecific\Importing_and_Exporting_Items_.htm
Userspecific\logging_on_and_off.htm
Userspecific\Mail_Identities.htm
Userspecific\Managing_your_mobile_devices.htm
Userspecific\Managing_your_POP_Accounts.htm
Userspecific\New_mail_notifications.htm
Userspecific\Sending_your_free_busy_status_to_others.htm
Userspecific\Setting_a_Forwarding_Address.htm
Userspecific\Setting_up_desktop_alerts.htm
Userspecific\Setting_your_address_book_preferences.htm
Userspecific\Setting_your_Calendar_preferences.htm
Userspecific\Setting_your_general_preferences.htm
Userspecific\Setting_your_mail_preferences.htm
Userspecific\Setting_your_preferences_for_the_email_compose_window.htm
Userspecific\Setting_your_user_preferences.htm
Userspecific\using_a_signature.htm
Userspecific\vacation_message.htm
version.htm
Zimlets\About_Zimlets.htm
Zimlets\Managing_your_Zimlets.htm
RoboHHRE.lng
Zimbra_User_Help.glo
default.css
CalendarWeek.png
briefcase_add_attachment.png
logoffbutton.png
zimbra_bug_50x30_nc.GIF
addbuddy.png
yahooimage.png
contacts2.png
print.gif
calendarmultimgtview.gif
conversation_view80.png
View_icon.png
dndview.png
trash.png
newfolder.png
groupcontasticon.png
searchbutton75.png
image.png
onlineicon.png
viewlist.png
draganddrop.png
tag.png
briefcasetoolbar.png
attachment.gif
mailnotificationtab.png
image19.jpg
para_styles.png
cal_optionalicon.png
tootlips.png
documenttoolbar.png
move.png
overviewpane.png
table.png
searchbar.gif
plusbutton.gif
newwitharrow.gif
calschedule75.png
tradtional_view.png
message_count.png
69_view.png
movable_sash.png
tag-list.gif
cal_manatory_optionalpulldn.png
link.png
click_to_share.png
tag-purple.gif
basic_search.gif
right-clickmenus80.png
tables.png
AB_plussign.png
free_busy.png
shareproperties.png
privatelock.png
searchsavebutton.gif
AB_dropdownarrow.png
newandarrow.gif
rss.png
Tasks_content_pane.png
forward.gif
add_attachment_75.png
paperclip.png
createbriefcase.png
zimbra_logo_big.gif
ehlpdhtm.js
Zimbra_User_Help.ppf
whxdata\package_0.xml
whxdata\package_1.xml
whxdata\package_2.xml
whxdata\package_3.xml
whxdata\package_4.xml
whxdata\package_5.xml
whxdata\package_6.xml
whxdata\package_7.xml
whxdata\package_8.xml
whxdata\package_9.xml
whxdata\package_10.xml
whxdata\package_11.xml
whxdata\package_12.xml
whxdata\package_13.xml
whxdata\package_14.xml
whxdata\package_15.xml
whxdata\package_16.xml
whxdata\package_17.xml
whxdata\package_18.xml
whxdata\package_19.xml
whxdata\package_20.xml
whxdata\package_21.xml
whxdata\package_22.xml
whxdata\package_23.xml
whxdata\package_24.xml
whxdata\package_25.xml
whxdata\package_26.xml
whxdata\package_27.xml
whxdata\package_28.xml
whxdata\package_29.xml
whxdata\package_30.xml
whxdata\package_31.xml
whxdata\package_32.xml
whxdata\package_33.xml
whxdata\package_34.xml
whxdata\package_35.xml
whxdata\package_36.xml
whxdata\package_37.xml
whxdata\package_38.xml
whxdata\package_39.xml
whxdata\package_40.xml
whxdata\package_41.xml
whxdata\package_42.xml
whxdata\package_43.xml
whxdata\package_44.xml
whxdata\package_45.xml
whxdata\package_46.xml
whxdata\package_47.xml
whxdata\package_48.xml
whxdata\package_49.xml
whxdata\package_50.xml
whxdata\package_51.xml
whxdata\package_52.xml
whxdata\package_53.xml
whxdata\package_54.xml
whxdata\package_55.xml
whxdata\package_56.xml
whxdata\package_57.xml
whxdata\package_58.xml
whxdata\package_59.xml
whxdata\package_60.xml
whxdata\package_61.xml
whxdata\package_62.xml
whxdata\package_63.xml
whxdata\package_64.xml
whxdata\package_65.xml
whxdata\package_66.xml
whxdata\package_67.xml
whxdata\package_68.xml
whxdata\package_69.xml
whxdata\package_70.xml
whxdata\package_71.xml
whxdata\package_72.xml
whxdata\package_73.xml
whxdata\package_74.xml
whxdata\package_75.xml
whxdata\package_76.xml
whxdata\package_77.xml
whxdata\package_78.xml
whxdata\package_79.xml
whxdata\package_80.xml
whxdata\package_81.xml
whxdata\package_82.xml
whxdata\package_83.xml
whxdata\package_84.xml
whxdata\package_85.xml
whxdata\package_86.xml
whxdata\package_87.xml
whxdata\package_88.xml
whxdata\package_89.xml
whxdata\package_90.xml
whxdata\package_91.xml
whxdata\package_92.xml
whxdata\package_93.xml
whxdata\package_94.xml
whxdata\package_95.xml
whxdata\package_96.xml
whxdata\package_97.xml
whxdata\package_98.xml
whxdata\package_99.xml
whxdata\package_100.xml
whxdata\package_101.xml
whxdata\package_102.xml
whxdata\package_103.xml
whxdata\package_104.xml
whxdata\package_105.xml
whxdata\package_106.xml
whxdata\package_107.xml
whxdata\package_108.xml
whxdata\package_109.xml
whxdata\package_110.xml
whxdata\package_111.xml
whxdata\package_112.xml
whxdata\package_113.xml
whxdata\package_114.xml
whxdata\package_115.xml
whxdata\package_116.xml
whxdata\package_117.xml
whxdata\package_118.xml
whxdata\package_119.xml
whxdata\package_120.xml
whxdata\package_121.xml
whxdata\package_122.xml
whxdata\package_123.xml
whxdata\package_124.xml
whxdata\package_125.xml
whxdata\package_126.xml
whxdata\package_127.xml
whxdata\package_128.xml
whxdata\package_129.xml
whxdata\package_130.xml
whxdata\package_131.xml
whxdata\package_132.xml
whxdata\package_133.xml
whxdata\package_134.xml
whxdata\package_135.xml
whxdata\package_136.xml
whxdata\package_137.xml
whxdata\package_138.xml
whxdata\package_139.xml
whxdata\package_140.xml
whxdata\package_141.xml
whxdata\package_142.xml
whxdata\package_143.xml
whxdata\package_144.xml
whxdata\package_145.xml
whxdata\package_146.xml
whxdata\package_147.xml
whxdata\package_148.xml
whxdata\package_149.xml
whxdata\package_150.xml
whxdata\package_151.xml
whxdata\package_152.xml
whxdata\package_153.xml
whxdata\package_154.xml
whxdata\package_155.xml
whxdata\package_156.xml
whxdata\package_157.xml
whxdata\package_158.xml
whxdata\package_159.xml
whxdata\package_160.xml
whxdata\package_161.xml
whxdata\package_162.xml
whxdata\package_163.xml
whxdata\package_164.xml
whxdata\package_165.xml
whxdata\package_166.xml
whxdata\package_167.xml
whxdata\package_168.xml
whxdata\package_169.xml
whxdata\package_170.xml
whxdata\package_171.xml
whxdata\package_172.xml
whxdata\package_173.xml
whxdata\package_174.xml
whxdata\package_175.xml
whxdata\package_176.xml
whxdata\package_177.xml
whxdata\package_178.xml
whxdata\package_179.xml
whxdata\package_180.xml
whxdata\package_181.xml
whxdata\package_182.xml
whxdata\package_183.xml
whxdata\package_184.xml
whxdata\packageindex.xml
whxdata\synonym.xml
whxdata\topictable_0.xml
whxdata\topictable_1.xml
whxdata\topictable_2.xml
whxdata\topictable_3.xml
whxdata\topictableindex.xml
whxdata\whfts.xml
whxdata\whtdata0.xml
whxdata\whtdata1.xml
whxdata\whtdata2.xml
whxdata\whtdata3.xml
whxdata\whtdata4.xml
whxdata\whtdata5.xml
whxdata\whtdata6.xml
whxdata\whtdata7.xml
whxdata\whidata0.xml
whxdata\whidata1.xml
whxdata\whidata2.xml
whxdata\whidata3.xml
whdata\whtdata0.htm
whdata\whtdata1.htm
whdata\whtdata2.htm
whdata\whtdata3.htm
whdata\whtdata4.htm
whdata\whtdata5.htm
whdata\whtdata6.htm
whdata\whtdata7.htm
whdata\whidata0.htm
whdata\whidata1.htm
whdata\whidata2.htm
whdata\whidata3.htm
whgdata\whlstt0.htm
whgdata\whlstt1.htm
whgdata\whlstt2.htm
whgdata\whlstt3.htm
whgdata\whlstt4.htm
whgdata\whlstt5.htm
whgdata\whlstt6.htm
whgdata\whlstt7.htm
whgdata\whlstt8.htm
whgdata\whlstt9.htm
whgdata\whlstt10.htm
whgdata\whlstt11.htm
whgdata\whlstt12.htm
whgdata\whlstt13.htm
whgdata\whlstt14.htm
whgdata\whlstt15.htm
whgdata\whlstt16.htm
whgdata\whlstt17.htm
whgdata\whlstt18.htm
whgdata\whlstt19.htm
whgdata\whlstt20.htm
whgdata\whlstt21.htm
whgdata\whlstt22.htm
whgdata\whlstt23.htm
whgdata\whlstt24.htm
whgdata\whlstt25.htm
whgdata\whlsti0.htm
whgdata\whlsti1.htm
whgdata\whlstfl0.htm
whgdata\whlstfl1.htm
whgdata\whlstfl2.htm
whgdata\whlstfl3.htm
whgdata\whlstfl4.htm
whgdata\whlstfl5.htm
whgdata\whlstfl6.htm
whgdata\whlstfl7.htm
whgdata\whlstfl8.htm
whgdata\whlstfl9.htm
whgdata\whlstfl10.htm
whgdata\whlstfl11.htm
whgdata\whlstfl12.htm
whgdata\whlstfl13.htm
whgdata\whlstfl14.htm
whgdata\whlstfl15.htm
whgdata\whlstfl16.htm
whgdata\whlstfl17.htm
whgdata\whlstfl18.htm
whgdata\whlstfl19.htm
whgdata\whlstfl20.htm
whgdata\whlstfl21.htm
whgdata\whlstfl22.htm
whgdata\whlstfl23.htm
whgdata\whlstfl24.htm
whgdata\whlstfl25.htm
whgdata\whlstf0.htm
whgdata\whlstf1.htm
whgdata\whlstf2.htm
whgdata\whlstf3.htm
whgdata\whlstf4.htm
whgdata\whlstf5.htm
whgdata\whlstf6.htm
whgdata\whlstf7.htm
whgdata\whlstf8.htm
whgdata\whlstf9.htm
whgdata\whlstf10.htm
whgdata\whlstf11.htm
whgdata\whlstf12.htm
whgdata\whlstf13.htm
whgdata\whlstf14.htm
whgdata\whlstf15.htm
whgdata\whlstf16.htm
whgdata\whlstf17.htm
whgdata\whlstf18.htm
whgdata\whlstf19.htm
whgdata\whlstf20.htm
whgdata\whlstf21.htm
whgdata\whlstf22.htm
whgdata\whlstf23.htm
whgdata\whlstf24.htm
whgdata\whlstf25.htm
whgdata\whlstf26.htm
whgdata\whlstf27.htm
whgdata\whlstf28.htm
whgdata\whlstf29.htm
whgdata\whlstf30.htm
whgdata\whlstf31.htm
whgdata\whlstf32.htm
whgdata\whlstf33.htm
whgdata\whlstf34.htm
whgdata\whlstf35.htm
whgdata\whlstf36.htm
whgdata\whlstf37.htm
whgdata\whlstf38.htm
whgdata\whlstf39.htm
whgdata\whlstf40.htm
whgdata\whlstf41.htm
whgdata\whlstf42.htm
whgdata\whlstf43.htm
whgdata\whlstf44.htm
whgdata\whlstf45.htm
whgdata\whlstf46.htm
whgdata\whlstf47.htm
whgdata\whlstf48.htm
whgdata\whlstf49.htm
whgdata\whlstf50.htm
whgdata\whlstf51.htm
whgdata\whlstf52.htm
whgdata\whlstf53.htm
whgdata\whlstf54.htm
whgdata\whlstf55.htm
whgdata\whlstf56.htm
whgdata\whlstf57.htm
whgdata\whlstf58.htm
whgdata\whlstf59.htm
whgdata\whlstf60.htm
whgdata\whlstf61.htm
whgdata\whlstf62.htm
whgdata\whlstf63.htm
whgdata\whlstf64.htm
whgdata\whlstf65.htm
whgdata\whlstf66.htm
whgdata\whlstf67.htm
whgdata\whlstf68.htm
whgdata\whlstf69.htm
whgdata\whlstf70.htm
whgdata\whlstf71.htm
whgdata\whlstf72.htm
whgdata\whlstf73.htm
whgdata\whlstf74.htm
whgdata\whlstf75.htm
whgdata\whlstf76.htm
whgdata\whlstf77.htm
whgdata\whlstf78.htm
whgdata\whlstf79.htm
whgdata\whlstf80.htm
whgdata\whlstf81.htm
whgdata\whlstf82.htm
whgdata\whlstf83.htm
whgdata\whlstf84.htm
whgdata\whlstf85.htm
whgdata\whlstf86.htm
whgdata\whlstf87.htm
whgdata\whlstf88.htm
whgdata\whlstf89.htm
whgdata\whlstf90.htm
whgdata\whlstf91.htm
whgdata\whlstf92.htm
whgdata\whlstf93.htm
whgdata\whlstf94.htm
whgdata\whlstf95.htm
whgdata\whlstf96.htm
whgdata\whlstf97.htm
whgdata\whlstf98.htm
whgdata\whlstf99.htm
whgdata\whlstf100.htm
whgdata\whlstf101.htm
whgdata\whlstf102.htm
whgdata\whlstf103.htm
whgdata\whlstf104.htm
whgdata\whlstf105.htm
whgdata\whlstf106.htm
whgdata\whlstf107.htm
whgdata\whlstf108.htm
whgdata\whlstf109.htm
whgdata\whlstf110.htm
whgdata\whlstf111.htm
whgdata\whlstf112.htm
whgdata\whlstf113.htm
whgdata\whlstf114.htm
whgdata\whlstf115.htm
whgdata\whlstf116.htm
whgdata\whlstf117.htm
whgdata\whlstf118.htm
whgdata\whlstf119.htm
whgdata\whlstf120.htm
whgdata\whlstf121.htm
whgdata\whlstf122.htm
whgdata\whlstf123.htm
whgdata\whlstf124.htm
whgdata\whlstf125.htm
whgdata\whlstf126.htm
whgdata\whlstf127.htm
whgdata\whlstf128.htm
whgdata\whlstf129.htm
whgdata\whlstf130.htm
whgdata\whlstf131.htm
whgdata\whlstf132.htm
whgdata\whlstf133.htm
whgdata\whlstf134.htm
whgdata\whlstf135.htm
whgdata\whlstf136.htm
whgdata\whlstf137.htm
whgdata\whlstf138.htm
whgdata\whlstf139.htm
whgdata\whlstf140.htm
whgdata\whlstf141.htm
whgdata\whlstf142.htm
whgdata\whlstf143.htm
whgdata\whlstf144.htm
whgdata\whlstf145.htm
whgdata\whlstf146.htm
whgdata\whlstf147.htm
whgdata\whlstf148.htm
whgdata\whlstf149.htm
whgdata\whlstf150.htm
whgdata\whlstg0.htm
Zimbra_User_Help.htm
Zimbra_User_Help_csh.htm
Zimbra_User_Help_rhc.htm
