|SourceProjectName:Zimbra Mail Help.hpr
|DestinationProjectName:Zimbra_Mail_Help.htm
whhost.js
whmsg.js
whmozemu.js
whproxy.js
whstub.js
whutils.js
whver.js
whform.js
whphost.js
whstart.js
whtopic.js
whframes.js
whlang.js
whskin_info.htm
whskin_blank.htm
whskin_pickup.htm
whskin_homepage.htm
whskin_tw.htm
whnjs.htm
whthost.js
whtdhtml.htm
whihost.js
whibody.htm
whiform.htm
whfhost.js
whfbody.htm
whfform.htm
whghost.js
whgbody.htm
whgdhtml.htm
whgdef.htm
whproj.js
whproj.xml
whproj.htm
whxdata\whtoc.xml
whxdata\whidx.xml
whxdata\whglo.xml
whdata\whtoc.js
whdata\whtoc.htm
whdata\whtdata.js
whdata\whidx.js
whdata\whidx.htm
whdata\whidata.js
whdata\whglo.js
whdata\whglo.htm
whdata\whgdata.js
resource\resource.xml
whbrs.xml
whres.xml
whgdata\whnvp30.htm
whgdata\whnvp31.htm
whgdata\whnvp32.htm
whgdata\whnvp33.htm
whgdata\whnvt30.htm
whgdata\whnvt31.htm
whgdata\whnvt32.htm
whgdata\whnvt33.htm
whgdata\whnvf30.htm
whgdata\whnvf31.htm
whgdata\whnvf32.htm
whgdata\whnvf33.htm
whgdata\whnvl31.htm
whgdata\whnvl32.htm
whgdata\whnvl33.htm
whgdata\whexpbar.gif
cshdat_webhelp.htm
whcsh_home.htm
whcshdata.htm
cshdat_robohelp.htm
wht_tab0.gif
wht_tab1.gif
wht_tab2.gif
wht_tab3.gif
wht_tab4.gif
wht_tab5.gif
wht_tab6.gif
wht_tab7.gif
wht_tab8.gif
wht_glo_h.gif
wht_glo_n.gif
wht_fts_h.gif
wht_fts_n.gif
wht_idx_h.gif
wht_idx_n.gif
wht_toc_h.gif
wht_toc_n.gif
wht_ws.gif
wht_ws_g.gif
wht_logo1.gif
wht_logo2.gif
wht_abgw.jpg
wht_abgi.jpg
wht_abge.jpg
wht_abtw.jpg
wht_abte.jpg
wht_abti.jpg
wht_spac.gif
wht_next.gif
wht_next_g.gif
wht_prev.gif
wht_prev_g.gif
wht_sync.gif
wht_hide.gif
wht_go.gif
whstart.ico
whestart.ico
whrstart.ico
whidhtml.htm
whfdhtml.htm
whskin_banner.htm
whtbar.js
nor_back_I.gif
nor_con_act.gif
nor_con_deact.gif
nor_ind_act.gif
nor_ind_deact.gif
nor_sea_act.gif
nor_sea_deact.gif
nor_glo_act.gif
nor_glo_deact.gif
nor_go.gif
zimbra_desktop_icons_32x32.png
zimbra_desktop.gif
zimbra_logo_desktop.png
nor_prev_out.gif
nor_prev_on.gif
nor_forw_out.gif
nor_forw_on.gif
nor_sync.gif
nor_hide.gif
nor_www.gif
nor_folder_cl.gif
nor_folder_op.gif
nor_topic.gif
nor_back_II.gif
whskin_pdhtml.htm
whskin_plist.htm
whskin_tbars.htm
whskin_mbars.htm
whskin_frmset010.htm
whst_topics.xml
whskin_frmset01.htm
Zimbra_Mail_Help_hha.hhk
Zimbra_Mail_Help.hhc
Zimbra_Mail_Help.hhk
Briefcase\Version_Control_of_Files_in_Briefcase.htm
Briefcase\Working_in_Briefcase.htm
Calendar\About_Appointments,_Meetings_and_Events.htm
Calendar\Adding_background_color_to_calendars.htm
Calendar\Calendar_Views.htm
Calendar\Creating_recurring_appointments.htm
Calendar\Deleting_Calendars.htm
Calendar\Deleting_recurring_appointments.htm
Calendar\Exporting_your_iCal_calendar.htm
Calendar\Importing_your_iCal_calendar.htm
Calendar\Marking_an_appointment_as_private.htm
Calendar\Printing_a_calendar.htm
Calendar\Replying_from_an_appointment_on_my_calendar.htm
Calendar\Responding_to_an_invitation.htm
Calendar\Scheduling_meetings.htm
Calendar\Seeing_free_busy_times.htm
Calendar\Turning_a_message_into_a_meeting_request.htm
Calendar\Using_QuickAdd_to_Create_an_Appointment.htm
Calendar\Using_the_Schedule_tab_when_creating_a_appointment.htm
Calendar\Viewing_Calendar_Week_Numbers.htm
Calendar\z-Using_Calendars.htm
Contacts\creating_a_new_contact.htm
Contacts\Creating_Group_Contact_Lists.htm
Contacts\deleting_a_contact.htm
Contacts\editing_a_contact.htm
Contacts\Exporting_Address_Books.htm
Contacts\Forwarding_Contact_Information.htm
Contacts\gal_vs_contacts.htm
Contacts\Importing_Contacts.htm
Contacts\Printing_Contacts.htm
conversations\conversation_list_view.htm
conversations\conversations_can_span_folders.htm
conversations\printing_a_conversation.htm
Creating_Messages\attaching_files_to_a_mail_message.htm
Creating_Messages\Attachment_File_Types_Supported.htm
Creating_Messages\Composing_a_new_mail_message.htm
Creating_Messages\Creating_a_new_mail_message.htm
Creating_Messages\forwarding_a_mail_message.htm
Creating_Messages\parts_of_an_email_message.htm
Creating_Messages\Requesting_a_Return_Receipt.htm
Creating_Messages\saving_a_draft_message.htm
Creating_Messages\Schedule_Emails_for_Future_Delivery.htm
Creating_Messages\undeliverable_mail.htm
Creating_Messages\Using_address_lookup.htm
Creating_Messages\using_cc__and_bcc__addresses.htm
Creating_Messages\Using_HTML_Editor.htm
Delegated_mailboxes\Accepting_access_to_the_shared_mailbox_folder.htm
Delegated_mailboxes\Revoking_a_access_to_a_shared_folder.htm
Delegated_mailboxes\Working_within_a_shared_mail_folder.htm
Documents\Adding_a_table_to_a_Wiki_Notebook_Page.htm
Documents\Create_a_new_page.htm
Documents\Using_the_rich_text_editor.htm
filters\filter_conditions_and_actions_supported.htm
filters\filtering_your_messages.htm
filters\how_filtering_works.htm
filters\wildcards.htm
Getting_Started\user_interface_features_and_shortcuts.htm
Getting_Started\Z-Keyboard_shortcut_keys.htm
Getting_Started\Zimbra_User_Help.htm
managing_your_account\Backing_up_the_Content_of_Your_Account.htm
managing_your_account\Making_Zimbra_Desktop_Default_Mail_Client.htm
Navigation_folders_and_tips\applying_actions_to_multiple_selections.htm
Navigation_folders_and_tips\b_Subscribe_to_RSS_Atom_feeds.htm
Navigation_folders_and_tips\categorizing_your_mail_messages.htm
Navigation_folders_and_tips\creating_custom_folders.htm
Navigation_folders_and_tips\Customize_your_view.htm
Navigation_folders_and_tips\deleting_folders.htm
Navigation_folders_and_tips\inbox_folder.htm
Navigation_folders_and_tips\Keyboard_Shortcut_Keys.htm
Navigation_folders_and_tips\moving_mail_messages_between_folders.htm
Navigation_folders_and_tips\renaming_folders.htm
Navigation_folders_and_tips\right-click_menus.htm
Navigation_folders_and_tips\Traditional_View.htm
Navigation_folders_and_tips\z-Accessing_your_folders.htm
Navigation_folders_and_tips\z-Navigating_Zimbra_Desktop.htm
reading_mail\archiving_old_messages.htm
reading_mail\how_to_tell_when_you_ve_got_new_mail.htm
reading_mail\marking_mail_as_unread.htm
reading_mail\opening_file_attachments.htm
reading_mail\printing_a_mail_message.htm
reading_mail\reading_mail.htm
reading_mail\Reading_Mail_from_the_Reading_Pane.htm
reading_mail\recovering_deleted_mail_messages.htm
reading_mail\replying_to_mail_messages.htm
Search\_search__vs.__search_for_.htm
Search\and_vs_or_searches.htm
Search\building_search_queries.htm
Search\contains_vs_matches.htm
Search\query_language_description.htm
Search\Quick_search.htm
Search\saving_search_queries.htm
Search\search_examples.htm
Search\Searching_for_Recipients_.htm
Search\using_the_search_feature.htm
Search\Using_Wildcard_in_Search.htm
Sharing\Managing_items_you_share.htm
Sharing\z_Working_with_shared_mail_folders.htm
Tags_and_flags\Assigning_tags_to_messages.htm
Tags_and_flags\deleting_tags.htm
Tags_and_flags\Flagging_an_email_message.htm
Tags_and_flags\Using_tags_to_classify_mail_messages.htm
Tasks\About_Tasks.htm
Tasks\Add_a_task.htm
Tasks\Change_a_task.htm
Tasks\Create_tasks_folders.htm
Tasks\Delete_a_task.htm
Tasks\Moving_tasks.htm
Tasks\Sorting_tasks_.htm
Userspecific\Changing_your_default_timezone.htm
Userspecific\Mail_Identities.htm
Userspecific\New_mail_notifications.htm
Userspecific\Setting_a_Forwarding_Address.htm
Userspecific\Setting_up_desktop_alerts.htm
Userspecific\using_a_signature.htm
Userspecific\vacation_message.htm
Userspecific\z-Setting_your_Desktop_Preferences.htm
version.htm
Zdesktop\Archiving_your_email_messages.htm
Zdesktop\Overview_of_Zimbra_Desktop_Features.htm
Zdesktop\Synchronize_your_account_to_Zimbra_Desktop.htm
Zdesktop\Turning_Off_Automatic_Sync.htm
Zdesktop\z-Changing_account_order_on_Desktop.htm
Zdesktop\z-Deleting_an_account_from_Desktop.htm
Zdesktop\z-Setting_up_POP_IMAP_accounts.htm
Zdesktop\z-Setting_up_Yahoo!_Mail_Plus,_Gmail,_AOL_account_setup.htm
Zdesktop\Z-Setting_up_your_Zimbra_Web_Client_account.htm
Zdesktop\z-Working_Offline.htm
Zdesktop\z_Setting_Desktop_behavior_for_getting_mail.htm
Zdesktop\zd_Sharing_Folders_steps_.htm
Zdesktop\zd_Sharing_Your_Zimbra_Folders.htm
Zdesktop\zd_working_in_a_shared_folder.htm
Zimlets\About_Zimlets.htm
Zimlets\Managing_your_Zimlets.htm
RoboHHRE.lng
Zimbra_Mail_Help.glo
default.css
defaulticonmove.png
attachment.gif
message_count.png
zimbra_desktop_icons_32x32_nc.png
ZD_toaster.png
rss.png
newfolder.png
groupcontasticon.png
para_styles.png
draganddrop.png
zimbra_logo_desktop_nc.png
disconnect.png
no_green.png
briefcasetoolbar.png
ZD_downarrowmenu.png
allmailboxview.png
CalendarWeek.png
ZD_tool_tips.png
searchbutton75.png
plusbutton.gif
tag-list.gif
AB_print.png
red_notonline.png
ZD_Main_page.png
tables.png
searchbar.gif
forward.gif
tag-purple.gif
localfolders.png
Tasks_content_pane.png
print.gif
AB_plussign.png
conversation_view80.png
documenttoolbar.png
privatelock.png
link.png
image.png
trash.png
dndview.png
archivesync_off.png
newandarrow.gif
searchsavebutton.gif
AB_dropdownarrow.png
mailnotificationtab.png
tradtional_view.png
calendarmultimgtview.gif
newwitharrow.gif
schedular.png
paperclip.png
movable_sash.png
viewlist.png
add_attachment_75.png
table.png
basic_search.gif
image19.jpg
mailicons.png
mailicon.png
ehlpdhtm.js
Zimbra_Mail_Help.ppf
whxdata\package_0.xml
whxdata\package_1.xml
whxdata\package_2.xml
whxdata\package_3.xml
whxdata\package_4.xml
whxdata\package_5.xml
whxdata\package_6.xml
whxdata\package_7.xml
whxdata\package_8.xml
whxdata\package_9.xml
whxdata\package_10.xml
whxdata\package_11.xml
whxdata\package_12.xml
whxdata\package_13.xml
whxdata\package_14.xml
whxdata\package_15.xml
whxdata\package_16.xml
whxdata\package_17.xml
whxdata\package_18.xml
whxdata\package_19.xml
whxdata\package_20.xml
whxdata\package_21.xml
whxdata\package_22.xml
whxdata\package_23.xml
whxdata\package_24.xml
whxdata\package_25.xml
whxdata\package_26.xml
whxdata\package_27.xml
whxdata\package_28.xml
whxdata\package_29.xml
whxdata\package_30.xml
whxdata\package_31.xml
whxdata\package_32.xml
whxdata\package_33.xml
whxdata\package_34.xml
whxdata\package_35.xml
whxdata\package_36.xml
whxdata\package_37.xml
whxdata\package_38.xml
whxdata\package_39.xml
whxdata\package_40.xml
whxdata\package_41.xml
whxdata\package_42.xml
whxdata\package_43.xml
whxdata\package_44.xml
whxdata\package_45.xml
whxdata\package_46.xml
whxdata\package_47.xml
whxdata\package_48.xml
whxdata\package_49.xml
whxdata\package_50.xml
whxdata\package_51.xml
whxdata\package_52.xml
whxdata\package_53.xml
whxdata\package_54.xml
whxdata\package_55.xml
whxdata\package_56.xml
whxdata\package_57.xml
whxdata\package_58.xml
whxdata\package_59.xml
whxdata\package_60.xml
whxdata\package_61.xml
whxdata\package_62.xml
whxdata\packageindex.xml
whxdata\synonym.xml
whxdata\topictable_0.xml
whxdata\topictable_1.xml
whxdata\topictableindex.xml
whxdata\whfts.xml
whxdata\whtdata0.xml
whdata\whtdata0.htm
whgdata\whlstt0.htm
whgdata\whlstt1.htm
whgdata\whlstt2.htm
whgdata\whlstt3.htm
whgdata\whlstt4.htm
whgdata\whlstt5.htm
whgdata\whlstt6.htm
whgdata\whlstt7.htm
whgdata\whlstt8.htm
whgdata\whlstt9.htm
whgdata\whlstt10.htm
whgdata\whlstt11.htm
whgdata\whlstt12.htm
whgdata\whlstt13.htm
whgdata\whlstt14.htm
whgdata\whlstt15.htm
whgdata\whlstt16.htm
whgdata\whlstt17.htm
whgdata\whlsti0.htm
whgdata\whlstfl0.htm
whgdata\whlstfl1.htm
whgdata\whlstfl2.htm
whgdata\whlstfl3.htm
whgdata\whlstfl4.htm
whgdata\whlstfl5.htm
whgdata\whlstfl6.htm
whgdata\whlstfl7.htm
whgdata\whlstfl8.htm
whgdata\whlstfl9.htm
whgdata\whlstfl10.htm
whgdata\whlstfl11.htm
whgdata\whlstfl12.htm
whgdata\whlstfl13.htm
whgdata\whlstfl14.htm
whgdata\whlstfl15.htm
whgdata\whlstfl16.htm
whgdata\whlstfl17.htm
whgdata\whlstfl18.htm
whgdata\whlstfl19.htm
whgdata\whlstfl20.htm
whgdata\whlstfl21.htm
whgdata\whlstfl22.htm
whgdata\whlstfl23.htm
whgdata\whlstfl24.htm
whgdata\whlstfl25.htm
whgdata\whlstf0.htm
whgdata\whlstf1.htm
whgdata\whlstf2.htm
whgdata\whlstf3.htm
whgdata\whlstf4.htm
whgdata\whlstf5.htm
whgdata\whlstf6.htm
whgdata\whlstf7.htm
whgdata\whlstf8.htm
whgdata\whlstf9.htm
whgdata\whlstf10.htm
whgdata\whlstf11.htm
whgdata\whlstf12.htm
whgdata\whlstf13.htm
whgdata\whlstf14.htm
whgdata\whlstf15.htm
whgdata\whlstf16.htm
whgdata\whlstf17.htm
whgdata\whlstf18.htm
whgdata\whlstf19.htm
whgdata\whlstf20.htm
whgdata\whlstf21.htm
whgdata\whlstf22.htm
whgdata\whlstf23.htm
whgdata\whlstf24.htm
whgdata\whlstf25.htm
whgdata\whlstf26.htm
whgdata\whlstf27.htm
whgdata\whlstf28.htm
whgdata\whlstf29.htm
whgdata\whlstf30.htm
whgdata\whlstf31.htm
whgdata\whlstf32.htm
whgdata\whlstf33.htm
whgdata\whlstf34.htm
whgdata\whlstf35.htm
whgdata\whlstf36.htm
whgdata\whlstf37.htm
whgdata\whlstf38.htm
whgdata\whlstf39.htm
whgdata\whlstf40.htm
whgdata\whlstf41.htm
whgdata\whlstf42.htm
whgdata\whlstf43.htm
whgdata\whlstf44.htm
whgdata\whlstf45.htm
whgdata\whlstf46.htm
whgdata\whlstf47.htm
whgdata\whlstf48.htm
whgdata\whlstf49.htm
whgdata\whlstf50.htm
whgdata\whlstf51.htm
whgdata\whlstf52.htm
whgdata\whlstf53.htm
whgdata\whlstf54.htm
whgdata\whlstf55.htm
whgdata\whlstf56.htm
whgdata\whlstf57.htm
whgdata\whlstf58.htm
whgdata\whlstf59.htm
whgdata\whlstf60.htm
whgdata\whlstf61.htm
whgdata\whlstf62.htm
whgdata\whlstf63.htm
whgdata\whlstf64.htm
whgdata\whlstf65.htm
whgdata\whlstf66.htm
whgdata\whlstf67.htm
whgdata\whlstf68.htm
whgdata\whlstf69.htm
whgdata\whlstf70.htm
whgdata\whlstf71.htm
whgdata\whlstf72.htm
whgdata\whlstf73.htm
whgdata\whlstf74.htm
whgdata\whlstf75.htm
whgdata\whlstf76.htm
whgdata\whlstg0.htm
Zimbra_Mail_Help.htm
Zimbra_Mail_Help_csh.htm
Zimbra_Mail_Help_rhc.htm
