|SourceProjectName:Zimbra Mail Help.hpr
|DestinationProjectName:Zimbra_User_Help.htm
whhost.js
whmsg.js
whmozemu.js
whproxy.js
whstub.js
whutils.js
whver.js
whform.js
whphost.js
whstart.js
whtopic.js
whframes.js
whlang.js
whskin_info.htm
whskin_blank.htm
whskin_pickup.htm
whskin_homepage.htm
whskin_tw.htm
whnjs.htm
whthost.js
whtdhtml.htm
whihost.js
whibody.htm
whiform.htm
whfhost.js
whfbody.htm
whfform.htm
whghost.js
whgbody.htm
whgdhtml.htm
whgdef.htm
whproj.js
whproj.xml
whproj.htm
whxdata\whtoc.xml
whxdata\whidx.xml
whxdata\whglo.xml
whdata\whtoc.js
whdata\whtoc.htm
whdata\whtdata.js
whdata\whidx.js
whdata\whidx.htm
whdata\whidata.js
whdata\whglo.js
whdata\whglo.htm
whdata\whgdata.js
resource\resource.xml
whbrs.xml
whres.xml
whgdata\whnvp30.htm
whgdata\whnvp31.htm
whgdata\whnvp32.htm
whgdata\whnvp33.htm
whgdata\whnvt30.htm
whgdata\whnvt31.htm
whgdata\whnvt32.htm
whgdata\whnvt33.htm
whgdata\whnvf30.htm
whgdata\whnvf31.htm
whgdata\whnvf32.htm
whgdata\whnvf33.htm
whgdata\whnvl31.htm
whgdata\whnvl32.htm
whgdata\whnvl33.htm
whgdata\whexpbar.gif
cshdat_webhelp.htm
whcsh_home.htm
whcshdata.htm
cshdat_robohelp.htm
wht_tab0.gif
wht_tab1.gif
wht_tab2.gif
wht_tab3.gif
wht_tab4.gif
wht_tab5.gif
wht_tab6.gif
wht_tab7.gif
wht_tab8.gif
wht_glo_h.gif
wht_glo_n.gif
wht_fts_h.gif
wht_fts_n.gif
wht_idx_h.gif
wht_idx_n.gif
wht_toc_h.gif
wht_toc_n.gif
wht_ws.gif
wht_ws_g.gif
wht_logo1.gif
wht_logo2.gif
wht_abgw.jpg
wht_abgi.jpg
wht_abge.jpg
wht_abtw.jpg
wht_abte.jpg
wht_abti.jpg
wht_spac.gif
wht_next.gif
wht_next_g.gif
wht_prev.gif
wht_prev_g.gif
wht_sync.gif
wht_hide.gif
wht_go.gif
whstart.ico
whestart.ico
whrstart.ico
whidhtml.htm
whfdhtml.htm
whskin_banner.htm
whtbar.js
chr_back.gif
chr_con_on.gif
chr_con_out.gif
chr_ind_on.gif
chr_ind_out.gif
chr_sea_on.gif
chr_sea_out.gif
chr_glo_on.gif
chr_glo_out.gif
chr_search.gif
zimbra_icon_small.gif
zimbra_bug_50x30.GIF
zimbra_watermark_small.GIF
chr_webpage.gif
chr_book_clo.gif
chr_book_op.gif
chr_page.gif
whskin_pdhtml.htm
whskin_plist.htm
whskin_tbars.htm
whskin_mbars.htm
whskin_frmset010.htm
whst_topics.xml
whskin_frmset01.htm
Zimbra_User_Help_hha.hhk
Zimbra_User_Help.hhc
Zimbra_User_Help.hhk
Calendar\About_the_Appointment_Page.htm
Calendar\Adding_background_color_to_calendars.htm
Calendar\b-Cleaning_up_your_Calendar.htm
Calendar\b_About_Calendar.htm
Calendar\b_Canceling_a_meeting.htm
Calendar\b_Create_New_Calendar.htm
Calendar\b_creating_recurring_appointments.htm
Calendar\b_Scheduling_a_meeting.htm
Calendar\Calendar_Views.htm
Calendar\Importing_iCalendars.htm
Calendar\Link_to_Shared_Calendar.htm
Contacts\b_Adding_new_contacts.htm
Contacts\b_Your_Address_Books.htm
Contacts\Exporting_a_Contact_List.htm
Contacts\Linking_to_a_Shared_Address_Book.htm
Contacts\Printing_contact_names.htm
Creating_Messages\Attachment_File_Types_Supported.htm
Creating_Messages\b_Attaching_files_to_your_message.htm
Creating_Messages\b_Composing_email_message.htm
Creating_Messages\Check_the_spelling.htm
Creating_Messages\forwarding_a_mail_message.htm
Creating_Messages\parts_of_an_email_message.htm
Creating_Messages\saving_a_draft_message.htm
Creating_Messages\undeliverable_mail.htm
Creating_Messages\Using_address_lookup.htm
Creating_Messages\Using_HTML_Editor.htm
filters\bc_Filtering_your_messages.htm
filters\filter_conditions_and_actions_supported.htm
Getting_Started\Zimbra_Basic_User_Help.htm
Navigation_folders_and_tips\b_How_to_navigate_with_Mail.htm
Navigation_folders_and_tips\b_Keyboard_Shortcut_keys.htm
Navigation_folders_and_tips\b_Managing_how_email_is_displayed.htm
Navigation_folders_and_tips\b_Navigating_around_your_mailbox.htm
Navigation_folders_and_tips\bc_Deleting_folders.htm
Navigation_folders_and_tips\categorizing_your_mail_messages.htm
Navigation_folders_and_tips\Changing_my_default_client_type_for_log_in.htm
Navigation_folders_and_tips\inbox_folder.htm
Navigation_folders_and_tips\renaming_folders.htm
Navigation_folders_and_tips\Subscribe_to_RSS_ATOM_feed_.htm
Navigation_folders_and_tips\trash_folder.htm
reading_mail\b_How_do_I_know_when_I_receive_new_messages.htm
reading_mail\b_Marking_mail_as_unread.htm
reading_mail\b_Printing_email_messages.htm
reading_mail\b_Purging_email_messages.htm
reading_mail\opening_file_attachments.htm
reading_mail\reading_mail.htm
reading_mail\recovering_deleted_mail_messages.htm
reading_mail\replying_to_mail_messages.htm
Search\b_Create_and_Save_a_Search_Query.htm
Search\b_Using_Search.htm
Search\query_language_description.htm
Tags_and_flags\b_Assigning_Tags_to_messages_and_contacts.htm
Tags_and_flags\b_Flagging_an_email_message.htm
Tasks\bc_Create_task_lists.htm
Tasks\Change_a_task.htm
Tasks\Sorting_tasks_.htm
Userspecific\b_Automatically_adding_your_signature.htm
Userspecific\b_Setting_your_Options.htm
Userspecific\logging_on_and_off.htm
Userspecific\New_mail_notifications.htm
Userspecific\Setting_a_Forwarding_Address.htm
Userspecific\vacation_message.htm
version.htm
RoboHHRE.lng
Zimbra_User_Help.glo
default.css
basicsearchfolder.png
groupcontasticon.png
conversationview.png
newwindowbutton.png
75mailboxview.png
message_group75.png
spellcheckbasic.png
ABedit.png
add_recipients.png
mail.png
rd_blue_right.jpg
zimbra_logo_big.gif
calendarmultimgtview.gif
ehlpdhtm.js
Zimbra_User_Help.ppf
whxdata\package_0.xml
whxdata\package_1.xml
whxdata\package_2.xml
whxdata\package_3.xml
whxdata\package_4.xml
whxdata\package_5.xml
whxdata\package_6.xml
whxdata\package_7.xml
whxdata\package_8.xml
whxdata\package_9.xml
whxdata\package_10.xml
whxdata\packageindex.xml
whxdata\synonym.xml
whxdata\topictable_0.xml
whxdata\topictable_1.xml
whxdata\topictableindex.xml
whxdata\whfts.xml
whxdata\whtdata0.xml
whxdata\whidata0.xml
whdata\whtdata0.htm
whdata\whidata0.htm
whgdata\whlstt0.htm
whgdata\whlstt1.htm
whgdata\whlstt2.htm
whgdata\whlstt3.htm
whgdata\whlstt4.htm
whgdata\whlstt5.htm
whgdata\whlstt6.htm
whgdata\whlstt7.htm
whgdata\whlstt8.htm
whgdata\whlstt9.htm
whgdata\whlstt10.htm
whgdata\whlstt11.htm
whgdata\whlstt12.htm
whgdata\whlstt13.htm
whgdata\whlstt14.htm
whgdata\whlstt15.htm
whgdata\whlstt16.htm
whgdata\whlstt17.htm
whgdata\whlsti0.htm
whgdata\whlstfl0.htm
whgdata\whlstfl1.htm
whgdata\whlstfl2.htm
whgdata\whlstfl3.htm
whgdata\whlstfl4.htm
whgdata\whlstfl5.htm
whgdata\whlstfl6.htm
whgdata\whlstfl7.htm
whgdata\whlstfl8.htm
whgdata\whlstfl9.htm
whgdata\whlstfl10.htm
whgdata\whlstfl11.htm
whgdata\whlstfl12.htm
whgdata\whlstfl13.htm
whgdata\whlstfl14.htm
whgdata\whlstfl15.htm
whgdata\whlstfl16.htm
whgdata\whlstfl17.htm
whgdata\whlstfl18.htm
whgdata\whlstfl19.htm
whgdata\whlstfl20.htm
whgdata\whlstfl21.htm
whgdata\whlstfl22.htm
whgdata\whlstfl23.htm
whgdata\whlstfl24.htm
whgdata\whlstfl25.htm
whgdata\whlstf0.htm
whgdata\whlstf1.htm
whgdata\whlstf2.htm
whgdata\whlstf3.htm
whgdata\whlstf4.htm
whgdata\whlstf5.htm
whgdata\whlstf6.htm
whgdata\whlstf7.htm
whgdata\whlstf8.htm
whgdata\whlstf9.htm
whgdata\whlstf10.htm
whgdata\whlstf11.htm
whgdata\whlstf12.htm
whgdata\whlstf13.htm
whgdata\whlstg0.htm
Zimbra_User_Help.htm
Zimbra_User_Help_csh.htm
Zimbra_User_Help_rhc.htm
