|SourceProjectName:ZWC Help.hpr
|DestinationProjectName:zimbra_user_help.htm
whhost.js
whmsg.js
whmozemu.js
whproxy.js
whstub.js
whutils.js
whver.js
whform.js
whphost.js
whstart.js
whtopic.js
whframes.js
whlang.js
xmlreadhelper.js
whskin_info.htm
whskin_blank.htm
whskin_pickup.htm
whskin_homepage.htm
whskin_tw.htm
whnjs.htm
whthost.js
whtdhtml.htm
whihost.js
whibody.htm
whiform.htm
whfhost.js
whfbody.htm
whfform.htm
whghost.js
whgbody.htm
whgdhtml.htm
whgdef.htm
whproj.js
whproj.xml
whproj.htm
whxdata\whtoc.xml
whxdata\whidx.xml
whxdata\whglo.xml
whdata\whtoc.js
whdata\whtoc.htm
whdata\whtdata.js
whdata\whidx.js
whdata\whidx.htm
whdata\whidata.js
whdata\whglo.js
whdata\whglo.htm
whdata\whgdata.js
resource\resource.xml
whbrs.xml
whres.xml
whgdata\whnvp30.htm
whgdata\whnvp31.htm
whgdata\whnvp32.htm
whgdata\whnvp33.htm
whgdata\whnvt30.htm
whgdata\whnvt31.htm
whgdata\whnvt32.htm
whgdata\whnvt33.htm
whgdata\whnvf30.htm
whgdata\whnvf31.htm
whgdata\whnvf32.htm
whgdata\whnvf33.htm
whgdata\whnvl31.htm
whgdata\whnvl32.htm
whgdata\whnvl33.htm
whgdata\whexpbar.gif
cshdat_webhelp.htm
whcsh_home.htm
whcshdata.htm
cshdat_robohelp.htm
wht_tab0.gif
wht_tab1.gif
wht_tab2.gif
wht_tab3.gif
wht_tab4.gif
wht_tab5.gif
wht_tab6.gif
wht_tab7.gif
wht_tab8.gif
wht_glo_h.gif
wht_glo_n.gif
wht_fts_h.gif
wht_fts_n.gif
wht_idx_h.gif
wht_idx_n.gif
wht_toc_h.gif
wht_toc_n.gif
wht_ws.gif
wht_ws_g.gif
wht_logo1.gif
wht_logo2.gif
wht_abgw.jpg
wht_abgi.jpg
wht_abge.jpg
wht_abtw.jpg
wht_abte.jpg
wht_abti.jpg
wht_spac.gif
wht_next.gif
wht_next_g.gif
wht_prev.gif
wht_prev_g.gif
wht_sync.gif
wht_hide.gif
wht_go.gif
whstart.ico
whestart.ico
whrstart.ico
whidhtml.htm
whfdhtml.htm
whskin_banner.htm
whtbar.js
other_index.gif
go.gif
leftarrow.gif
r01.gif
rightarrow.gif
r02.gif
directional.gif
close.gif
urls.gif
book_closed.gif
bookopen.gif
navpane_page.gif
whskin_pdhtml.htm
whskin_plist.htm
whskin_tbars.htm
whskin_mbars.htm
whskin_frmset010.htm
whst_topics.xml
whskin_frmset01.htm
zimbra_user_help_hha.hhk
zimbra_user_help.hhc
zimbra_user_help.hhk
standard\adding_background_color_to_calendars.htm
standard\b_about_calendar.htm
standard\b_adding_new_contacts.htm
standard\b_assigning_tags_to_messages_and_contacts.htm
standard\b_attaching_files_to_your_message.htm
standard\b_automatically_adding_your_signature.htm
standard\b_canceling_a_meeting.htm
standard\b_cleaning_up_your_calendar.htm
standard\b_composing_email_message.htm
standard\b_create_and_save_a_search_query.htm
standard\b_create_new_calendar.htm
standard\b_creating_recurring_appointments.htm
standard\b_exporting_icalenders.htm
standard\b_filter_conditions.htm
standard\b_flagging_an_email_message.htm
standard\b_how_do_i_know_when_i_receive_new_messages.htm
standard\b_how_to_navigate_with_mail.htm
standard\b_importing_a_contact_list.htm
standard\b_keyboard_shortcut_keys.htm
standard\b_managing_how_email_is_displayed.htm
standard\b_marking_mail_as_unread.htm
standard\b_navigating_around_your_mailbox.htm
standard\b_printing_email_messages.htm
standard\b_purging_email_messages.htm
standard\b_scheduling_a_meeting.htm
standard\b_setting_your_options.htm
standard\b_using_address_books.htm
standard\b_using_search.htm
standard\b_working_in_briefcase.htm
standard\b_your_address_books.htm
standard\bc_deleting_folders.htm
standard\bc_filtering_your_messages.htm
standard\calendar_views.htm
standard\changing_a_task.htm
standard\exporting_a_contact_list.htm
standard\importing_icalendars.htm
standard\link_to_shared_address_books.htm
standard\linke_to_shared_calendars.htm
standard\printing_contact_names.htm
standard\recovering_deleted_mail_messages.htm
standard\search_issues_with_non-western_language_attachments.htm
standard\searching_for_messages_sent_to_or_from_the_sender.htm
standard\searching_for_messages_sent_to_or_received_from_a_contact_name.htm
standard\subscribing_to_rss_atom_feeds.htm
standard\using_the_trash_folder.htm
version.htm
zimbra_basic_user_help.htm
zwc_help_files\12_search\and_versus_or_searches.htm
zwc_help_files\12_search\non-western_language_attachments.htm
zwc_help_files\12_search\search_example.htm
zwc_help_files\12_search\search_syntax.htm
zwc_help_files\12_search\searching_using_key_words.htm
zwc_help_files\12_search\using_as_a_wildcard_in_search.htm
zwc_help_files\1_setting_up\change_your_default_time_zone.htm
zwc_help_files\1_setting_up\signing_in_and_signing_out.htm
zwc_help_files\1_setting_up\using_advanced_and_standard_clients.htm
zwc_help_files\2_manage_email\automatically_forwarding_messages_you_receive.htm
zwc_help_files\2_manage_email\customizing_your_mailbox_initial_view.htm
zwc_help_files\2_manage_email\displaying_messages_in_html_format_or_plain_text.htm
zwc_help_files\2_manage_email\managing_your_account_quota.htm
zwc_help_files\2_manage_email\managing_your_email.htm
zwc_help_files\2_manage_email\moving_email_messages.htm
zwc_help_files\2_manage_email\opening_attachments_to_an_email_message.htm
zwc_help_files\2_manage_email\reading_mail.htm
zwc_help_files\2_manage_email\removing_spam.htm
zwc_help_files\2_manage_email\setting_up_an_out_of_office_message.htm
zwc_help_files\2_manage_email\using_a_reading_pane.htm
zwc_help_files\3_compose\addressing_a_message.htm
zwc_help_files\3_compose\forwarding_email_messages.htm
zwc_help_files\3_compose\mark_the_priority_level_of_a_message.htm
zwc_help_files\3_compose\replying_to_email_messages.htm
zwc_help_files\3_compose\save_a_message_as_a_draft.htm
zwc_help_files\3_compose\set_preferences_for_email_replies.htm
zwc_help_files\3_compose\set_preferences_for_forwarded_email.htm
zwc_help_files\3_compose\using_html_to_compose_messages.htm
zwc_help_files\4_filters\filter_conditions.htm
zwc_help_files\9_tasks\using_task_lists.htm
zimbra_user_help.glo
zwc_8.css
zwc_help_files\searchhelptopics.css
newwindowbutton.png
zimbra_desktop_icons_32x32.png
calendarmultimgtview.gif
basicsearchfolder.png
groupcontasticon.png
standard\navigating_around_your_mailbox00001.jpg
zimbra_logo.png
mail.png
ehlpdhtm.js
searchoptions.xml
robohhre.lng
zimbra_user_help.ppf
whxdata\package_0.xml
whxdata\package_1.xml
whxdata\package_2.xml
whxdata\package_3.xml
whxdata\package_4.xml
whxdata\package_5.xml
whxdata\package_6.xml
whxdata\package_7.xml
whxdata\package_8.xml
whxdata\package_9.xml
whxdata\package_10.xml
whxdata\package_11.xml
whxdata\package_12.xml
whxdata\package_13.xml
whxdata\package_14.xml
whxdata\package_15.xml
whxdata\package_16.xml
whxdata\package_17.xml
whxdata\package_18.xml
whxdata\package_19.xml
whxdata\package_20.xml
whxdata\package_21.xml
whxdata\package_22.xml
whxdata\package_23.xml
whxdata\package_24.xml
whxdata\package_25.xml
whxdata\package_26.xml
whxdata\package_27.xml
whxdata\package_28.xml
whxdata\package_29.xml
whxdata\package_30.xml
whxdata\package_31.xml
whxdata\package_32.xml
whxdata\package_33.xml
whxdata\package_34.xml
whxdata\package_35.xml
whxdata\package_36.xml
whxdata\package_37.xml
whxdata\package_38.xml
whxdata\package_39.xml
whxdata\package_40.xml
whxdata\package_41.xml
whxdata\package_42.xml
whxdata\package_43.xml
whxdata\package_44.xml
whxdata\package_45.xml
whxdata\package_46.xml
whxdata\package_47.xml
whxdata\package_48.xml
whxdata\package_49.xml
whxdata\package_50.xml
whxdata\package_51.xml
whxdata\package_52.xml
whxdata\package_53.xml
whxdata\package_54.xml
whxdata\package_55.xml
whxdata\package_56.xml
whxdata\package_57.xml
whxdata\package_58.xml
whxdata\package_59.xml
whxdata\package_60.xml
whxdata\package_61.xml
whxdata\package_62.xml
whxdata\package_63.xml
whxdata\package_64.xml
whxdata\package_65.xml
whxdata\packageindex.xml
whxdata\synonym.xml
whxdata\topictable_0.xml
whxdata\topictable_1.xml
whxdata\topictableindex.xml
whxdata\whfts.xml
whxdata\whtdata0.xml
whxdata\whidata0.xml
whdata\whtdata0.htm
whdata\whidata0.htm
whgdata\whlstt0.htm
whgdata\whlstt1.htm
whgdata\whlstt2.htm
whgdata\whlstt3.htm
whgdata\whlstt4.htm
whgdata\whlstt5.htm
whgdata\whlstt6.htm
whgdata\whlstt7.htm
whgdata\whlstt8.htm
whgdata\whlstt9.htm
whgdata\whlstt10.htm
whgdata\whlstt11.htm
whgdata\whlstt12.htm
whgdata\whlstt13.htm
whgdata\whlstt14.htm
whgdata\whlstt15.htm
whgdata\whlsti0.htm
whgdata\whlstfl0.htm
whgdata\whlstfl1.htm
whgdata\whlstfl2.htm
whgdata\whlstfl3.htm
whgdata\whlstfl4.htm
whgdata\whlstfl5.htm
whgdata\whlstfl6.htm
whgdata\whlstfl7.htm
whgdata\whlstfl8.htm
whgdata\whlstfl9.htm
whgdata\whlstfl10.htm
whgdata\whlstfl11.htm
whgdata\whlstfl12.htm
whgdata\whlstfl13.htm
whgdata\whlstfl14.htm
whgdata\whlstfl15.htm
whgdata\whlstfl16.htm
whgdata\whlstfl17.htm
whgdata\whlstfl18.htm
whgdata\whlstfl19.htm
whgdata\whlstfl20.htm
whgdata\whlstfl21.htm
whgdata\whlstfl22.htm
whgdata\whlstfl23.htm
whgdata\whlstfl24.htm
whgdata\whlstf0.htm
whgdata\whlstf1.htm
whgdata\whlstf2.htm
whgdata\whlstf3.htm
whgdata\whlstf4.htm
whgdata\whlstf5.htm
whgdata\whlstf6.htm
whgdata\whlstf7.htm
whgdata\whlstf8.htm
whgdata\whlstf9.htm
whgdata\whlstf10.htm
whgdata\whlstf11.htm
whgdata\whlstf12.htm
whgdata\whlstf13.htm
whgdata\whlstf14.htm
whgdata\whlstf15.htm
whgdata\whlstf16.htm
whgdata\whlstf17.htm
whgdata\whlstf18.htm
whgdata\whlstf19.htm
whgdata\whlstf20.htm
whgdata\whlstf21.htm
whgdata\whlstf22.htm
whgdata\whlstf23.htm
whgdata\whlstf24.htm
whgdata\whlstf25.htm
whgdata\whlstf26.htm
whgdata\whlstf27.htm
whgdata\whlstf28.htm
whgdata\whlstf29.htm
whgdata\whlstf30.htm
whgdata\whlstf31.htm
whgdata\whlstf32.htm
whgdata\whlstf33.htm
whgdata\whlstf34.htm
whgdata\whlstf35.htm
whgdata\whlstf36.htm
whgdata\whlstf37.htm
whgdata\whlstf38.htm
whgdata\whlstf39.htm
whgdata\whlstf40.htm
whgdata\whlstf41.htm
whgdata\whlstf42.htm
whgdata\whlstf43.htm
whgdata\whlstf44.htm
whgdata\whlstf45.htm
whgdata\whlstf46.htm
whgdata\whlstf47.htm
whgdata\whlstf48.htm
whgdata\whlstf49.htm
whgdata\whlstf50.htm
whgdata\whlstf51.htm
whgdata\whlstf52.htm
whgdata\whlstf53.htm
whgdata\whlstf54.htm
whgdata\whlstf55.htm
whgdata\whlstf56.htm
whgdata\whlstf57.htm
whgdata\whlstf58.htm
whgdata\whlstf59.htm
whgdata\whlstf60.htm
whgdata\whlstf61.htm
whgdata\whlstf62.htm
whgdata\whlstf63.htm
whgdata\whlstf64.htm
whgdata\whlstf65.htm
whgdata\whlstf66.htm
whgdata\whlstf67.htm
whgdata\whlstf68.htm
whgdata\whlstf69.htm
whgdata\whlstf70.htm
whgdata\whlstf71.htm
whgdata\whlstf72.htm
whgdata\whlstf73.htm
whgdata\whlstf74.htm
whgdata\whlstg0.htm
zimbra_user_help.htm
zimbra_user_help_csh.htm
zimbra_user_help_rhc.htm
